CRITICAL - 2022-08-10 19:35:54 --> Call to a member function initialize() on null
#0 {main}
CRITICAL - 2022-08-10 19:47:34 --> Call to a member function initialize() on null
#0 {main}
CRITICAL - 2022-08-10 19:49:34 --> Call to a member function initialize() on null
#0 {main}
CRITICAL - 2022-08-10 19:58:25 --> Call to a member function initialize() on null
#0 {main}
CRITICAL - 2022-08-10 19:59:05 --> Call to a member function initialize() on null
#0 {main}
CRITICAL - 2022-08-10 19:59:24 --> Call to a member function initialize() on null
#0 {main}
CRITICAL - 2022-08-10 20:02:05 --> Call to a member function initialize() on null
#0 C:\xampp\htdocs\rmfs\vendor\codeigniter4\framework\system\Commands\Server\rewrite.php(45): require_once()
#1 {main}
CRITICAL - 2022-08-10 20:02:12 --> Call to a member function initialize() on null
#0 C:\xampp\htdocs\rmfs\vendor\codeigniter4\framework\system\Commands\Server\rewrite.php(45): require_once()
#1 {main}
CRITICAL - 2022-08-10 20:02:18 --> Call to a member function initialize() on null
#0 C:\xampp\htdocs\rmfs\vendor\codeigniter4\framework\system\Commands\Server\rewrite.php(45): require_once()
#1 {main}
CRITICAL - 2022-08-10 20:02:36 --> Call to a member function initialize() on null
#0 C:\xampp\htdocs\rmfs\vendor\codeigniter4\framework\system\Commands\Server\rewrite.php(45): require_once()
#1 {main}
CRITICAL - 2022-08-10 20:02:49 --> Call to a member function initialize() on null
#0 C:\xampp\htdocs\rmfs\vendor\codeigniter4\framework\system\Commands\Server\rewrite.php(45): require_once()
#1 {main}
CRITICAL - 2022-08-10 20:16:45 --> Call to a member function initialize() on null
#0 C:\xampp\htdocs\rmfs\vendor\codeigniter4\framework\system\Commands\Server\rewrite.php(45): require_once()
#1 {main}
CRITICAL - 2022-08-10 20:17:01 --> Call to a member function initialize() on null
#0 C:\xampp\htdocs\rmfs\vendor\codeigniter4\framework\system\Commands\Server\rewrite.php(45): require_once()
#1 {main}
CRITICAL - 2022-08-10 20:18:14 --> Call to a member function initialize() on null
#0 C:\xampp\htdocs\rmfs\vendor\codeigniter4\framework\system\Commands\Server\rewrite.php(45): require_once()
#1 {main}
CRITICAL - 2022-08-10 20:18:14 --> Call to a member function initialize() on null
#0 C:\xampp\htdocs\rmfs\vendor\codeigniter4\framework\system\Commands\Server\rewrite.php(45): require_once()
#1 {main}
CRITICAL - 2022-08-10 20:18:15 --> Call to a member function initialize() on null
#0 C:\xampp\htdocs\rmfs\vendor\codeigniter4\framework\system\Commands\Server\rewrite.php(45): require_once()
#1 {main}
CRITICAL - 2022-08-10 20:18:24 --> Call to a member function initialize() on null
#0 C:\xampp\htdocs\rmfs\vendor\codeigniter4\framework\system\Commands\Server\rewrite.php(45): require_once()
#1 {main}
CRITICAL - 2022-08-10 20:18:24 --> Call to a member function initialize() on null
#0 C:\xampp\htdocs\rmfs\vendor\codeigniter4\framework\system\Commands\Server\rewrite.php(45): require_once()
#1 {main}
CRITICAL - 2022-08-10 20:18:57 --> Call to a member function initialize() on null
#0 C:\xampp\htdocs\rmfs\vendor\codeigniter4\framework\system\Commands\Server\rewrite.php(45): require_once()
#1 {main}
CRITICAL - 2022-08-10 20:24:26 --> Call to a member function initialize() on null
#0 C:\xampp\htdocs\rmfs\vendor\codeigniter4\framework\system\Commands\Server\rewrite.php(45): require_once()
#1 {main}
CRITICAL - 2022-08-10 20:24:27 --> Call to a member function initialize() on null
#0 C:\xampp\htdocs\rmfs\vendor\codeigniter4\framework\system\Commands\Server\rewrite.php(45): require_once()
#1 {main}
CRITICAL - 2022-08-10 20:24:28 --> Call to a member function initialize() on null
#0 C:\xampp\htdocs\rmfs\vendor\codeigniter4\framework\system\Commands\Server\rewrite.php(45): require_once()
#1 {main}
CRITICAL - 2022-08-10 20:24:28 --> Call to a member function initialize() on null
#0 C:\xampp\htdocs\rmfs\vendor\codeigniter4\framework\system\Commands\Server\rewrite.php(45): require_once()
#1 {main}
CRITICAL - 2022-08-10 20:24:28 --> Call to a member function initialize() on null
#0 C:\xampp\htdocs\rmfs\vendor\codeigniter4\framework\system\Commands\Server\rewrite.php(45): require_once()
#1 {main}
CRITICAL - 2022-08-10 20:24:28 --> Call to a member function initialize() on null
#0 C:\xampp\htdocs\rmfs\vendor\codeigniter4\framework\system\Commands\Server\rewrite.php(45): require_once()
#1 {main}
CRITICAL - 2022-08-10 20:24:28 --> Call to a member function initialize() on null
#0 C:\xampp\htdocs\rmfs\vendor\codeigniter4\framework\system\Commands\Server\rewrite.php(45): require_once()
#1 {main}
CRITICAL - 2022-08-10 20:24:48 --> Call to a member function initialize() on null
#0 C:\xampp\htdocs\rmfs\vendor\codeigniter4\framework\system\Commands\Server\rewrite.php(45): require_once()
#1 {main}
CRITICAL - 2022-08-10 21:11:03 --> Call to a member function initialize() on null
#0 C:\xampp\htdocs\rmfs\vendor\codeigniter4\framework\system\Commands\Server\rewrite.php(45): require_once()
#1 {main}
CRITICAL - 2022-08-10 21:11:11 --> Call to a member function initialize() on null
#0 C:\xampp\htdocs\rmfs\vendor\codeigniter4\framework\system\Commands\Server\rewrite.php(45): require_once()
#1 {main}
CRITICAL - 2022-08-10 21:14:23 --> View themes, no current section.
#0 C:\xampp\htdocs\rmfs\app\Views\Admin\dashboard.php(289): CodeIgniter\View\View->endSection('content')
#1 C:\xampp\htdocs\rmfs\vendor\codeigniter4\framework\system\View\View.php(220): include('C:\\xampp\\htdocs...')
#2 C:\xampp\htdocs\rmfs\vendor\codeigniter4\framework\system\View\View.php(222): CodeIgniter\View\View->CodeIgniter\View\{closure}()
#3 C:\xampp\htdocs\rmfs\vendor\codeigniter4\framework\system\Common.php(1217): CodeIgniter\View\View->render('Admin/dashboard', Array, true)
#4 C:\xampp\htdocs\rmfs\app\Controllers\Dashboard.php(35): view('Admin/dashboard', Array)
#5 C:\xampp\htdocs\rmfs\vendor\codeigniter4\framework\system\CodeIgniter.php(935): App\Controllers\Dashboard->index()
#6 C:\xampp\htdocs\rmfs\vendor\codeigniter4\framework\system\CodeIgniter.php(431): CodeIgniter\CodeIgniter->runController(Object(App\Controllers\Dashboard))
#7 C:\xampp\htdocs\rmfs\vendor\codeigniter4\framework\system\CodeIgniter.php(332): CodeIgniter\CodeIgniter->handleRequest(NULL, Object(Config\Cache), false)
#8 C:\xampp\htdocs\rmfs\public\index.php(44): CodeIgniter\CodeIgniter->run()
#9 C:\xampp\htdocs\rmfs\vendor\codeigniter4\framework\system\Commands\Server\rewrite.php(45): require_once('C:\\xampp\\htdocs...')
#10 {main}
CRITICAL - 2022-08-10 21:14:52 --> View themes, no current section.
#0 C:\xampp\htdocs\rmfs\app\Views\Admin\dashboard.php(289): CodeIgniter\View\View->endSection('content')
#1 C:\xampp\htdocs\rmfs\vendor\codeigniter4\framework\system\View\View.php(220): include('C:\\xampp\\htdocs...')
#2 C:\xampp\htdocs\rmfs\vendor\codeigniter4\framework\system\View\View.php(222): CodeIgniter\View\View->CodeIgniter\View\{closure}()
#3 C:\xampp\htdocs\rmfs\vendor\codeigniter4\framework\system\Common.php(1217): CodeIgniter\View\View->render('Admin/dashboard', Array, true)
#4 C:\xampp\htdocs\rmfs\app\Controllers\Dashboard.php(35): view('Admin/dashboard', Array)
#5 C:\xampp\htdocs\rmfs\vendor\codeigniter4\framework\system\CodeIgniter.php(935): App\Controllers\Dashboard->index()
#6 C:\xampp\htdocs\rmfs\vendor\codeigniter4\framework\system\CodeIgniter.php(431): CodeIgniter\CodeIgniter->runController(Object(App\Controllers\Dashboard))
#7 C:\xampp\htdocs\rmfs\vendor\codeigniter4\framework\system\CodeIgniter.php(332): CodeIgniter\CodeIgniter->handleRequest(NULL, Object(Config\Cache), false)
#8 C:\xampp\htdocs\rmfs\public\index.php(44): CodeIgniter\CodeIgniter->run()
#9 C:\xampp\htdocs\rmfs\vendor\codeigniter4\framework\system\Commands\Server\rewrite.php(45): require_once('C:\\xampp\\htdocs...')
#10 {main}
CRITICAL - 2022-08-10 21:16:32 --> View themes, no current section.
#0 C:\xampp\htdocs\rmfs\app\Views\Admin\dashboard.php(289): CodeIgniter\View\View->endSection('content')
#1 C:\xampp\htdocs\rmfs\vendor\codeigniter4\framework\system\View\View.php(220): include('C:\\xampp\\htdocs...')
#2 C:\xampp\htdocs\rmfs\vendor\codeigniter4\framework\system\View\View.php(222): CodeIgniter\View\View->CodeIgniter\View\{closure}()
#3 C:\xampp\htdocs\rmfs\vendor\codeigniter4\framework\system\Common.php(1217): CodeIgniter\View\View->render('Admin/dashboard', Array, true)
#4 C:\xampp\htdocs\rmfs\app\Controllers\Dashboard.php(35): view('Admin/dashboard', Array)
#5 C:\xampp\htdocs\rmfs\vendor\codeigniter4\framework\system\CodeIgniter.php(935): App\Controllers\Dashboard->index()
#6 C:\xampp\htdocs\rmfs\vendor\codeigniter4\framework\system\CodeIgniter.php(431): CodeIgniter\CodeIgniter->runController(Object(App\Controllers\Dashboard))
#7 C:\xampp\htdocs\rmfs\vendor\codeigniter4\framework\system\CodeIgniter.php(332): CodeIgniter\CodeIgniter->handleRequest(NULL, Object(Config\Cache), false)
#8 C:\xampp\htdocs\rmfs\public\index.php(44): CodeIgniter\CodeIgniter->run()
#9 C:\xampp\htdocs\rmfs\vendor\codeigniter4\framework\system\Commands\Server\rewrite.php(45): require_once('C:\\xampp\\htdocs...')
#10 {main}
CRITICAL - 2022-08-10 21:19:19 --> View themes, no current section.
#0 C:\xampp\htdocs\rmfs\app\Views\Admin\dashboard.php(289): CodeIgniter\View\View->endSection('content')
#1 C:\xampp\htdocs\rmfs\vendor\codeigniter4\framework\system\View\View.php(220): include('C:\\xampp\\htdocs...')
#2 C:\xampp\htdocs\rmfs\vendor\codeigniter4\framework\system\View\View.php(222): CodeIgniter\View\View->CodeIgniter\View\{closure}()
#3 C:\xampp\htdocs\rmfs\vendor\codeigniter4\framework\system\Common.php(1217): CodeIgniter\View\View->render('Admin/dashboard', Array, true)
#4 C:\xampp\htdocs\rmfs\app\Controllers\Dashboard.php(35): view('Admin/dashboard', Array)
#5 C:\xampp\htdocs\rmfs\vendor\codeigniter4\framework\system\CodeIgniter.php(935): App\Controllers\Dashboard->index()
#6 C:\xampp\htdocs\rmfs\vendor\codeigniter4\framework\system\CodeIgniter.php(431): CodeIgniter\CodeIgniter->runController(Object(App\Controllers\Dashboard))
#7 C:\xampp\htdocs\rmfs\vendor\codeigniter4\framework\system\CodeIgniter.php(332): CodeIgniter\CodeIgniter->handleRequest(NULL, Object(Config\Cache), false)
#8 C:\xampp\htdocs\rmfs\public\index.php(44): CodeIgniter\CodeIgniter->run()
#9 C:\xampp\htdocs\rmfs\vendor\codeigniter4\framework\system\Commands\Server\rewrite.php(45): require_once('C:\\xampp\\htdocs...')
#10 {main}
CRITICAL - 2022-08-10 21:32:10 --> View themes, no current section.
#0 C:\xampp\htdocs\rmfs\app\Views\Admin\dashboard.php(289): CodeIgniter\View\View->endSection('content')
#1 C:\xampp\htdocs\rmfs\vendor\codeigniter4\framework\system\View\View.php(220): include('C:\\xampp\\htdocs...')
#2 C:\xampp\htdocs\rmfs\vendor\codeigniter4\framework\system\View\View.php(222): CodeIgniter\View\View->CodeIgniter\View\{closure}()
#3 C:\xampp\htdocs\rmfs\vendor\codeigniter4\framework\system\Common.php(1217): CodeIgniter\View\View->render('Admin/dashboard', Array, true)
#4 C:\xampp\htdocs\rmfs\app\Controllers\Dashboard.php(35): view('Admin/dashboard', Array)
#5 C:\xampp\htdocs\rmfs\vendor\codeigniter4\framework\system\CodeIgniter.php(935): App\Controllers\Dashboard->index()
#6 C:\xampp\htdocs\rmfs\vendor\codeigniter4\framework\system\CodeIgniter.php(431): CodeIgniter\CodeIgniter->runController(Object(App\Controllers\Dashboard))
#7 C:\xampp\htdocs\rmfs\vendor\codeigniter4\framework\system\CodeIgniter.php(332): CodeIgniter\CodeIgniter->handleRequest(NULL, Object(Config\Cache), false)
#8 C:\xampp\htdocs\rmfs\public\index.php(44): CodeIgniter\CodeIgniter->run()
#9 C:\xampp\htdocs\rmfs\vendor\codeigniter4\framework\system\Commands\Server\rewrite.php(45): require_once('C:\\xampp\\htdocs...')
#10 {main}
