CRITICAL - 2022-08-20 14:49:02 --> Too few arguments to function Modules\UserManagement\Models\RolesPermissionsModel::getPermissionType(), 1 passed in C:\xampp\htdocs\rmfs\app\Controllers\Security.php on line 68 and exactly 2 expected
#0 C:\xampp\htdocs\rmfs\app\Controllers\Security.php(68): Modules\UserManagement\Models\RolesPermissionsModel->getPermissionType(Array)
#1 C:\xampp\htdocs\rmfs\app\Controllers\Security.php(41): App\Controllers\Security->setUserMethod(Array)
#2 C:\xampp\htdocs\rmfs\vendor\codeigniter4\framework\system\CodeIgniter.php(935): App\Controllers\Security->index()
#3 C:\xampp\htdocs\rmfs\vendor\codeigniter4\framework\system\CodeIgniter.php(431): CodeIgniter\CodeIgniter->runController(Object(App\Controllers\Security))
#4 C:\xampp\htdocs\rmfs\vendor\codeigniter4\framework\system\CodeIgniter.php(332): CodeIgniter\CodeIgniter->handleRequest(NULL, Object(Config\Cache), false)
#5 C:\xampp\htdocs\rmfs\public\index.php(44): CodeIgniter\CodeIgniter->run()
#6 C:\xampp\htdocs\rmfs\vendor\codeigniter4\framework\system\Commands\Server\rewrite.php(45): require_once('C:\\xampp\\htdocs...')
#7 {main}
CRITICAL - 2022-08-20 14:55:54 --> Undefined variable: conditions
#0 C:\xampp\htdocs\rmfs\modules\UserManagement\Models\RolesPermissionsModel.php(69): CodeIgniter\Debug\Exceptions->errorHandler(8, 'Undefined varia...', 'C:\\xampp\\htdocs...', 69, Array)
#1 C:\xampp\htdocs\rmfs\app\Controllers\Security.php(68): Modules\UserManagement\Models\RolesPermissionsModel->getPermissionType(Array, Array)
#2 C:\xampp\htdocs\rmfs\app\Controllers\Security.php(41): App\Controllers\Security->setUserMethod(Array)
#3 C:\xampp\htdocs\rmfs\vendor\codeigniter4\framework\system\CodeIgniter.php(935): App\Controllers\Security->index()
#4 C:\xampp\htdocs\rmfs\vendor\codeigniter4\framework\system\CodeIgniter.php(431): CodeIgniter\CodeIgniter->runController(Object(App\Controllers\Security))
#5 C:\xampp\htdocs\rmfs\vendor\codeigniter4\framework\system\CodeIgniter.php(332): CodeIgniter\CodeIgniter->handleRequest(NULL, Object(Config\Cache), false)
#6 C:\xampp\htdocs\rmfs\public\index.php(44): CodeIgniter\CodeIgniter->run()
#7 C:\xampp\htdocs\rmfs\vendor\codeigniter4\framework\system\Commands\Server\rewrite.php(45): require_once('C:\\xampp\\htdocs...')
#8 {main}
CRITICAL - 2022-08-20 15:25:20 --> Undefined variable: user
#0 C:\xampp\htdocs\rmfs\app\Controllers\Security.php(16): CodeIgniter\Debug\Exceptions->errorHandler(8, 'Undefined varia...', 'C:\\xampp\\htdocs...', 16, Array)
#1 C:\xampp\htdocs\rmfs\vendor\codeigniter4\framework\system\CodeIgniter.php(935): App\Controllers\Security->index()
#2 C:\xampp\htdocs\rmfs\vendor\codeigniter4\framework\system\CodeIgniter.php(431): CodeIgniter\CodeIgniter->runController(Object(App\Controllers\Security))
#3 C:\xampp\htdocs\rmfs\vendor\codeigniter4\framework\system\CodeIgniter.php(332): CodeIgniter\CodeIgniter->handleRequest(NULL, Object(Config\Cache), false)
#4 C:\xampp\htdocs\rmfs\public\index.php(44): CodeIgniter\CodeIgniter->run()
#5 C:\xampp\htdocs\rmfs\vendor\codeigniter4\framework\system\Commands\Server\rewrite.php(45): require_once('C:\\xampp\\htdocs...')
#6 {main}
CRITICAL - 2022-08-20 15:25:43 --> Too few arguments to function Modules\UserManagement\Models\RolesPermissionsModel::getPermissionType(), 1 passed in C:\xampp\htdocs\rmfs\app\Controllers\Security.php on line 62 and exactly 2 expected
#0 C:\xampp\htdocs\rmfs\app\Controllers\Security.php(62): Modules\UserManagement\Models\RolesPermissionsModel->getPermissionType(Array)
#1 C:\xampp\htdocs\rmfs\app\Controllers\Security.php(41): App\Controllers\Security->setUserMethod(Array)
#2 C:\xampp\htdocs\rmfs\vendor\codeigniter4\framework\system\CodeIgniter.php(935): App\Controllers\Security->index()
#3 C:\xampp\htdocs\rmfs\vendor\codeigniter4\framework\system\CodeIgniter.php(431): CodeIgniter\CodeIgniter->runController(Object(App\Controllers\Security))
#4 C:\xampp\htdocs\rmfs\vendor\codeigniter4\framework\system\CodeIgniter.php(332): CodeIgniter\CodeIgniter->handleRequest(NULL, Object(Config\Cache), false)
#5 C:\xampp\htdocs\rmfs\public\index.php(44): CodeIgniter\CodeIgniter->run()
#6 C:\xampp\htdocs\rmfs\vendor\codeigniter4\framework\system\Commands\Server\rewrite.php(45): require_once('C:\\xampp\\htdocs...')
#7 {main}
CRITICAL - 2022-08-20 15:28:59 --> syntax error, unexpected '}'
#0 C:\xampp\htdocs\rmfs\vendor\codeigniter4\framework\system\Autoloader\Autoloader.php(318): CodeIgniter\Autoloader\Autoloader->includeFile('C:\\xampp\\htdocs...')
#1 C:\xampp\htdocs\rmfs\vendor\codeigniter4\framework\system\Autoloader\Autoloader.php(234): CodeIgniter\Autoloader\Autoloader->loadLegacy('Security.php')
#2 [internal function]: CodeIgniter\Autoloader\Autoloader->loadClass('Security')
#3 [internal function]: spl_autoload_call('Security')
#4 C:\xampp\htdocs\rmfs\vendor\codeigniter4\framework\system\Config\Factories.php(150): class_exists('Security')
#5 C:\xampp\htdocs\rmfs\vendor\codeigniter4\framework\system\Config\Factories.php(109): CodeIgniter\Config\Factories::locateClass(Array, 'Security')
#6 C:\xampp\htdocs\rmfs\vendor\codeigniter4\framework\system\Common.php(225): CodeIgniter\Config\Factories::__callStatic('config', Array)
#7 C:\xampp\htdocs\rmfs\vendor\codeigniter4\framework\system\Config\Services.php(680): config('Security')
#8 C:\xampp\htdocs\rmfs\vendor\codeigniter4\framework\system\Config\BaseService.php(100): CodeIgniter\Config\Services::security(NULL, false)
#9 C:\xampp\htdocs\rmfs\vendor\codeigniter4\framework\system\Config\Services.php(677): CodeIgniter\Config\BaseService::getSharedInstance('security', NULL)
#10 C:\xampp\htdocs\rmfs\vendor\codeigniter4\framework\system\Helpers\security_helper.php(29): CodeIgniter\Config\Services::security()
#11 C:\xampp\htdocs\rmfs\vendor\codeigniter4\framework\system\Debug\Toolbar.php(407): sanitize_filename('debugbar_166098...')
#12 C:\xampp\htdocs\rmfs\app\Config\Events.php(50): CodeIgniter\Debug\Toolbar->respond()
#13 [internal function]: CodeIgniter\Events\Events::Config\{closure}()
#14 C:\xampp\htdocs\rmfs\vendor\codeigniter4\framework\system\Events\Events.php(166): call_user_func(Object(Closure))
#15 C:\xampp\htdocs\rmfs\vendor\codeigniter4\framework\system\CodeIgniter.php(313): CodeIgniter\Events\Events::trigger('pre_system')
#16 C:\xampp\htdocs\rmfs\public\index.php(44): CodeIgniter\CodeIgniter->run()
#17 {main}
CRITICAL - 2022-08-20 15:29:00 --> syntax error, unexpected '}'
#0 C:\xampp\htdocs\rmfs\vendor\codeigniter4\framework\system\Autoloader\Autoloader.php(274): CodeIgniter\Autoloader\Autoloader->includeFile('C:\\xampp\\htdocs...')
#1 C:\xampp\htdocs\rmfs\vendor\codeigniter4\framework\system\Autoloader\Autoloader.php(228): CodeIgniter\Autoloader\Autoloader->loadInNamespace('App\\Controllers...')
#2 [internal function]: CodeIgniter\Autoloader\Autoloader->loadClass('App\\Controllers...')
#3 [internal function]: spl_autoload_call('App\\Controllers...')
#4 C:\xampp\htdocs\rmfs\vendor\codeigniter4\framework\system\CodeIgniter.php(892): class_exists('\\App\\Controller...', true)
#5 C:\xampp\htdocs\rmfs\vendor\codeigniter4\framework\system\CodeIgniter.php(416): CodeIgniter\CodeIgniter->startController()
#6 C:\xampp\htdocs\rmfs\vendor\codeigniter4\framework\system\CodeIgniter.php(332): CodeIgniter\CodeIgniter->handleRequest(NULL, Object(Config\Cache), false)
#7 C:\xampp\htdocs\rmfs\public\index.php(44): CodeIgniter\CodeIgniter->run()
#8 C:\xampp\htdocs\rmfs\vendor\codeigniter4\framework\system\Commands\Server\rewrite.php(45): require_once('C:\\xampp\\htdocs...')
#9 {main}
CRITICAL - 2022-08-20 15:38:10 --> Undefined variable: value
#0 C:\xampp\htdocs\rmfs\app\Controllers\Security.php(48): CodeIgniter\Debug\Exceptions->errorHandler(8, 'Undefined varia...', 'C:\\xampp\\htdocs...', 48, Array)
#1 C:\xampp\htdocs\rmfs\vendor\codeigniter4\framework\system\CodeIgniter.php(935): App\Controllers\Security->index()
#2 C:\xampp\htdocs\rmfs\vendor\codeigniter4\framework\system\CodeIgniter.php(431): CodeIgniter\CodeIgniter->runController(Object(App\Controllers\Security))
#3 C:\xampp\htdocs\rmfs\vendor\codeigniter4\framework\system\CodeIgniter.php(332): CodeIgniter\CodeIgniter->handleRequest(NULL, Object(Config\Cache), false)
#4 C:\xampp\htdocs\rmfs\public\index.php(44): CodeIgniter\CodeIgniter->run()
#5 C:\xampp\htdocs\rmfs\vendor\codeigniter4\framework\system\Commands\Server\rewrite.php(45): require_once('C:\\xampp\\htdocs...')
#6 {main}
CRITICAL - 2022-08-20 15:38:27 --> Undefined variable: key
#0 C:\xampp\htdocs\rmfs\app\Controllers\Security.php(48): CodeIgniter\Debug\Exceptions->errorHandler(8, 'Undefined varia...', 'C:\\xampp\\htdocs...', 48, Array)
#1 C:\xampp\htdocs\rmfs\vendor\codeigniter4\framework\system\CodeIgniter.php(935): App\Controllers\Security->index()
#2 C:\xampp\htdocs\rmfs\vendor\codeigniter4\framework\system\CodeIgniter.php(431): CodeIgniter\CodeIgniter->runController(Object(App\Controllers\Security))
#3 C:\xampp\htdocs\rmfs\vendor\codeigniter4\framework\system\CodeIgniter.php(332): CodeIgniter\CodeIgniter->handleRequest(NULL, Object(Config\Cache), false)
#4 C:\xampp\htdocs\rmfs\public\index.php(44): CodeIgniter\CodeIgniter->run()
#5 C:\xampp\htdocs\rmfs\vendor\codeigniter4\framework\system\Commands\Server\rewrite.php(45): require_once('C:\\xampp\\htdocs...')
#6 {main}
CRITICAL - 2022-08-20 15:55:57 --> Class 'App\Controllers\ModulesModel' not found
#0 C:\xampp\htdocs\rmfs\vendor\codeigniter4\framework\system\CodeIgniter.php(907): App\Controllers\BaseController->__construct()
#1 C:\xampp\htdocs\rmfs\vendor\codeigniter4\framework\system\CodeIgniter.php(421): CodeIgniter\CodeIgniter->createController()
#2 C:\xampp\htdocs\rmfs\vendor\codeigniter4\framework\system\CodeIgniter.php(332): CodeIgniter\CodeIgniter->handleRequest(NULL, Object(Config\Cache), false)
#3 C:\xampp\htdocs\rmfs\public\index.php(44): CodeIgniter\CodeIgniter->run()
#4 C:\xampp\htdocs\rmfs\vendor\codeigniter4\framework\system\Commands\Server\rewrite.php(45): require_once('C:\\xampp\\htdocs...')
#5 {main}
CRITICAL - 2022-08-20 16:04:44 --> Too few arguments to function Modules\UserManagement\Models\PermissionsModel::getPermissionRoles(), 0 passed in C:\xampp\htdocs\rmfs\app\Controllers\BaseController.php on line 62 and exactly 1 expected
#0 C:\xampp\htdocs\rmfs\app\Controllers\BaseController.php(62): Modules\UserManagement\Models\PermissionsModel->getPermissionRoles()
#1 C:\xampp\htdocs\rmfs\vendor\codeigniter4\framework\system\CodeIgniter.php(907): App\Controllers\BaseController->__construct()
#2 C:\xampp\htdocs\rmfs\vendor\codeigniter4\framework\system\CodeIgniter.php(421): CodeIgniter\CodeIgniter->createController()
#3 C:\xampp\htdocs\rmfs\vendor\codeigniter4\framework\system\CodeIgniter.php(332): CodeIgniter\CodeIgniter->handleRequest(NULL, Object(Config\Cache), false)
#4 C:\xampp\htdocs\rmfs\public\index.php(44): CodeIgniter\CodeIgniter->run()
#5 C:\xampp\htdocs\rmfs\vendor\codeigniter4\framework\system\Commands\Server\rewrite.php(45): require_once('C:\\xampp\\htdocs...')
#6 {main}
CRITICAL - 2022-08-20 16:22:27 --> Call to undefined function Modules\OrderManagement\Controllers\split()
#0 C:\xampp\htdocs\rmfs\vendor\codeigniter4\framework\system\CodeIgniter.php(935): Modules\OrderManagement\Controllers\Order->index()
#1 C:\xampp\htdocs\rmfs\vendor\codeigniter4\framework\system\CodeIgniter.php(431): CodeIgniter\CodeIgniter->runController(Object(Modules\OrderManagement\Controllers\Order))
#2 C:\xampp\htdocs\rmfs\vendor\codeigniter4\framework\system\CodeIgniter.php(332): CodeIgniter\CodeIgniter->handleRequest(NULL, Object(Config\Cache), false)
#3 C:\xampp\htdocs\rmfs\public\index.php(44): CodeIgniter\CodeIgniter->run()
#4 C:\xampp\htdocs\rmfs\vendor\codeigniter4\framework\system\Commands\Server\rewrite.php(45): require_once('C:\\xampp\\htdocs...')
#5 {main}
CRITICAL - 2022-08-20 17:19:04 --> Class 'App\Controllers\UserManagement\PermissionsModel' not found
#0 C:\xampp\htdocs\rmfs\vendor\codeigniter4\framework\system\CodeIgniter.php(907): App\Controllers\BaseController->__construct()
#1 C:\xampp\htdocs\rmfs\vendor\codeigniter4\framework\system\CodeIgniter.php(421): CodeIgniter\CodeIgniter->createController()
#2 C:\xampp\htdocs\rmfs\vendor\codeigniter4\framework\system\CodeIgniter.php(332): CodeIgniter\CodeIgniter->handleRequest(NULL, Object(Config\Cache), false)
#3 C:\xampp\htdocs\rmfs\public\index.php(44): CodeIgniter\CodeIgniter->run()
#4 C:\xampp\htdocs\rmfs\vendor\codeigniter4\framework\system\Commands\Server\rewrite.php(45): require_once('C:\\xampp\\htdocs...')
#5 {main}
CRITICAL - 2022-08-20 17:19:27 --> Class 'App\Controllers\UserManagement\PermissionsModel' not found
#0 C:\xampp\htdocs\rmfs\vendor\codeigniter4\framework\system\CodeIgniter.php(907): App\Controllers\BaseController->__construct()
#1 C:\xampp\htdocs\rmfs\vendor\codeigniter4\framework\system\CodeIgniter.php(421): CodeIgniter\CodeIgniter->createController()
#2 C:\xampp\htdocs\rmfs\vendor\codeigniter4\framework\system\CodeIgniter.php(332): CodeIgniter\CodeIgniter->handleRequest(NULL, Object(Config\Cache), false)
#3 C:\xampp\htdocs\rmfs\public\index.php(44): CodeIgniter\CodeIgniter->run()
#4 C:\xampp\htdocs\rmfs\vendor\codeigniter4\framework\system\Commands\Server\rewrite.php(45): require_once('C:\\xampp\\htdocs...')
#5 {main}
CRITICAL - 2022-08-20 17:23:35 --> Undefined property: Modules\OrderManagement\Controllers\Order::$permissionsModel
#0 C:\xampp\htdocs\rmfs\app\Controllers\BaseController.php(91): CodeIgniter\Debug\Exceptions->errorHandler(8, 'Undefined prope...', 'C:\\xampp\\htdocs...', 91, Array)
#1 C:\xampp\htdocs\rmfs\modules\OrderManagement\Controllers\Order.php(20): App\Controllers\BaseController->hasPermissionRedirect('orders')
#2 C:\xampp\htdocs\rmfs\vendor\codeigniter4\framework\system\CodeIgniter.php(935): Modules\OrderManagement\Controllers\Order->index()
#3 C:\xampp\htdocs\rmfs\vendor\codeigniter4\framework\system\CodeIgniter.php(431): CodeIgniter\CodeIgniter->runController(Object(Modules\OrderManagement\Controllers\Order))
#4 C:\xampp\htdocs\rmfs\vendor\codeigniter4\framework\system\CodeIgniter.php(332): CodeIgniter\CodeIgniter->handleRequest(NULL, Object(Config\Cache), false)
#5 C:\xampp\htdocs\rmfs\public\index.php(44): CodeIgniter\CodeIgniter->run()
#6 C:\xampp\htdocs\rmfs\vendor\codeigniter4\framework\system\Commands\Server\rewrite.php(45): require_once('C:\\xampp\\htdocs...')
#7 {main}
