CRITICAL - 2022-08-23 09:15:42 --> Invalid file: Modules\ProductManagement\Views\Ingredient\index.php
#0 C:\xampp\htdocs\lrfoims\vendor\codeigniter4\framework\system\View\View.php(203): CodeIgniter\Exceptions\FrameworkException::forInvalidFile('Modules\\Product...')
#1 C:\xampp\htdocs\lrfoims\vendor\codeigniter4\framework\system\Common.php(1217): CodeIgniter\View\View->render('Modules\\Product...', Array, true)
#2 C:\xampp\htdocs\lrfoims\app\Views\templates\index.php(12): view('Modules\\Product...')
#3 C:\xampp\htdocs\lrfoims\vendor\codeigniter4\framework\system\View\View.php(220): include('C:\\xampp\\htdocs...')
#4 C:\xampp\htdocs\lrfoims\vendor\codeigniter4\framework\system\View\View.php(222): CodeIgniter\View\View->CodeIgniter\View\{closure}()
#5 C:\xampp\htdocs\lrfoims\vendor\codeigniter4\framework\system\Common.php(1217): CodeIgniter\View\View->render('templates/index', Array, true)
#6 C:\xampp\htdocs\lrfoims\modules\ProductManagement\Controllers\Product.php(29): view('templates/index', Array)
#7 C:\xampp\htdocs\lrfoims\vendor\codeigniter4\framework\system\CodeIgniter.php(935): Modules\ProductManagement\Controllers\Product->index()
#8 C:\xampp\htdocs\lrfoims\vendor\codeigniter4\framework\system\CodeIgniter.php(431): CodeIgniter\CodeIgniter->runController(Object(Modules\ProductManagement\Controllers\Product))
#9 C:\xampp\htdocs\lrfoims\vendor\codeigniter4\framework\system\CodeIgniter.php(332): CodeIgniter\CodeIgniter->handleRequest(NULL, Object(Config\Cache), false)
#10 C:\xampp\htdocs\lrfoims\public\index.php(44): CodeIgniter\CodeIgniter->run()
#11 C:\xampp\htdocs\lrfoims\vendor\codeigniter4\framework\system\Commands\Server\rewrite.php(45): require_once('C:\\xampp\\htdocs...')
#12 {main}
CRITICAL - 2022-08-23 09:36:50 --> Undefined index: id
#0 C:\xampp\htdocs\lrfoims\modules\ProductManagement\Controllers\Product.php(29): CodeIgniter\Debug\Exceptions->errorHandler(8, 'Undefined index...', 'C:\\xampp\\htdocs...', 29, Array)
#1 C:\xampp\htdocs\lrfoims\vendor\codeigniter4\framework\system\CodeIgniter.php(935): Modules\ProductManagement\Controllers\Product->index()
#2 C:\xampp\htdocs\lrfoims\vendor\codeigniter4\framework\system\CodeIgniter.php(431): CodeIgniter\CodeIgniter->runController(Object(Modules\ProductManagement\Controllers\Product))
#3 C:\xampp\htdocs\lrfoims\vendor\codeigniter4\framework\system\CodeIgniter.php(332): CodeIgniter\CodeIgniter->handleRequest(NULL, Object(Config\Cache), false)
#4 C:\xampp\htdocs\lrfoims\public\index.php(44): CodeIgniter\CodeIgniter->run()
#5 C:\xampp\htdocs\lrfoims\vendor\codeigniter4\framework\system\Commands\Server\rewrite.php(45): require_once('C:\\xampp\\htdocs...')
#6 {main}
CRITICAL - 2022-08-23 09:38:35 --> Undefined index: id
#0 C:\xampp\htdocs\lrfoims\modules\ProductManagement\Controllers\Product.php(29): CodeIgniter\Debug\Exceptions->errorHandler(8, 'Undefined index...', 'C:\\xampp\\htdocs...', 29, Array)
#1 C:\xampp\htdocs\lrfoims\vendor\codeigniter4\framework\system\CodeIgniter.php(935): Modules\ProductManagement\Controllers\Product->index()
#2 C:\xampp\htdocs\lrfoims\vendor\codeigniter4\framework\system\CodeIgniter.php(431): CodeIgniter\CodeIgniter->runController(Object(Modules\ProductManagement\Controllers\Product))
#3 C:\xampp\htdocs\lrfoims\vendor\codeigniter4\framework\system\CodeIgniter.php(332): CodeIgniter\CodeIgniter->handleRequest(NULL, Object(Config\Cache), false)
#4 C:\xampp\htdocs\lrfoims\public\index.php(44): CodeIgniter\CodeIgniter->run()
#5 C:\xampp\htdocs\lrfoims\vendor\codeigniter4\framework\system\Commands\Server\rewrite.php(45): require_once('C:\\xampp\\htdocs...')
#6 {main}
CRITICAL - 2022-08-23 09:38:36 --> Undefined index: id
#0 C:\xampp\htdocs\lrfoims\modules\ProductManagement\Controllers\Product.php(29): CodeIgniter\Debug\Exceptions->errorHandler(8, 'Undefined index...', 'C:\\xampp\\htdocs...', 29, Array)
#1 C:\xampp\htdocs\lrfoims\vendor\codeigniter4\framework\system\CodeIgniter.php(935): Modules\ProductManagement\Controllers\Product->index()
#2 C:\xampp\htdocs\lrfoims\vendor\codeigniter4\framework\system\CodeIgniter.php(431): CodeIgniter\CodeIgniter->runController(Object(Modules\ProductManagement\Controllers\Product))
#3 C:\xampp\htdocs\lrfoims\vendor\codeigniter4\framework\system\CodeIgniter.php(332): CodeIgniter\CodeIgniter->handleRequest(NULL, Object(Config\Cache), false)
#4 C:\xampp\htdocs\lrfoims\public\index.php(44): CodeIgniter\CodeIgniter->run()
#5 C:\xampp\htdocs\lrfoims\vendor\codeigniter4\framework\system\Commands\Server\rewrite.php(45): require_once('C:\\xampp\\htdocs...')
#6 {main}
CRITICAL - 2022-08-23 09:38:37 --> Undefined index: id
#0 C:\xampp\htdocs\lrfoims\modules\ProductManagement\Controllers\Product.php(29): CodeIgniter\Debug\Exceptions->errorHandler(8, 'Undefined index...', 'C:\\xampp\\htdocs...', 29, Array)
#1 C:\xampp\htdocs\lrfoims\vendor\codeigniter4\framework\system\CodeIgniter.php(935): Modules\ProductManagement\Controllers\Product->index()
#2 C:\xampp\htdocs\lrfoims\vendor\codeigniter4\framework\system\CodeIgniter.php(431): CodeIgniter\CodeIgniter->runController(Object(Modules\ProductManagement\Controllers\Product))
#3 C:\xampp\htdocs\lrfoims\vendor\codeigniter4\framework\system\CodeIgniter.php(332): CodeIgniter\CodeIgniter->handleRequest(NULL, Object(Config\Cache), false)
#4 C:\xampp\htdocs\lrfoims\public\index.php(44): CodeIgniter\CodeIgniter->run()
#5 C:\xampp\htdocs\lrfoims\vendor\codeigniter4\framework\system\Commands\Server\rewrite.php(45): require_once('C:\\xampp\\htdocs...')
#6 {main}
CRITICAL - 2022-08-23 09:38:38 --> Undefined index: id
#0 C:\xampp\htdocs\lrfoims\modules\ProductManagement\Controllers\Product.php(29): CodeIgniter\Debug\Exceptions->errorHandler(8, 'Undefined index...', 'C:\\xampp\\htdocs...', 29, Array)
#1 C:\xampp\htdocs\lrfoims\vendor\codeigniter4\framework\system\CodeIgniter.php(935): Modules\ProductManagement\Controllers\Product->index()
#2 C:\xampp\htdocs\lrfoims\vendor\codeigniter4\framework\system\CodeIgniter.php(431): CodeIgniter\CodeIgniter->runController(Object(Modules\ProductManagement\Controllers\Product))
#3 C:\xampp\htdocs\lrfoims\vendor\codeigniter4\framework\system\CodeIgniter.php(332): CodeIgniter\CodeIgniter->handleRequest(NULL, Object(Config\Cache), false)
#4 C:\xampp\htdocs\lrfoims\public\index.php(44): CodeIgniter\CodeIgniter->run()
#5 C:\xampp\htdocs\lrfoims\vendor\codeigniter4\framework\system\Commands\Server\rewrite.php(45): require_once('C:\\xampp\\htdocs...')
#6 {main}
CRITICAL - 2022-08-23 09:39:34 --> syntax error, unexpected ']'
#0 C:\xampp\htdocs\lrfoims\vendor\codeigniter4\framework\system\Autoloader\Autoloader.php(274): CodeIgniter\Autoloader\Autoloader->includeFile('C:\\xampp\\htdocs...')
#1 C:\xampp\htdocs\lrfoims\vendor\codeigniter4\framework\system\Autoloader\Autoloader.php(228): CodeIgniter\Autoloader\Autoloader->loadInNamespace('Modules\\Product...')
#2 [internal function]: CodeIgniter\Autoloader\Autoloader->loadClass('Modules\\Product...')
#3 [internal function]: spl_autoload_call('Modules\\Product...')
#4 C:\xampp\htdocs\lrfoims\vendor\codeigniter4\framework\system\CodeIgniter.php(892): class_exists('\\Modules\\Produc...', true)
#5 C:\xampp\htdocs\lrfoims\vendor\codeigniter4\framework\system\CodeIgniter.php(416): CodeIgniter\CodeIgniter->startController()
#6 C:\xampp\htdocs\lrfoims\vendor\codeigniter4\framework\system\CodeIgniter.php(332): CodeIgniter\CodeIgniter->handleRequest(NULL, Object(Config\Cache), false)
#7 C:\xampp\htdocs\lrfoims\public\index.php(44): CodeIgniter\CodeIgniter->run()
#8 C:\xampp\htdocs\lrfoims\vendor\codeigniter4\framework\system\Commands\Server\rewrite.php(45): require_once('C:\\xampp\\htdocs...')
#9 {main}
CRITICAL - 2022-08-23 09:40:09 --> Undefined index: id
#0 C:\xampp\htdocs\lrfoims\modules\ProductManagement\Controllers\Product.php(25): CodeIgniter\Debug\Exceptions->errorHandler(8, 'Undefined index...', 'C:\\xampp\\htdocs...', 25, Array)
#1 C:\xampp\htdocs\lrfoims\vendor\codeigniter4\framework\system\CodeIgniter.php(935): Modules\ProductManagement\Controllers\Product->index()
#2 C:\xampp\htdocs\lrfoims\vendor\codeigniter4\framework\system\CodeIgniter.php(431): CodeIgniter\CodeIgniter->runController(Object(Modules\ProductManagement\Controllers\Product))
#3 C:\xampp\htdocs\lrfoims\vendor\codeigniter4\framework\system\CodeIgniter.php(332): CodeIgniter\CodeIgniter->handleRequest(NULL, Object(Config\Cache), false)
#4 C:\xampp\htdocs\lrfoims\public\index.php(44): CodeIgniter\CodeIgniter->run()
#5 C:\xampp\htdocs\lrfoims\vendor\codeigniter4\framework\system\Commands\Server\rewrite.php(45): require_once('C:\\xampp\\htdocs...')
#6 {main}
CRITICAL - 2022-08-23 09:40:54 --> Undefined index: lrfoims_product_categories.id
#0 C:\xampp\htdocs\lrfoims\modules\ProductManagement\Controllers\Product.php(25): CodeIgniter\Debug\Exceptions->errorHandler(8, 'Undefined index...', 'C:\\xampp\\htdocs...', 25, Array)
#1 C:\xampp\htdocs\lrfoims\vendor\codeigniter4\framework\system\CodeIgniter.php(935): Modules\ProductManagement\Controllers\Product->index()
#2 C:\xampp\htdocs\lrfoims\vendor\codeigniter4\framework\system\CodeIgniter.php(431): CodeIgniter\CodeIgniter->runController(Object(Modules\ProductManagement\Controllers\Product))
#3 C:\xampp\htdocs\lrfoims\vendor\codeigniter4\framework\system\CodeIgniter.php(332): CodeIgniter\CodeIgniter->handleRequest(NULL, Object(Config\Cache), false)
#4 C:\xampp\htdocs\lrfoims\public\index.php(44): CodeIgniter\CodeIgniter->run()
#5 C:\xampp\htdocs\lrfoims\vendor\codeigniter4\framework\system\Commands\Server\rewrite.php(45): require_once('C:\\xampp\\htdocs...')
#6 {main}
CRITICAL - 2022-08-23 09:42:41 --> Undefined index: id
#0 C:\xampp\htdocs\lrfoims\modules\ProductManagement\Controllers\Product.php(25): CodeIgniter\Debug\Exceptions->errorHandler(8, 'Undefined index...', 'C:\\xampp\\htdocs...', 25, Array)
#1 C:\xampp\htdocs\lrfoims\vendor\codeigniter4\framework\system\CodeIgniter.php(935): Modules\ProductManagement\Controllers\Product->index()
#2 C:\xampp\htdocs\lrfoims\vendor\codeigniter4\framework\system\CodeIgniter.php(431): CodeIgniter\CodeIgniter->runController(Object(Modules\ProductManagement\Controllers\Product))
#3 C:\xampp\htdocs\lrfoims\vendor\codeigniter4\framework\system\CodeIgniter.php(332): CodeIgniter\CodeIgniter->handleRequest(NULL, Object(Config\Cache), false)
#4 C:\xampp\htdocs\lrfoims\public\index.php(44): CodeIgniter\CodeIgniter->run()
#5 C:\xampp\htdocs\lrfoims\vendor\codeigniter4\framework\system\Commands\Server\rewrite.php(45): require_once('C:\\xampp\\htdocs...')
#6 {main}
CRITICAL - 2022-08-23 09:42:59 --> Undefined index: product_name
#0 C:\xampp\htdocs\lrfoims\modules\ProductManagement\Controllers\Product.php(25): CodeIgniter\Debug\Exceptions->errorHandler(8, 'Undefined index...', 'C:\\xampp\\htdocs...', 25, Array)
#1 C:\xampp\htdocs\lrfoims\vendor\codeigniter4\framework\system\CodeIgniter.php(935): Modules\ProductManagement\Controllers\Product->index()
#2 C:\xampp\htdocs\lrfoims\vendor\codeigniter4\framework\system\CodeIgniter.php(431): CodeIgniter\CodeIgniter->runController(Object(Modules\ProductManagement\Controllers\Product))
#3 C:\xampp\htdocs\lrfoims\vendor\codeigniter4\framework\system\CodeIgniter.php(332): CodeIgniter\CodeIgniter->handleRequest(NULL, Object(Config\Cache), false)
#4 C:\xampp\htdocs\lrfoims\public\index.php(44): CodeIgniter\CodeIgniter->run()
#5 C:\xampp\htdocs\lrfoims\vendor\codeigniter4\framework\system\Commands\Server\rewrite.php(45): require_once('C:\\xampp\\htdocs...')
#6 {main}
CRITICAL - 2022-08-23 09:44:17 --> Undefined index: id
#0 C:\xampp\htdocs\lrfoims\modules\ProductManagement\Controllers\Product.php(26): CodeIgniter\Debug\Exceptions->errorHandler(8, 'Undefined index...', 'C:\\xampp\\htdocs...', 26, Array)
#1 C:\xampp\htdocs\lrfoims\vendor\codeigniter4\framework\system\CodeIgniter.php(935): Modules\ProductManagement\Controllers\Product->index()
#2 C:\xampp\htdocs\lrfoims\vendor\codeigniter4\framework\system\CodeIgniter.php(431): CodeIgniter\CodeIgniter->runController(Object(Modules\ProductManagement\Controllers\Product))
#3 C:\xampp\htdocs\lrfoims\vendor\codeigniter4\framework\system\CodeIgniter.php(332): CodeIgniter\CodeIgniter->handleRequest(NULL, Object(Config\Cache), false)
#4 C:\xampp\htdocs\lrfoims\public\index.php(44): CodeIgniter\CodeIgniter->run()
#5 C:\xampp\htdocs\lrfoims\vendor\codeigniter4\framework\system\Commands\Server\rewrite.php(45): require_once('C:\\xampp\\htdocs...')
#6 {main}
CRITICAL - 2022-08-23 09:47:16 --> Undefined variable: products
#0 C:\xampp\htdocs\lrfoims\modules\ProductManagement\Views\product\index.php(62): CodeIgniter\Debug\Exceptions->errorHandler(8, 'Undefined varia...', 'C:\\xampp\\htdocs...', 62, Array)
#1 C:\xampp\htdocs\lrfoims\vendor\codeigniter4\framework\system\View\View.php(220): include('C:\\xampp\\htdocs...')
#2 C:\xampp\htdocs\lrfoims\vendor\codeigniter4\framework\system\View\View.php(222): CodeIgniter\View\View->CodeIgniter\View\{closure}()
#3 C:\xampp\htdocs\lrfoims\vendor\codeigniter4\framework\system\Common.php(1217): CodeIgniter\View\View->render('Modules\\Product...', Array, true)
#4 C:\xampp\htdocs\lrfoims\app\Views\templates\index.php(12): view('Modules\\Product...')
#5 C:\xampp\htdocs\lrfoims\vendor\codeigniter4\framework\system\View\View.php(220): include('C:\\xampp\\htdocs...')
#6 C:\xampp\htdocs\lrfoims\vendor\codeigniter4\framework\system\View\View.php(222): CodeIgniter\View\View->CodeIgniter\View\{closure}()
#7 C:\xampp\htdocs\lrfoims\vendor\codeigniter4\framework\system\Common.php(1217): CodeIgniter\View\View->render('templates/index', Array, true)
#8 C:\xampp\htdocs\lrfoims\modules\ProductManagement\Controllers\Product.php(34): view('templates/index', Array)
#9 C:\xampp\htdocs\lrfoims\vendor\codeigniter4\framework\system\CodeIgniter.php(935): Modules\ProductManagement\Controllers\Product->index()
#10 C:\xampp\htdocs\lrfoims\vendor\codeigniter4\framework\system\CodeIgniter.php(431): CodeIgniter\CodeIgniter->runController(Object(Modules\ProductManagement\Controllers\Product))
#11 C:\xampp\htdocs\lrfoims\vendor\codeigniter4\framework\system\CodeIgniter.php(332): CodeIgniter\CodeIgniter->handleRequest(NULL, Object(Config\Cache), false)
#12 C:\xampp\htdocs\lrfoims\public\index.php(44): CodeIgniter\CodeIgniter->run()
#13 C:\xampp\htdocs\lrfoims\vendor\codeigniter4\framework\system\Commands\Server\rewrite.php(45): require_once('C:\\xampp\\htdocs...')
#14 {main}
CRITICAL - 2022-08-23 09:47:50 --> Undefined variable: products
#0 C:\xampp\htdocs\lrfoims\modules\ProductManagement\Views\product\index.php(62): CodeIgniter\Debug\Exceptions->errorHandler(8, 'Undefined varia...', 'C:\\xampp\\htdocs...', 62, Array)
#1 C:\xampp\htdocs\lrfoims\vendor\codeigniter4\framework\system\View\View.php(220): include('C:\\xampp\\htdocs...')
#2 C:\xampp\htdocs\lrfoims\vendor\codeigniter4\framework\system\View\View.php(222): CodeIgniter\View\View->CodeIgniter\View\{closure}()
#3 C:\xampp\htdocs\lrfoims\vendor\codeigniter4\framework\system\Common.php(1217): CodeIgniter\View\View->render('Modules\\Product...', Array, true)
#4 C:\xampp\htdocs\lrfoims\app\Views\templates\index.php(12): view('Modules\\Product...')
#5 C:\xampp\htdocs\lrfoims\vendor\codeigniter4\framework\system\View\View.php(220): include('C:\\xampp\\htdocs...')
#6 C:\xampp\htdocs\lrfoims\vendor\codeigniter4\framework\system\View\View.php(222): CodeIgniter\View\View->CodeIgniter\View\{closure}()
#7 C:\xampp\htdocs\lrfoims\vendor\codeigniter4\framework\system\Common.php(1217): CodeIgniter\View\View->render('templates/index', Array, true)
#8 C:\xampp\htdocs\lrfoims\modules\ProductManagement\Controllers\Product.php(33): view('templates/index', Array)
#9 C:\xampp\htdocs\lrfoims\vendor\codeigniter4\framework\system\CodeIgniter.php(935): Modules\ProductManagement\Controllers\Product->index()
#10 C:\xampp\htdocs\lrfoims\vendor\codeigniter4\framework\system\CodeIgniter.php(431): CodeIgniter\CodeIgniter->runController(Object(Modules\ProductManagement\Controllers\Product))
#11 C:\xampp\htdocs\lrfoims\vendor\codeigniter4\framework\system\CodeIgniter.php(332): CodeIgniter\CodeIgniter->handleRequest(NULL, Object(Config\Cache), false)
#12 C:\xampp\htdocs\lrfoims\public\index.php(44): CodeIgniter\CodeIgniter->run()
#13 C:\xampp\htdocs\lrfoims\vendor\codeigniter4\framework\system\Commands\Server\rewrite.php(45): require_once('C:\\xampp\\htdocs...')
#14 {main}
CRITICAL - 2022-08-23 10:51:41 --> Undefined offset: 0
#0 C:\xampp\htdocs\lrfoims\modules\ProductManagement\Controllers\Product.php(84): CodeIgniter\Debug\Exceptions->errorHandler(8, 'Undefined offse...', 'C:\\xampp\\htdocs...', 84, Array)
#1 C:\xampp\htdocs\lrfoims\vendor\codeigniter4\framework\system\CodeIgniter.php(935): Modules\ProductManagement\Controllers\Product->delete('1')
#2 C:\xampp\htdocs\lrfoims\vendor\codeigniter4\framework\system\CodeIgniter.php(431): CodeIgniter\CodeIgniter->runController(Object(Modules\ProductManagement\Controllers\Product))
#3 C:\xampp\htdocs\lrfoims\vendor\codeigniter4\framework\system\CodeIgniter.php(332): CodeIgniter\CodeIgniter->handleRequest(NULL, Object(Config\Cache), false)
#4 C:\xampp\htdocs\lrfoims\public\index.php(44): CodeIgniter\CodeIgniter->run()
#5 C:\xampp\htdocs\lrfoims\vendor\codeigniter4\framework\system\Commands\Server\rewrite.php(45): require_once('C:\\xampp\\htdocs...')
#6 {main}
CRITICAL - 2022-08-23 11:26:18 --> Undefined index: product_quantity_description
#0 C:\xampp\htdocs\lrfoims\modules\ProductManagement\Views\product\index.php(74): CodeIgniter\Debug\Exceptions->errorHandler(8, 'Undefined index...', 'C:\\xampp\\htdocs...', 74, Array)
#1 C:\xampp\htdocs\lrfoims\vendor\codeigniter4\framework\system\View\View.php(220): include('C:\\xampp\\htdocs...')
#2 C:\xampp\htdocs\lrfoims\vendor\codeigniter4\framework\system\View\View.php(222): CodeIgniter\View\View->CodeIgniter\View\{closure}()
#3 C:\xampp\htdocs\lrfoims\vendor\codeigniter4\framework\system\Common.php(1217): CodeIgniter\View\View->render('Modules\\Product...', Array, true)
#4 C:\xampp\htdocs\lrfoims\app\Views\templates\index.php(12): view('Modules\\Product...')
#5 C:\xampp\htdocs\lrfoims\vendor\codeigniter4\framework\system\View\View.php(220): include('C:\\xampp\\htdocs...')
#6 C:\xampp\htdocs\lrfoims\vendor\codeigniter4\framework\system\View\View.php(222): CodeIgniter\View\View->CodeIgniter\View\{closure}()
#7 C:\xampp\htdocs\lrfoims\vendor\codeigniter4\framework\system\Common.php(1217): CodeIgniter\View\View->render('templates/index', Array, true)
#8 C:\xampp\htdocs\lrfoims\modules\ProductManagement\Controllers\Product.php(30): view('templates/index', Array)
#9 C:\xampp\htdocs\lrfoims\vendor\codeigniter4\framework\system\CodeIgniter.php(935): Modules\ProductManagement\Controllers\Product->index()
#10 C:\xampp\htdocs\lrfoims\vendor\codeigniter4\framework\system\CodeIgniter.php(431): CodeIgniter\CodeIgniter->runController(Object(Modules\ProductManagement\Controllers\Product))
#11 C:\xampp\htdocs\lrfoims\vendor\codeigniter4\framework\system\CodeIgniter.php(332): CodeIgniter\CodeIgniter->handleRequest(NULL, Object(Config\Cache), false)
#12 C:\xampp\htdocs\lrfoims\public\index.php(44): CodeIgniter\CodeIgniter->run()
#13 C:\xampp\htdocs\lrfoims\vendor\codeigniter4\framework\system\Commands\Server\rewrite.php(45): require_once('C:\\xampp\\htdocs...')
#14 {main}
CRITICAL - 2022-08-23 12:05:55 --> Undefined variable: productCategoryStatus
#0 C:\xampp\htdocs\lrfoims\modules\ProductManagement\Views\product\form.php(64): CodeIgniter\Debug\Exceptions->errorHandler(8, 'Undefined varia...', 'C:\\xampp\\htdocs...', 64, Array)
#1 C:\xampp\htdocs\lrfoims\vendor\codeigniter4\framework\system\View\View.php(220): include('C:\\xampp\\htdocs...')
#2 C:\xampp\htdocs\lrfoims\vendor\codeigniter4\framework\system\View\View.php(222): CodeIgniter\View\View->CodeIgniter\View\{closure}()
#3 C:\xampp\htdocs\lrfoims\vendor\codeigniter4\framework\system\Common.php(1217): CodeIgniter\View\View->render('Modules\\Product...', Array, true)
#4 C:\xampp\htdocs\lrfoims\app\Views\templates\index.php(12): view('Modules\\Product...')
#5 C:\xampp\htdocs\lrfoims\vendor\codeigniter4\framework\system\View\View.php(220): include('C:\\xampp\\htdocs...')
#6 C:\xampp\htdocs\lrfoims\vendor\codeigniter4\framework\system\View\View.php(222): CodeIgniter\View\View->CodeIgniter\View\{closure}()
#7 C:\xampp\htdocs\lrfoims\vendor\codeigniter4\framework\system\Common.php(1217): CodeIgniter\View\View->render('templates/index', Array, true)
#8 C:\xampp\htdocs\lrfoims\modules\ProductManagement\Controllers\Product.php(112): view('templates/index', Array)
#9 C:\xampp\htdocs\lrfoims\vendor\codeigniter4\framework\system\CodeIgniter.php(935): Modules\ProductManagement\Controllers\Product->edit('5')
#10 C:\xampp\htdocs\lrfoims\vendor\codeigniter4\framework\system\CodeIgniter.php(431): CodeIgniter\CodeIgniter->runController(Object(Modules\ProductManagement\Controllers\Product))
#11 C:\xampp\htdocs\lrfoims\vendor\codeigniter4\framework\system\CodeIgniter.php(332): CodeIgniter\CodeIgniter->handleRequest(NULL, Object(Config\Cache), false)
#12 C:\xampp\htdocs\lrfoims\public\index.php(44): CodeIgniter\CodeIgniter->run()
#13 C:\xampp\htdocs\lrfoims\vendor\codeigniter4\framework\system\Commands\Server\rewrite.php(45): require_once('C:\\xampp\\htdocs...')
#14 {main}
CRITICAL - 2022-08-23 12:14:18 --> Undefined variable: productStatus
#0 C:\xampp\htdocs\lrfoims\modules\ProductManagement\Views\product\form.php(64): CodeIgniter\Debug\Exceptions->errorHandler(8, 'Undefined varia...', 'C:\\xampp\\htdocs...', 64, Array)
#1 C:\xampp\htdocs\lrfoims\vendor\codeigniter4\framework\system\View\View.php(220): include('C:\\xampp\\htdocs...')
#2 C:\xampp\htdocs\lrfoims\vendor\codeigniter4\framework\system\View\View.php(222): CodeIgniter\View\View->CodeIgniter\View\{closure}()
#3 C:\xampp\htdocs\lrfoims\vendor\codeigniter4\framework\system\Common.php(1217): CodeIgniter\View\View->render('Modules\\Product...', Array, true)
#4 C:\xampp\htdocs\lrfoims\app\Views\templates\index.php(12): view('Modules\\Product...')
#5 C:\xampp\htdocs\lrfoims\vendor\codeigniter4\framework\system\View\View.php(220): include('C:\\xampp\\htdocs...')
#6 C:\xampp\htdocs\lrfoims\vendor\codeigniter4\framework\system\View\View.php(222): CodeIgniter\View\View->CodeIgniter\View\{closure}()
#7 C:\xampp\htdocs\lrfoims\vendor\codeigniter4\framework\system\Common.php(1217): CodeIgniter\View\View->render('templates/index', Array, true)
#8 C:\xampp\htdocs\lrfoims\modules\ProductManagement\Controllers\Product.php(112): view('templates/index', Array)
#9 C:\xampp\htdocs\lrfoims\vendor\codeigniter4\framework\system\CodeIgniter.php(935): Modules\ProductManagement\Controllers\Product->edit('5')
#10 C:\xampp\htdocs\lrfoims\vendor\codeigniter4\framework\system\CodeIgniter.php(431): CodeIgniter\CodeIgniter->runController(Object(Modules\ProductManagement\Controllers\Product))
#11 C:\xampp\htdocs\lrfoims\vendor\codeigniter4\framework\system\CodeIgniter.php(332): CodeIgniter\CodeIgniter->handleRequest(NULL, Object(Config\Cache), false)
#12 C:\xampp\htdocs\lrfoims\public\index.php(44): CodeIgniter\CodeIgniter->run()
#13 C:\xampp\htdocs\lrfoims\vendor\codeigniter4\framework\system\Commands\Server\rewrite.php(45): require_once('C:\\xampp\\htdocs...')
#14 {main}
CRITICAL - 2022-08-23 16:37:18 --> Undefined index: menu
#0 C:\xampp\htdocs\lrfoims\modules\OrderManagement\Views\order\orders.php(38): CodeIgniter\Debug\Exceptions->errorHandler(8, 'Undefined index...', 'C:\\xampp\\htdocs...', 38, Array)
#1 C:\xampp\htdocs\lrfoims\vendor\codeigniter4\framework\system\View\View.php(220): include('C:\\xampp\\htdocs...')
#2 C:\xampp\htdocs\lrfoims\vendor\codeigniter4\framework\system\View\View.php(222): CodeIgniter\View\View->CodeIgniter\View\{closure}()
#3 C:\xampp\htdocs\lrfoims\vendor\codeigniter4\framework\system\Common.php(1217): CodeIgniter\View\View->render('Modules\\OrderMa...', Array, true)
#4 C:\xampp\htdocs\lrfoims\modules\OrderManagement\Controllers\Order.php(35): view('Modules\\OrderMa...', Array)
#5 C:\xampp\htdocs\lrfoims\vendor\codeigniter4\framework\system\CodeIgniter.php(935): Modules\OrderManagement\Controllers\Order->retrieve()
#6 C:\xampp\htdocs\lrfoims\vendor\codeigniter4\framework\system\CodeIgniter.php(431): CodeIgniter\CodeIgniter->runController(Object(Modules\OrderManagement\Controllers\Order))
#7 C:\xampp\htdocs\lrfoims\vendor\codeigniter4\framework\system\CodeIgniter.php(332): CodeIgniter\CodeIgniter->handleRequest(NULL, Object(Config\Cache), false)
#8 C:\xampp\htdocs\lrfoims\public\index.php(44): CodeIgniter\CodeIgniter->run()
#9 C:\xampp\htdocs\lrfoims\vendor\codeigniter4\framework\system\Commands\Server\rewrite.php(45): require_once('C:\\xampp\\htdocs...')
#10 {main}
CRITICAL - 2022-08-23 16:37:18 --> Undefined index: menu
#0 C:\xampp\htdocs\lrfoims\modules\OrderManagement\Views\order\orders.php(38): CodeIgniter\Debug\Exceptions->errorHandler(8, 'Undefined index...', 'C:\\xampp\\htdocs...', 38, Array)
#1 C:\xampp\htdocs\lrfoims\vendor\codeigniter4\framework\system\View\View.php(220): include('C:\\xampp\\htdocs...')
#2 C:\xampp\htdocs\lrfoims\vendor\codeigniter4\framework\system\View\View.php(222): CodeIgniter\View\View->CodeIgniter\View\{closure}()
#3 C:\xampp\htdocs\lrfoims\vendor\codeigniter4\framework\system\Common.php(1217): CodeIgniter\View\View->render('Modules\\OrderMa...', Array, true)
#4 C:\xampp\htdocs\lrfoims\modules\OrderManagement\Controllers\Order.php(35): view('Modules\\OrderMa...', Array)
#5 C:\xampp\htdocs\lrfoims\vendor\codeigniter4\framework\system\CodeIgniter.php(935): Modules\OrderManagement\Controllers\Order->retrieve()
#6 C:\xampp\htdocs\lrfoims\vendor\codeigniter4\framework\system\CodeIgniter.php(431): CodeIgniter\CodeIgniter->runController(Object(Modules\OrderManagement\Controllers\Order))
#7 C:\xampp\htdocs\lrfoims\vendor\codeigniter4\framework\system\CodeIgniter.php(332): CodeIgniter\CodeIgniter->handleRequest(NULL, Object(Config\Cache), false)
#8 C:\xampp\htdocs\lrfoims\public\index.php(44): CodeIgniter\CodeIgniter->run()
#9 C:\xampp\htdocs\lrfoims\vendor\codeigniter4\framework\system\Commands\Server\rewrite.php(45): require_once('C:\\xampp\\htdocs...')
#10 {main}
CRITICAL - 2022-08-23 16:38:23 --> Undefined index: menu
#0 C:\xampp\htdocs\lrfoims\modules\OrderManagement\Views\order\orders.php(32): CodeIgniter\Debug\Exceptions->errorHandler(8, 'Undefined index...', 'C:\\xampp\\htdocs...', 32, Array)
#1 C:\xampp\htdocs\lrfoims\vendor\codeigniter4\framework\system\View\View.php(220): include('C:\\xampp\\htdocs...')
#2 C:\xampp\htdocs\lrfoims\vendor\codeigniter4\framework\system\View\View.php(222): CodeIgniter\View\View->CodeIgniter\View\{closure}()
#3 C:\xampp\htdocs\lrfoims\vendor\codeigniter4\framework\system\Common.php(1217): CodeIgniter\View\View->render('Modules\\OrderMa...', Array, true)
#4 C:\xampp\htdocs\lrfoims\modules\OrderManagement\Controllers\Order.php(35): view('Modules\\OrderMa...', Array)
#5 C:\xampp\htdocs\lrfoims\vendor\codeigniter4\framework\system\CodeIgniter.php(935): Modules\OrderManagement\Controllers\Order->retrieve()
#6 C:\xampp\htdocs\lrfoims\vendor\codeigniter4\framework\system\CodeIgniter.php(431): CodeIgniter\CodeIgniter->runController(Object(Modules\OrderManagement\Controllers\Order))
#7 C:\xampp\htdocs\lrfoims\vendor\codeigniter4\framework\system\CodeIgniter.php(332): CodeIgniter\CodeIgniter->handleRequest(NULL, Object(Config\Cache), false)
#8 C:\xampp\htdocs\lrfoims\public\index.php(44): CodeIgniter\CodeIgniter->run()
#9 C:\xampp\htdocs\lrfoims\vendor\codeigniter4\framework\system\Commands\Server\rewrite.php(45): require_once('C:\\xampp\\htdocs...')
#10 {main}
CRITICAL - 2022-08-23 16:38:23 --> Undefined index: menu
#0 C:\xampp\htdocs\lrfoims\modules\OrderManagement\Views\order\orders.php(32): CodeIgniter\Debug\Exceptions->errorHandler(8, 'Undefined index...', 'C:\\xampp\\htdocs...', 32, Array)
#1 C:\xampp\htdocs\lrfoims\vendor\codeigniter4\framework\system\View\View.php(220): include('C:\\xampp\\htdocs...')
#2 C:\xampp\htdocs\lrfoims\vendor\codeigniter4\framework\system\View\View.php(222): CodeIgniter\View\View->CodeIgniter\View\{closure}()
#3 C:\xampp\htdocs\lrfoims\vendor\codeigniter4\framework\system\Common.php(1217): CodeIgniter\View\View->render('Modules\\OrderMa...', Array, true)
#4 C:\xampp\htdocs\lrfoims\modules\OrderManagement\Controllers\Order.php(35): view('Modules\\OrderMa...', Array)
#5 C:\xampp\htdocs\lrfoims\vendor\codeigniter4\framework\system\CodeIgniter.php(935): Modules\OrderManagement\Controllers\Order->retrieve()
#6 C:\xampp\htdocs\lrfoims\vendor\codeigniter4\framework\system\CodeIgniter.php(431): CodeIgniter\CodeIgniter->runController(Object(Modules\OrderManagement\Controllers\Order))
#7 C:\xampp\htdocs\lrfoims\vendor\codeigniter4\framework\system\CodeIgniter.php(332): CodeIgniter\CodeIgniter->handleRequest(NULL, Object(Config\Cache), false)
#8 C:\xampp\htdocs\lrfoims\public\index.php(44): CodeIgniter\CodeIgniter->run()
#9 C:\xampp\htdocs\lrfoims\vendor\codeigniter4\framework\system\Commands\Server\rewrite.php(45): require_once('C:\\xampp\\htdocs...')
#10 {main}
CRITICAL - 2022-08-23 16:39:47 --> Undefined variable: menuLists
#0 C:\xampp\htdocs\lrfoims\modules\OrderManagement\Views\order\orders.php(31): CodeIgniter\Debug\Exceptions->errorHandler(8, 'Undefined varia...', 'C:\\xampp\\htdocs...', 31, Array)
#1 C:\xampp\htdocs\lrfoims\vendor\codeigniter4\framework\system\View\View.php(220): include('C:\\xampp\\htdocs...')
#2 C:\xampp\htdocs\lrfoims\vendor\codeigniter4\framework\system\View\View.php(222): CodeIgniter\View\View->CodeIgniter\View\{closure}()
#3 C:\xampp\htdocs\lrfoims\vendor\codeigniter4\framework\system\Common.php(1217): CodeIgniter\View\View->render('Modules\\OrderMa...', Array, true)
#4 C:\xampp\htdocs\lrfoims\modules\OrderManagement\Controllers\Order.php(35): view('Modules\\OrderMa...', Array)
#5 C:\xampp\htdocs\lrfoims\vendor\codeigniter4\framework\system\CodeIgniter.php(935): Modules\OrderManagement\Controllers\Order->retrieve()
#6 C:\xampp\htdocs\lrfoims\vendor\codeigniter4\framework\system\CodeIgniter.php(431): CodeIgniter\CodeIgniter->runController(Object(Modules\OrderManagement\Controllers\Order))
#7 C:\xampp\htdocs\lrfoims\vendor\codeigniter4\framework\system\CodeIgniter.php(332): CodeIgniter\CodeIgniter->handleRequest(NULL, Object(Config\Cache), false)
#8 C:\xampp\htdocs\lrfoims\public\index.php(44): CodeIgniter\CodeIgniter->run()
#9 C:\xampp\htdocs\lrfoims\vendor\codeigniter4\framework\system\Commands\Server\rewrite.php(45): require_once('C:\\xampp\\htdocs...')
#10 {main}
CRITICAL - 2022-08-23 16:39:47 --> Undefined variable: menuLists
#0 C:\xampp\htdocs\lrfoims\modules\OrderManagement\Views\order\orders.php(31): CodeIgniter\Debug\Exceptions->errorHandler(8, 'Undefined varia...', 'C:\\xampp\\htdocs...', 31, Array)
#1 C:\xampp\htdocs\lrfoims\vendor\codeigniter4\framework\system\View\View.php(220): include('C:\\xampp\\htdocs...')
#2 C:\xampp\htdocs\lrfoims\vendor\codeigniter4\framework\system\View\View.php(222): CodeIgniter\View\View->CodeIgniter\View\{closure}()
#3 C:\xampp\htdocs\lrfoims\vendor\codeigniter4\framework\system\Common.php(1217): CodeIgniter\View\View->render('Modules\\OrderMa...', Array, true)
#4 C:\xampp\htdocs\lrfoims\modules\OrderManagement\Controllers\Order.php(35): view('Modules\\OrderMa...', Array)
#5 C:\xampp\htdocs\lrfoims\vendor\codeigniter4\framework\system\CodeIgniter.php(935): Modules\OrderManagement\Controllers\Order->retrieve()
#6 C:\xampp\htdocs\lrfoims\vendor\codeigniter4\framework\system\CodeIgniter.php(431): CodeIgniter\CodeIgniter->runController(Object(Modules\OrderManagement\Controllers\Order))
#7 C:\xampp\htdocs\lrfoims\vendor\codeigniter4\framework\system\CodeIgniter.php(332): CodeIgniter\CodeIgniter->handleRequest(NULL, Object(Config\Cache), false)
#8 C:\xampp\htdocs\lrfoims\public\index.php(44): CodeIgniter\CodeIgniter->run()
#9 C:\xampp\htdocs\lrfoims\vendor\codeigniter4\framework\system\Commands\Server\rewrite.php(45): require_once('C:\\xampp\\htdocs...')
#10 {main}
CRITICAL - 2022-08-23 16:41:11 --> Class 'Modules\ProductManagement\Models\MenuModel' not found
#0 C:\xampp\htdocs\lrfoims\vendor\codeigniter4\framework\system\CodeIgniter.php(907): Modules\OrderManagement\Controllers\Order->__construct()
#1 C:\xampp\htdocs\lrfoims\vendor\codeigniter4\framework\system\CodeIgniter.php(421): CodeIgniter\CodeIgniter->createController()
#2 C:\xampp\htdocs\lrfoims\vendor\codeigniter4\framework\system\CodeIgniter.php(332): CodeIgniter\CodeIgniter->handleRequest(NULL, Object(Config\Cache), false)
#3 C:\xampp\htdocs\lrfoims\public\index.php(44): CodeIgniter\CodeIgniter->run()
#4 C:\xampp\htdocs\lrfoims\vendor\codeigniter4\framework\system\Commands\Server\rewrite.php(45): require_once('C:\\xampp\\htdocs...')
#5 {main}
CRITICAL - 2022-08-23 16:41:11 --> Class 'Modules\ProductManagement\Models\MenuModel' not found
#0 C:\xampp\htdocs\lrfoims\vendor\codeigniter4\framework\system\CodeIgniter.php(907): Modules\OrderManagement\Controllers\Order->__construct()
#1 C:\xampp\htdocs\lrfoims\vendor\codeigniter4\framework\system\CodeIgniter.php(421): CodeIgniter\CodeIgniter->createController()
#2 C:\xampp\htdocs\lrfoims\vendor\codeigniter4\framework\system\CodeIgniter.php(332): CodeIgniter\CodeIgniter->handleRequest(NULL, Object(Config\Cache), false)
#3 C:\xampp\htdocs\lrfoims\public\index.php(44): CodeIgniter\CodeIgniter->run()
#4 C:\xampp\htdocs\lrfoims\vendor\codeigniter4\framework\system\Commands\Server\rewrite.php(45): require_once('C:\\xampp\\htdocs...')
#5 {main}
CRITICAL - 2022-08-23 16:41:12 --> Class 'Modules\ProductManagement\Models\MenuModel' not found
#0 C:\xampp\htdocs\lrfoims\vendor\codeigniter4\framework\system\CodeIgniter.php(907): Modules\OrderManagement\Controllers\Order->__construct()
#1 C:\xampp\htdocs\lrfoims\vendor\codeigniter4\framework\system\CodeIgniter.php(421): CodeIgniter\CodeIgniter->createController()
#2 C:\xampp\htdocs\lrfoims\vendor\codeigniter4\framework\system\CodeIgniter.php(332): CodeIgniter\CodeIgniter->handleRequest(NULL, Object(Config\Cache), false)
#3 C:\xampp\htdocs\lrfoims\public\index.php(44): CodeIgniter\CodeIgniter->run()
#4 C:\xampp\htdocs\lrfoims\vendor\codeigniter4\framework\system\Commands\Server\rewrite.php(45): require_once('C:\\xampp\\htdocs...')
#5 {main}
CRITICAL - 2022-08-23 16:41:12 --> Class 'Modules\ProductManagement\Models\MenuModel' not found
#0 C:\xampp\htdocs\lrfoims\vendor\codeigniter4\framework\system\CodeIgniter.php(907): Modules\OrderManagement\Controllers\Order->__construct()
#1 C:\xampp\htdocs\lrfoims\vendor\codeigniter4\framework\system\CodeIgniter.php(421): CodeIgniter\CodeIgniter->createController()
#2 C:\xampp\htdocs\lrfoims\vendor\codeigniter4\framework\system\CodeIgniter.php(332): CodeIgniter\CodeIgniter->handleRequest(NULL, Object(Config\Cache), false)
#3 C:\xampp\htdocs\lrfoims\public\index.php(44): CodeIgniter\CodeIgniter->run()
#4 C:\xampp\htdocs\lrfoims\vendor\codeigniter4\framework\system\Commands\Server\rewrite.php(45): require_once('C:\\xampp\\htdocs...')
#5 {main}
CRITICAL - 2022-08-23 17:35:52 --> Undefined index: product_name
#0 C:\xampp\htdocs\lrfoims\modules\OrderManagement\Views\menuList\index.php(68): CodeIgniter\Debug\Exceptions->errorHandler(8, 'Undefined index...', 'C:\\xampp\\htdocs...', 68, Array)
#1 C:\xampp\htdocs\lrfoims\vendor\codeigniter4\framework\system\View\View.php(220): include('C:\\xampp\\htdocs...')
#2 C:\xampp\htdocs\lrfoims\vendor\codeigniter4\framework\system\View\View.php(222): CodeIgniter\View\View->CodeIgniter\View\{closure}()
#3 C:\xampp\htdocs\lrfoims\vendor\codeigniter4\framework\system\Common.php(1217): CodeIgniter\View\View->render('Modules\\OrderMa...', Array, true)
#4 C:\xampp\htdocs\lrfoims\app\Views\templates\index.php(9): view('Modules\\OrderMa...')
#5 C:\xampp\htdocs\lrfoims\vendor\codeigniter4\framework\system\View\View.php(220): include('C:\\xampp\\htdocs...')
#6 C:\xampp\htdocs\lrfoims\vendor\codeigniter4\framework\system\View\View.php(222): CodeIgniter\View\View->CodeIgniter\View\{closure}()
#7 C:\xampp\htdocs\lrfoims\vendor\codeigniter4\framework\system\Common.php(1217): CodeIgniter\View\View->render('templates/index', Array, true)
#8 C:\xampp\htdocs\lrfoims\modules\OrderManagement\Controllers\Order.php(40): view('templates/index', Array)
#9 C:\xampp\htdocs\lrfoims\vendor\codeigniter4\framework\system\CodeIgniter.php(935): Modules\OrderManagement\Controllers\Order->menu()
#10 C:\xampp\htdocs\lrfoims\vendor\codeigniter4\framework\system\CodeIgniter.php(431): CodeIgniter\CodeIgniter->runController(Object(Modules\OrderManagement\Controllers\Order))
#11 C:\xampp\htdocs\lrfoims\vendor\codeigniter4\framework\system\CodeIgniter.php(332): CodeIgniter\CodeIgniter->handleRequest(NULL, Object(Config\Cache), false)
#12 C:\xampp\htdocs\lrfoims\public\index.php(44): CodeIgniter\CodeIgniter->run()
#13 C:\xampp\htdocs\lrfoims\vendor\codeigniter4\framework\system\Commands\Server\rewrite.php(45): require_once('C:\\xampp\\htdocs...')
#14 {main}
