CRITICAL - 2022-11-20 09:23:16 --> Class 'Modules\SystemSettings\Models\OrderNumberModel' not found
#0 C:\xampp\htdocs\lrfoims\vendor\codeigniter4\framework\system\CodeIgniter.php(907): Modules\OrderManagement\Controllers\Order->__construct()
#1 C:\xampp\htdocs\lrfoims\vendor\codeigniter4\framework\system\CodeIgniter.php(421): CodeIgniter\CodeIgniter->createController()
#2 C:\xampp\htdocs\lrfoims\vendor\codeigniter4\framework\system\CodeIgniter.php(332): CodeIgniter\CodeIgniter->handleRequest(NULL, Object(Config\Cache), false)
#3 C:\xampp\htdocs\lrfoims\public\index.php(44): CodeIgniter\CodeIgniter->run()
#4 C:\xampp\htdocs\lrfoims\vendor\codeigniter4\framework\system\Commands\Server\rewrite.php(45): require_once('C:\\xampp\\htdocs...')
#5 {main}
CRITICAL - 2022-11-20 10:33:52 --> Undefined index: unit
#0 C:\xampp\htdocs\lrfoims\app\Views\templates\generateIngredientReport.php(59): CodeIgniter\Debug\Exceptions->errorHandler(8, 'Undefined index...', 'C:\\xampp\\htdocs...', 59, Array)
#1 C:\xampp\htdocs\lrfoims\vendor\codeigniter4\framework\system\View\View.php(220): include('C:\\xampp\\htdocs...')
#2 C:\xampp\htdocs\lrfoims\vendor\codeigniter4\framework\system\View\View.php(222): CodeIgniter\View\View->CodeIgniter\View\{closure}()
#3 C:\xampp\htdocs\lrfoims\vendor\codeigniter4\framework\system\Common.php(1217): CodeIgniter\View\View->render('templates/gener...', Array, true)
#4 C:\xampp\htdocs\lrfoims\modules\IngredientReportManagement\Controllers\IngredientReport.php(215): view('templates/gener...', Array)
#5 C:\xampp\htdocs\lrfoims\vendor\codeigniter4\framework\system\CodeIgniter.php(935): Modules\IngredientReportManagement\Controllers\IngredientReport->generateReport()
#6 C:\xampp\htdocs\lrfoims\vendor\codeigniter4\framework\system\CodeIgniter.php(431): CodeIgniter\CodeIgniter->runController(Object(Modules\IngredientReportManagement\Controllers\IngredientReport))
#7 C:\xampp\htdocs\lrfoims\vendor\codeigniter4\framework\system\CodeIgniter.php(332): CodeIgniter\CodeIgniter->handleRequest(NULL, Object(Config\Cache), false)
#8 C:\xampp\htdocs\lrfoims\public\index.php(44): CodeIgniter\CodeIgniter->run()
#9 C:\xampp\htdocs\lrfoims\vendor\codeigniter4\framework\system\Commands\Server\rewrite.php(45): require_once('C:\\xampp\\htdocs...')
#10 {main}
CRITICAL - 2022-11-20 10:34:33 --> Undefined index: thead
#0 C:\xampp\htdocs\lrfoims\vendor\tecnickcom\tcpdf\tcpdf.php(16642): CodeIgniter\Debug\Exceptions->errorHandler(8, 'Undefined index...', 'C:\\xampp\\htdocs...', 16642, Array)
#1 C:\xampp\htdocs\lrfoims\vendor\tecnickcom\tcpdf\tcpdf.php(17354): TCPDF->getHtmlDomArray('<body>&nbsp; <h...')
#2 C:\xampp\htdocs\lrfoims\modules\IngredientReportManagement\Controllers\IngredientReport.php(216): TCPDF->writeHTML('<!-- DEBUG-VIEW...', true, false, true, false, '')
#3 C:\xampp\htdocs\lrfoims\vendor\codeigniter4\framework\system\CodeIgniter.php(935): Modules\IngredientReportManagement\Controllers\IngredientReport->generateReport()
#4 C:\xampp\htdocs\lrfoims\vendor\codeigniter4\framework\system\CodeIgniter.php(431): CodeIgniter\CodeIgniter->runController(Object(Modules\IngredientReportManagement\Controllers\IngredientReport))
#5 C:\xampp\htdocs\lrfoims\vendor\codeigniter4\framework\system\CodeIgniter.php(332): CodeIgniter\CodeIgniter->handleRequest(NULL, Object(Config\Cache), false)
#6 C:\xampp\htdocs\lrfoims\public\index.php(44): CodeIgniter\CodeIgniter->run()
#7 C:\xampp\htdocs\lrfoims\vendor\codeigniter4\framework\system\Commands\Server\rewrite.php(45): require_once('C:\\xampp\\htdocs...')
#8 {main}
CRITICAL - 2022-11-20 10:34:59 --> Undefined index: thead
#0 C:\xampp\htdocs\lrfoims\vendor\tecnickcom\tcpdf\tcpdf.php(16642): CodeIgniter\Debug\Exceptions->errorHandler(8, 'Undefined index...', 'C:\\xampp\\htdocs...', 16642, Array)
#1 C:\xampp\htdocs\lrfoims\vendor\tecnickcom\tcpdf\tcpdf.php(17354): TCPDF->getHtmlDomArray('<body>&nbsp; <h...')
#2 C:\xampp\htdocs\lrfoims\modules\IngredientReportManagement\Controllers\IngredientReport.php(216): TCPDF->writeHTML('<!-- DEBUG-VIEW...', true, false, true, false, '')
#3 C:\xampp\htdocs\lrfoims\vendor\codeigniter4\framework\system\CodeIgniter.php(935): Modules\IngredientReportManagement\Controllers\IngredientReport->generateReport()
#4 C:\xampp\htdocs\lrfoims\vendor\codeigniter4\framework\system\CodeIgniter.php(431): CodeIgniter\CodeIgniter->runController(Object(Modules\IngredientReportManagement\Controllers\IngredientReport))
#5 C:\xampp\htdocs\lrfoims\vendor\codeigniter4\framework\system\CodeIgniter.php(332): CodeIgniter\CodeIgniter->handleRequest(NULL, Object(Config\Cache), false)
#6 C:\xampp\htdocs\lrfoims\public\index.php(44): CodeIgniter\CodeIgniter->run()
#7 C:\xampp\htdocs\lrfoims\vendor\codeigniter4\framework\system\Commands\Server\rewrite.php(45): require_once('C:\\xampp\\htdocs...')
#8 {main}
CRITICAL - 2022-11-20 10:35:34 --> Undefined index: thead
#0 C:\xampp\htdocs\lrfoims\vendor\tecnickcom\tcpdf\tcpdf.php(16642): CodeIgniter\Debug\Exceptions->errorHandler(8, 'Undefined index...', 'C:\\xampp\\htdocs...', 16642, Array)
#1 C:\xampp\htdocs\lrfoims\vendor\tecnickcom\tcpdf\tcpdf.php(17354): TCPDF->getHtmlDomArray('<body>&nbsp; <h...')
#2 C:\xampp\htdocs\lrfoims\modules\IngredientReportManagement\Controllers\IngredientReport.php(216): TCPDF->writeHTML('<!-- DEBUG-VIEW...', true, false, true, false, '')
#3 C:\xampp\htdocs\lrfoims\vendor\codeigniter4\framework\system\CodeIgniter.php(935): Modules\IngredientReportManagement\Controllers\IngredientReport->generateReport()
#4 C:\xampp\htdocs\lrfoims\vendor\codeigniter4\framework\system\CodeIgniter.php(431): CodeIgniter\CodeIgniter->runController(Object(Modules\IngredientReportManagement\Controllers\IngredientReport))
#5 C:\xampp\htdocs\lrfoims\vendor\codeigniter4\framework\system\CodeIgniter.php(332): CodeIgniter\CodeIgniter->handleRequest(NULL, Object(Config\Cache), false)
#6 C:\xampp\htdocs\lrfoims\public\index.php(44): CodeIgniter\CodeIgniter->run()
#7 C:\xampp\htdocs\lrfoims\vendor\codeigniter4\framework\system\Commands\Server\rewrite.php(45): require_once('C:\\xampp\\htdocs...')
#8 {main}
CRITICAL - 2022-11-20 10:37:46 --> Undefined index: thead
#0 C:\xampp\htdocs\lrfoims\vendor\tecnickcom\tcpdf\tcpdf.php(16642): CodeIgniter\Debug\Exceptions->errorHandler(8, 'Undefined index...', 'C:\\xampp\\htdocs...', 16642, Array)
#1 C:\xampp\htdocs\lrfoims\vendor\tecnickcom\tcpdf\tcpdf.php(17354): TCPDF->getHtmlDomArray('<body>&nbsp; <h...')
#2 C:\xampp\htdocs\lrfoims\modules\IngredientReportManagement\Controllers\IngredientReport.php(216): TCPDF->writeHTML('<!-- DEBUG-VIEW...', true, false, true, false, '')
#3 C:\xampp\htdocs\lrfoims\vendor\codeigniter4\framework\system\CodeIgniter.php(935): Modules\IngredientReportManagement\Controllers\IngredientReport->generateReport()
#4 C:\xampp\htdocs\lrfoims\vendor\codeigniter4\framework\system\CodeIgniter.php(431): CodeIgniter\CodeIgniter->runController(Object(Modules\IngredientReportManagement\Controllers\IngredientReport))
#5 C:\xampp\htdocs\lrfoims\vendor\codeigniter4\framework\system\CodeIgniter.php(332): CodeIgniter\CodeIgniter->handleRequest(NULL, Object(Config\Cache), false)
#6 C:\xampp\htdocs\lrfoims\public\index.php(44): CodeIgniter\CodeIgniter->run()
#7 C:\xampp\htdocs\lrfoims\vendor\codeigniter4\framework\system\Commands\Server\rewrite.php(45): require_once('C:\\xampp\\htdocs...')
#8 {main}
CRITICAL - 2022-11-20 10:38:09 --> Undefined index: thead
#0 C:\xampp\htdocs\lrfoims\vendor\tecnickcom\tcpdf\tcpdf.php(16642): CodeIgniter\Debug\Exceptions->errorHandler(8, 'Undefined index...', 'C:\\xampp\\htdocs...', 16642, Array)
#1 C:\xampp\htdocs\lrfoims\vendor\tecnickcom\tcpdf\tcpdf.php(17354): TCPDF->getHtmlDomArray('<body>&nbsp; <h...')
#2 C:\xampp\htdocs\lrfoims\modules\IngredientReportManagement\Controllers\IngredientReport.php(216): TCPDF->writeHTML('<!-- DEBUG-VIEW...', true, false, true, false, '')
#3 C:\xampp\htdocs\lrfoims\vendor\codeigniter4\framework\system\CodeIgniter.php(935): Modules\IngredientReportManagement\Controllers\IngredientReport->generateReport()
#4 C:\xampp\htdocs\lrfoims\vendor\codeigniter4\framework\system\CodeIgniter.php(431): CodeIgniter\CodeIgniter->runController(Object(Modules\IngredientReportManagement\Controllers\IngredientReport))
#5 C:\xampp\htdocs\lrfoims\vendor\codeigniter4\framework\system\CodeIgniter.php(332): CodeIgniter\CodeIgniter->handleRequest(NULL, Object(Config\Cache), false)
#6 C:\xampp\htdocs\lrfoims\public\index.php(44): CodeIgniter\CodeIgniter->run()
#7 C:\xampp\htdocs\lrfoims\vendor\codeigniter4\framework\system\Commands\Server\rewrite.php(45): require_once('C:\\xampp\\htdocs...')
#8 {main}
CRITICAL - 2022-11-20 10:38:17 --> Undefined index: thead
#0 C:\xampp\htdocs\lrfoims\vendor\tecnickcom\tcpdf\tcpdf.php(16642): CodeIgniter\Debug\Exceptions->errorHandler(8, 'Undefined index...', 'C:\\xampp\\htdocs...', 16642, Array)
#1 C:\xampp\htdocs\lrfoims\vendor\tecnickcom\tcpdf\tcpdf.php(17354): TCPDF->getHtmlDomArray('<body>&nbsp; <h...')
#2 C:\xampp\htdocs\lrfoims\modules\IngredientReportManagement\Controllers\IngredientReport.php(216): TCPDF->writeHTML('<!-- DEBUG-VIEW...', true, false, true, false, '')
#3 C:\xampp\htdocs\lrfoims\vendor\codeigniter4\framework\system\CodeIgniter.php(935): Modules\IngredientReportManagement\Controllers\IngredientReport->generateReport()
#4 C:\xampp\htdocs\lrfoims\vendor\codeigniter4\framework\system\CodeIgniter.php(431): CodeIgniter\CodeIgniter->runController(Object(Modules\IngredientReportManagement\Controllers\IngredientReport))
#5 C:\xampp\htdocs\lrfoims\vendor\codeigniter4\framework\system\CodeIgniter.php(332): CodeIgniter\CodeIgniter->handleRequest(NULL, Object(Config\Cache), false)
#6 C:\xampp\htdocs\lrfoims\public\index.php(44): CodeIgniter\CodeIgniter->run()
#7 C:\xampp\htdocs\lrfoims\vendor\codeigniter4\framework\system\Commands\Server\rewrite.php(45): require_once('C:\\xampp\\htdocs...')
#8 {main}
CRITICAL - 2022-11-20 10:38:25 --> Undefined index: thead
#0 C:\xampp\htdocs\lrfoims\vendor\tecnickcom\tcpdf\tcpdf.php(16642): CodeIgniter\Debug\Exceptions->errorHandler(8, 'Undefined index...', 'C:\\xampp\\htdocs...', 16642, Array)
#1 C:\xampp\htdocs\lrfoims\vendor\tecnickcom\tcpdf\tcpdf.php(17354): TCPDF->getHtmlDomArray('<body>&nbsp; <h...')
#2 C:\xampp\htdocs\lrfoims\modules\IngredientReportManagement\Controllers\IngredientReport.php(216): TCPDF->writeHTML('<!-- DEBUG-VIEW...', true, false, true, false, '')
#3 C:\xampp\htdocs\lrfoims\vendor\codeigniter4\framework\system\CodeIgniter.php(935): Modules\IngredientReportManagement\Controllers\IngredientReport->generateReport()
#4 C:\xampp\htdocs\lrfoims\vendor\codeigniter4\framework\system\CodeIgniter.php(431): CodeIgniter\CodeIgniter->runController(Object(Modules\IngredientReportManagement\Controllers\IngredientReport))
#5 C:\xampp\htdocs\lrfoims\vendor\codeigniter4\framework\system\CodeIgniter.php(332): CodeIgniter\CodeIgniter->handleRequest(NULL, Object(Config\Cache), false)
#6 C:\xampp\htdocs\lrfoims\public\index.php(44): CodeIgniter\CodeIgniter->run()
#7 C:\xampp\htdocs\lrfoims\vendor\codeigniter4\framework\system\Commands\Server\rewrite.php(45): require_once('C:\\xampp\\htdocs...')
#8 {main}
CRITICAL - 2022-11-20 10:38:32 --> Undefined index: thead
#0 C:\xampp\htdocs\lrfoims\vendor\tecnickcom\tcpdf\tcpdf.php(16642): CodeIgniter\Debug\Exceptions->errorHandler(8, 'Undefined index...', 'C:\\xampp\\htdocs...', 16642, Array)
#1 C:\xampp\htdocs\lrfoims\vendor\tecnickcom\tcpdf\tcpdf.php(17354): TCPDF->getHtmlDomArray('<body>&nbsp; <h...')
#2 C:\xampp\htdocs\lrfoims\modules\IngredientReportManagement\Controllers\IngredientReport.php(216): TCPDF->writeHTML('<!-- DEBUG-VIEW...', true, false, true, false, '')
#3 C:\xampp\htdocs\lrfoims\vendor\codeigniter4\framework\system\CodeIgniter.php(935): Modules\IngredientReportManagement\Controllers\IngredientReport->generateReport()
#4 C:\xampp\htdocs\lrfoims\vendor\codeigniter4\framework\system\CodeIgniter.php(431): CodeIgniter\CodeIgniter->runController(Object(Modules\IngredientReportManagement\Controllers\IngredientReport))
#5 C:\xampp\htdocs\lrfoims\vendor\codeigniter4\framework\system\CodeIgniter.php(332): CodeIgniter\CodeIgniter->handleRequest(NULL, Object(Config\Cache), false)
#6 C:\xampp\htdocs\lrfoims\public\index.php(44): CodeIgniter\CodeIgniter->run()
#7 C:\xampp\htdocs\lrfoims\vendor\codeigniter4\framework\system\Commands\Server\rewrite.php(45): require_once('C:\\xampp\\htdocs...')
#8 {main}
CRITICAL - 2022-11-20 10:41:55 --> Undefined index: thead
#0 C:\xampp\htdocs\lrfoims\vendor\tecnickcom\tcpdf\tcpdf.php(16642): CodeIgniter\Debug\Exceptions->errorHandler(8, 'Undefined index...', 'C:\\xampp\\htdocs...', 16642, Array)
#1 C:\xampp\htdocs\lrfoims\vendor\tecnickcom\tcpdf\tcpdf.php(17354): TCPDF->getHtmlDomArray('<body>&nbsp; <h...')
#2 C:\xampp\htdocs\lrfoims\modules\IngredientReportManagement\Controllers\IngredientReport.php(216): TCPDF->writeHTML('<!-- DEBUG-VIEW...', true, false, true, false, '')
#3 C:\xampp\htdocs\lrfoims\vendor\codeigniter4\framework\system\CodeIgniter.php(935): Modules\IngredientReportManagement\Controllers\IngredientReport->generateReport()
#4 C:\xampp\htdocs\lrfoims\vendor\codeigniter4\framework\system\CodeIgniter.php(431): CodeIgniter\CodeIgniter->runController(Object(Modules\IngredientReportManagement\Controllers\IngredientReport))
#5 C:\xampp\htdocs\lrfoims\vendor\codeigniter4\framework\system\CodeIgniter.php(332): CodeIgniter\CodeIgniter->handleRequest(NULL, Object(Config\Cache), false)
#6 C:\xampp\htdocs\lrfoims\public\index.php(44): CodeIgniter\CodeIgniter->run()
#7 C:\xampp\htdocs\lrfoims\vendor\codeigniter4\framework\system\Commands\Server\rewrite.php(45): require_once('C:\\xampp\\htdocs...')
#8 {main}
CRITICAL - 2022-11-20 10:44:09 --> Undefined index: thead
#0 C:\xampp\htdocs\lrfoims\vendor\tecnickcom\tcpdf\tcpdf.php(16642): CodeIgniter\Debug\Exceptions->errorHandler(8, 'Undefined index...', 'C:\\xampp\\htdocs...', 16642, Array)
#1 C:\xampp\htdocs\lrfoims\vendor\tecnickcom\tcpdf\tcpdf.php(17354): TCPDF->getHtmlDomArray('<body>&nbsp; <h...')
#2 C:\xampp\htdocs\lrfoims\modules\IngredientReportManagement\Controllers\IngredientReport.php(216): TCPDF->writeHTML('<!-- DEBUG-VIEW...', true, false, true, false, '')
#3 C:\xampp\htdocs\lrfoims\vendor\codeigniter4\framework\system\CodeIgniter.php(935): Modules\IngredientReportManagement\Controllers\IngredientReport->generateReport()
#4 C:\xampp\htdocs\lrfoims\vendor\codeigniter4\framework\system\CodeIgniter.php(431): CodeIgniter\CodeIgniter->runController(Object(Modules\IngredientReportManagement\Controllers\IngredientReport))
#5 C:\xampp\htdocs\lrfoims\vendor\codeigniter4\framework\system\CodeIgniter.php(332): CodeIgniter\CodeIgniter->handleRequest(NULL, Object(Config\Cache), false)
#6 C:\xampp\htdocs\lrfoims\public\index.php(44): CodeIgniter\CodeIgniter->run()
#7 C:\xampp\htdocs\lrfoims\vendor\codeigniter4\framework\system\Commands\Server\rewrite.php(45): require_once('C:\\xampp\\htdocs...')
#8 {main}
CRITICAL - 2022-11-20 10:44:29 --> Undefined index: thead
#0 C:\xampp\htdocs\lrfoims\vendor\tecnickcom\tcpdf\tcpdf.php(16642): CodeIgniter\Debug\Exceptions->errorHandler(8, 'Undefined index...', 'C:\\xampp\\htdocs...', 16642, Array)
#1 C:\xampp\htdocs\lrfoims\vendor\tecnickcom\tcpdf\tcpdf.php(17354): TCPDF->getHtmlDomArray('<body>&nbsp; <h...')
#2 C:\xampp\htdocs\lrfoims\modules\IngredientReportManagement\Controllers\IngredientReport.php(216): TCPDF->writeHTML('<!-- DEBUG-VIEW...', true, false, true, false, '')
#3 C:\xampp\htdocs\lrfoims\vendor\codeigniter4\framework\system\CodeIgniter.php(935): Modules\IngredientReportManagement\Controllers\IngredientReport->generateReport()
#4 C:\xampp\htdocs\lrfoims\vendor\codeigniter4\framework\system\CodeIgniter.php(431): CodeIgniter\CodeIgniter->runController(Object(Modules\IngredientReportManagement\Controllers\IngredientReport))
#5 C:\xampp\htdocs\lrfoims\vendor\codeigniter4\framework\system\CodeIgniter.php(332): CodeIgniter\CodeIgniter->handleRequest(NULL, Object(Config\Cache), false)
#6 C:\xampp\htdocs\lrfoims\public\index.php(44): CodeIgniter\CodeIgniter->run()
#7 C:\xampp\htdocs\lrfoims\vendor\codeigniter4\framework\system\Commands\Server\rewrite.php(45): require_once('C:\\xampp\\htdocs...')
#8 {main}
CRITICAL - 2022-11-20 10:44:58 --> Undefined index: product_status
#0 C:\xampp\htdocs\lrfoims\app\Views\templates\generateIngredientReport.php(62): CodeIgniter\Debug\Exceptions->errorHandler(8, 'Undefined index...', 'C:\\xampp\\htdocs...', 62, Array)
#1 C:\xampp\htdocs\lrfoims\vendor\codeigniter4\framework\system\View\View.php(220): include('C:\\xampp\\htdocs...')
#2 C:\xampp\htdocs\lrfoims\vendor\codeigniter4\framework\system\View\View.php(222): CodeIgniter\View\View->CodeIgniter\View\{closure}()
#3 C:\xampp\htdocs\lrfoims\vendor\codeigniter4\framework\system\Common.php(1217): CodeIgniter\View\View->render('templates/gener...', Array, true)
#4 C:\xampp\htdocs\lrfoims\modules\IngredientReportManagement\Controllers\IngredientReport.php(215): view('templates/gener...', Array)
#5 C:\xampp\htdocs\lrfoims\vendor\codeigniter4\framework\system\CodeIgniter.php(935): Modules\IngredientReportManagement\Controllers\IngredientReport->generateReport()
#6 C:\xampp\htdocs\lrfoims\vendor\codeigniter4\framework\system\CodeIgniter.php(431): CodeIgniter\CodeIgniter->runController(Object(Modules\IngredientReportManagement\Controllers\IngredientReport))
#7 C:\xampp\htdocs\lrfoims\vendor\codeigniter4\framework\system\CodeIgniter.php(332): CodeIgniter\CodeIgniter->handleRequest(NULL, Object(Config\Cache), false)
#8 C:\xampp\htdocs\lrfoims\public\index.php(44): CodeIgniter\CodeIgniter->run()
#9 C:\xampp\htdocs\lrfoims\vendor\codeigniter4\framework\system\Commands\Server\rewrite.php(45): require_once('C:\\xampp\\htdocs...')
#10 {main}
CRITICAL - 2022-11-20 10:46:32 --> Undefined index: product_status
#0 C:\xampp\htdocs\lrfoims\app\Views\templates\generateIngredientReport.php(62): CodeIgniter\Debug\Exceptions->errorHandler(8, 'Undefined index...', 'C:\\xampp\\htdocs...', 62, Array)
#1 C:\xampp\htdocs\lrfoims\vendor\codeigniter4\framework\system\View\View.php(220): include('C:\\xampp\\htdocs...')
#2 C:\xampp\htdocs\lrfoims\vendor\codeigniter4\framework\system\View\View.php(222): CodeIgniter\View\View->CodeIgniter\View\{closure}()
#3 C:\xampp\htdocs\lrfoims\vendor\codeigniter4\framework\system\Common.php(1217): CodeIgniter\View\View->render('templates/gener...', Array, true)
#4 C:\xampp\htdocs\lrfoims\modules\IngredientReportManagement\Controllers\IngredientReport.php(215): view('templates/gener...', Array)
#5 C:\xampp\htdocs\lrfoims\vendor\codeigniter4\framework\system\CodeIgniter.php(935): Modules\IngredientReportManagement\Controllers\IngredientReport->generateReport()
#6 C:\xampp\htdocs\lrfoims\vendor\codeigniter4\framework\system\CodeIgniter.php(431): CodeIgniter\CodeIgniter->runController(Object(Modules\IngredientReportManagement\Controllers\IngredientReport))
#7 C:\xampp\htdocs\lrfoims\vendor\codeigniter4\framework\system\CodeIgniter.php(332): CodeIgniter\CodeIgniter->handleRequest(NULL, Object(Config\Cache), false)
#8 C:\xampp\htdocs\lrfoims\public\index.php(44): CodeIgniter\CodeIgniter->run()
#9 C:\xampp\htdocs\lrfoims\vendor\codeigniter4\framework\system\Commands\Server\rewrite.php(45): require_once('C:\\xampp\\htdocs...')
#10 {main}
CRITICAL - 2022-11-20 10:46:54 --> Undefined index: product_status
#0 C:\xampp\htdocs\lrfoims\app\Views\templates\generateIngredientReport.php(62): CodeIgniter\Debug\Exceptions->errorHandler(8, 'Undefined index...', 'C:\\xampp\\htdocs...', 62, Array)
#1 C:\xampp\htdocs\lrfoims\vendor\codeigniter4\framework\system\View\View.php(220): include('C:\\xampp\\htdocs...')
#2 C:\xampp\htdocs\lrfoims\vendor\codeigniter4\framework\system\View\View.php(222): CodeIgniter\View\View->CodeIgniter\View\{closure}()
#3 C:\xampp\htdocs\lrfoims\vendor\codeigniter4\framework\system\Common.php(1217): CodeIgniter\View\View->render('templates/gener...', Array, true)
#4 C:\xampp\htdocs\lrfoims\modules\IngredientReportManagement\Controllers\IngredientReport.php(215): view('templates/gener...', Array)
#5 C:\xampp\htdocs\lrfoims\vendor\codeigniter4\framework\system\CodeIgniter.php(935): Modules\IngredientReportManagement\Controllers\IngredientReport->generateReport()
#6 C:\xampp\htdocs\lrfoims\vendor\codeigniter4\framework\system\CodeIgniter.php(431): CodeIgniter\CodeIgniter->runController(Object(Modules\IngredientReportManagement\Controllers\IngredientReport))
#7 C:\xampp\htdocs\lrfoims\vendor\codeigniter4\framework\system\CodeIgniter.php(332): CodeIgniter\CodeIgniter->handleRequest(NULL, Object(Config\Cache), false)
#8 C:\xampp\htdocs\lrfoims\public\index.php(44): CodeIgniter\CodeIgniter->run()
#9 C:\xampp\htdocs\lrfoims\vendor\codeigniter4\framework\system\Commands\Server\rewrite.php(45): require_once('C:\\xampp\\htdocs...')
#10 {main}
CRITICAL - 2022-11-20 10:47:03 --> Undefined index: product_status
#0 C:\xampp\htdocs\lrfoims\app\Views\templates\generateIngredientReport.php(62): CodeIgniter\Debug\Exceptions->errorHandler(8, 'Undefined index...', 'C:\\xampp\\htdocs...', 62, Array)
#1 C:\xampp\htdocs\lrfoims\vendor\codeigniter4\framework\system\View\View.php(220): include('C:\\xampp\\htdocs...')
#2 C:\xampp\htdocs\lrfoims\vendor\codeigniter4\framework\system\View\View.php(222): CodeIgniter\View\View->CodeIgniter\View\{closure}()
#3 C:\xampp\htdocs\lrfoims\vendor\codeigniter4\framework\system\Common.php(1217): CodeIgniter\View\View->render('templates/gener...', Array, true)
#4 C:\xampp\htdocs\lrfoims\modules\IngredientReportManagement\Controllers\IngredientReport.php(215): view('templates/gener...', Array)
#5 C:\xampp\htdocs\lrfoims\vendor\codeigniter4\framework\system\CodeIgniter.php(935): Modules\IngredientReportManagement\Controllers\IngredientReport->generateReport()
#6 C:\xampp\htdocs\lrfoims\vendor\codeigniter4\framework\system\CodeIgniter.php(431): CodeIgniter\CodeIgniter->runController(Object(Modules\IngredientReportManagement\Controllers\IngredientReport))
#7 C:\xampp\htdocs\lrfoims\vendor\codeigniter4\framework\system\CodeIgniter.php(332): CodeIgniter\CodeIgniter->handleRequest(NULL, Object(Config\Cache), false)
#8 C:\xampp\htdocs\lrfoims\public\index.php(44): CodeIgniter\CodeIgniter->run()
#9 C:\xampp\htdocs\lrfoims\vendor\codeigniter4\framework\system\Commands\Server\rewrite.php(45): require_once('C:\\xampp\\htdocs...')
#10 {main}
CRITICAL - 2022-11-20 10:47:34 --> Undefined index: product_status
#0 C:\xampp\htdocs\lrfoims\app\Views\templates\generateIngredientReport.php(62): CodeIgniter\Debug\Exceptions->errorHandler(8, 'Undefined index...', 'C:\\xampp\\htdocs...', 62, Array)
#1 C:\xampp\htdocs\lrfoims\vendor\codeigniter4\framework\system\View\View.php(220): include('C:\\xampp\\htdocs...')
#2 C:\xampp\htdocs\lrfoims\vendor\codeigniter4\framework\system\View\View.php(222): CodeIgniter\View\View->CodeIgniter\View\{closure}()
#3 C:\xampp\htdocs\lrfoims\vendor\codeigniter4\framework\system\Common.php(1217): CodeIgniter\View\View->render('templates/gener...', Array, true)
#4 C:\xampp\htdocs\lrfoims\modules\IngredientReportManagement\Controllers\IngredientReport.php(215): view('templates/gener...', Array)
#5 C:\xampp\htdocs\lrfoims\vendor\codeigniter4\framework\system\CodeIgniter.php(935): Modules\IngredientReportManagement\Controllers\IngredientReport->generateReport()
#6 C:\xampp\htdocs\lrfoims\vendor\codeigniter4\framework\system\CodeIgniter.php(431): CodeIgniter\CodeIgniter->runController(Object(Modules\IngredientReportManagement\Controllers\IngredientReport))
#7 C:\xampp\htdocs\lrfoims\vendor\codeigniter4\framework\system\CodeIgniter.php(332): CodeIgniter\CodeIgniter->handleRequest(NULL, Object(Config\Cache), false)
#8 C:\xampp\htdocs\lrfoims\public\index.php(44): CodeIgniter\CodeIgniter->run()
#9 C:\xampp\htdocs\lrfoims\vendor\codeigniter4\framework\system\Commands\Server\rewrite.php(45): require_once('C:\\xampp\\htdocs...')
#10 {main}
CRITICAL - 2022-11-20 10:47:52 --> Undefined index: thead
#0 C:\xampp\htdocs\lrfoims\vendor\tecnickcom\tcpdf\tcpdf.php(16642): CodeIgniter\Debug\Exceptions->errorHandler(8, 'Undefined index...', 'C:\\xampp\\htdocs...', 16642, Array)
#1 C:\xampp\htdocs\lrfoims\vendor\tecnickcom\tcpdf\tcpdf.php(17354): TCPDF->getHtmlDomArray('<body>&nbsp; <h...')
#2 C:\xampp\htdocs\lrfoims\modules\IngredientReportManagement\Controllers\IngredientReport.php(216): TCPDF->writeHTML('<!-- DEBUG-VIEW...', true, false, true, false, '')
#3 C:\xampp\htdocs\lrfoims\vendor\codeigniter4\framework\system\CodeIgniter.php(935): Modules\IngredientReportManagement\Controllers\IngredientReport->generateReport()
#4 C:\xampp\htdocs\lrfoims\vendor\codeigniter4\framework\system\CodeIgniter.php(431): CodeIgniter\CodeIgniter->runController(Object(Modules\IngredientReportManagement\Controllers\IngredientReport))
#5 C:\xampp\htdocs\lrfoims\vendor\codeigniter4\framework\system\CodeIgniter.php(332): CodeIgniter\CodeIgniter->handleRequest(NULL, Object(Config\Cache), false)
#6 C:\xampp\htdocs\lrfoims\public\index.php(44): CodeIgniter\CodeIgniter->run()
#7 C:\xampp\htdocs\lrfoims\vendor\codeigniter4\framework\system\Commands\Server\rewrite.php(45): require_once('C:\\xampp\\htdocs...')
#8 {main}
CRITICAL - 2022-11-20 10:49:43 --> Undefined index: thead
#0 C:\xampp\htdocs\lrfoims\vendor\tecnickcom\tcpdf\tcpdf.php(16642): CodeIgniter\Debug\Exceptions->errorHandler(8, 'Undefined index...', 'C:\\xampp\\htdocs...', 16642, Array)
#1 C:\xampp\htdocs\lrfoims\vendor\tecnickcom\tcpdf\tcpdf.php(17354): TCPDF->getHtmlDomArray('<body>&nbsp; <h...')
#2 C:\xampp\htdocs\lrfoims\modules\IngredientReportManagement\Controllers\IngredientReport.php(216): TCPDF->writeHTML('<!-- DEBUG-VIEW...', true, false, true, false, '')
#3 C:\xampp\htdocs\lrfoims\vendor\codeigniter4\framework\system\CodeIgniter.php(935): Modules\IngredientReportManagement\Controllers\IngredientReport->generateReport()
#4 C:\xampp\htdocs\lrfoims\vendor\codeigniter4\framework\system\CodeIgniter.php(431): CodeIgniter\CodeIgniter->runController(Object(Modules\IngredientReportManagement\Controllers\IngredientReport))
#5 C:\xampp\htdocs\lrfoims\vendor\codeigniter4\framework\system\CodeIgniter.php(332): CodeIgniter\CodeIgniter->handleRequest(NULL, Object(Config\Cache), false)
#6 C:\xampp\htdocs\lrfoims\public\index.php(44): CodeIgniter\CodeIgniter->run()
#7 C:\xampp\htdocs\lrfoims\vendor\codeigniter4\framework\system\Commands\Server\rewrite.php(45): require_once('C:\\xampp\\htdocs...')
#8 {main}
CRITICAL - 2022-11-20 10:49:56 --> Undefined index: thead
#0 C:\xampp\htdocs\lrfoims\vendor\tecnickcom\tcpdf\tcpdf.php(16642): CodeIgniter\Debug\Exceptions->errorHandler(8, 'Undefined index...', 'C:\\xampp\\htdocs...', 16642, Array)
#1 C:\xampp\htdocs\lrfoims\vendor\tecnickcom\tcpdf\tcpdf.php(17354): TCPDF->getHtmlDomArray('<body>&nbsp; <h...')
#2 C:\xampp\htdocs\lrfoims\modules\IngredientReportManagement\Controllers\IngredientReport.php(216): TCPDF->writeHTML('<!-- DEBUG-VIEW...', true, false, true, false, '')
#3 C:\xampp\htdocs\lrfoims\vendor\codeigniter4\framework\system\CodeIgniter.php(935): Modules\IngredientReportManagement\Controllers\IngredientReport->generateReport()
#4 C:\xampp\htdocs\lrfoims\vendor\codeigniter4\framework\system\CodeIgniter.php(431): CodeIgniter\CodeIgniter->runController(Object(Modules\IngredientReportManagement\Controllers\IngredientReport))
#5 C:\xampp\htdocs\lrfoims\vendor\codeigniter4\framework\system\CodeIgniter.php(332): CodeIgniter\CodeIgniter->handleRequest(NULL, Object(Config\Cache), false)
#6 C:\xampp\htdocs\lrfoims\public\index.php(44): CodeIgniter\CodeIgniter->run()
#7 C:\xampp\htdocs\lrfoims\vendor\codeigniter4\framework\system\Commands\Server\rewrite.php(45): require_once('C:\\xampp\\htdocs...')
#8 {main}
CRITICAL - 2022-11-20 11:07:05 --> Return value of CodeIgniter\BaseModel::transformDataToArray() must be of the type array, string returned
#0 C:\xampp\htdocs\lrfoims\vendor\codeigniter4\framework\system\BaseModel.php(864): CodeIgniter\BaseModel->transformDataToArray('16', 'update')
#1 C:\xampp\htdocs\lrfoims\vendor\codeigniter4\framework\system\Model.php(737): CodeIgniter\BaseModel->update(Array, '16')
#2 C:\xampp\htdocs\lrfoims\modules\OrderManagement\Controllers\Order.php(846): CodeIgniter\Model->update(Array, '16')
#3 C:\xampp\htdocs\lrfoims\vendor\codeigniter4\framework\system\CodeIgniter.php(935): Modules\OrderManagement\Controllers\Order->delete('16')
#4 C:\xampp\htdocs\lrfoims\vendor\codeigniter4\framework\system\CodeIgniter.php(431): CodeIgniter\CodeIgniter->runController(Object(Modules\OrderManagement\Controllers\Order))
#5 C:\xampp\htdocs\lrfoims\vendor\codeigniter4\framework\system\CodeIgniter.php(332): CodeIgniter\CodeIgniter->handleRequest(NULL, Object(Config\Cache), false)
#6 C:\xampp\htdocs\lrfoims\public\index.php(44): CodeIgniter\CodeIgniter->run()
#7 C:\xampp\htdocs\lrfoims\vendor\codeigniter4\framework\system\Commands\Server\rewrite.php(45): require_once('C:\\xampp\\htdocs...')
#8 {main}
CRITICAL - 2022-11-20 11:56:09 --> Call to undefined method Modules\OrderManagement\Models\OrderModel::getCustomerOrderDetails
#0 C:\xampp\htdocs\lrfoims\modules\HomeManagement\Controllers\Home.php(268): CodeIgniter\Model->__call('getCustomerOrde...', Array)
#1 C:\xampp\htdocs\lrfoims\vendor\codeigniter4\framework\system\CodeIgniter.php(935): Modules\HomeManagement\Controllers\Home->cart()
#2 C:\xampp\htdocs\lrfoims\vendor\codeigniter4\framework\system\CodeIgniter.php(431): CodeIgniter\CodeIgniter->runController(Object(Modules\HomeManagement\Controllers\Home))
#3 C:\xampp\htdocs\lrfoims\vendor\codeigniter4\framework\system\CodeIgniter.php(332): CodeIgniter\CodeIgniter->handleRequest(NULL, Object(Config\Cache), false)
#4 C:\xampp\htdocs\lrfoims\public\index.php(44): CodeIgniter\CodeIgniter->run()
#5 C:\xampp\htdocs\lrfoims\vendor\codeigniter4\framework\system\Commands\Server\rewrite.php(45): require_once('C:\\xampp\\htdocs...')
#6 {main}
CRITICAL - 2022-11-20 12:46:45 --> Undefined variable: getCarorderTypetTotalPrice
#0 C:\xampp\htdocs\lrfoims\modules\HomeManagement\Views\home\cart.php(192): CodeIgniter\Debug\Exceptions->errorHandler(8, 'Undefined varia...', 'C:\\xampp\\htdocs...', 192, Array)
#1 C:\xampp\htdocs\lrfoims\vendor\codeigniter4\framework\system\View\View.php(220): include('C:\\xampp\\htdocs...')
#2 C:\xampp\htdocs\lrfoims\vendor\codeigniter4\framework\system\View\View.php(222): CodeIgniter\View\View->CodeIgniter\View\{closure}()
#3 C:\xampp\htdocs\lrfoims\vendor\codeigniter4\framework\system\Common.php(1217): CodeIgniter\View\View->render('Modules\\HomeMan...', Array, true)
#4 C:\xampp\htdocs\lrfoims\app\Views\templates\landingPage.php(140): view('Modules\\HomeMan...')
#5 C:\xampp\htdocs\lrfoims\vendor\codeigniter4\framework\system\View\View.php(220): include('C:\\xampp\\htdocs...')
#6 C:\xampp\htdocs\lrfoims\vendor\codeigniter4\framework\system\View\View.php(222): CodeIgniter\View\View->CodeIgniter\View\{closure}()
#7 C:\xampp\htdocs\lrfoims\vendor\codeigniter4\framework\system\Common.php(1217): CodeIgniter\View\View->render('templates/landi...', Array, true)
#8 C:\xampp\htdocs\lrfoims\modules\HomeManagement\Controllers\Home.php(278): view('templates/landi...', Array)
#9 C:\xampp\htdocs\lrfoims\vendor\codeigniter4\framework\system\CodeIgniter.php(935): Modules\HomeManagement\Controllers\Home->cart()
#10 C:\xampp\htdocs\lrfoims\vendor\codeigniter4\framework\system\CodeIgniter.php(431): CodeIgniter\CodeIgniter->runController(Object(Modules\HomeManagement\Controllers\Home))
#11 C:\xampp\htdocs\lrfoims\vendor\codeigniter4\framework\system\CodeIgniter.php(332): CodeIgniter\CodeIgniter->handleRequest(NULL, Object(Config\Cache), false)
#12 C:\xampp\htdocs\lrfoims\public\index.php(44): CodeIgniter\CodeIgniter->run()
#13 C:\xampp\htdocs\lrfoims\vendor\codeigniter4\framework\system\Commands\Server\rewrite.php(45): require_once('C:\\xampp\\htdocs...')
#14 {main}
