CRITICAL - 2022-10-21 10:49:35 --> Undefined variable: action
#0 C:\xampp\htdocs\lrfoims\modules\MenuManagement\Views\menu\form.php(82): CodeIgniter\Debug\Exceptions->errorHandler(8, 'Undefined varia...', 'C:\\xampp\\htdocs...', 82, Array)
#1 C:\xampp\htdocs\lrfoims\vendor\codeigniter4\framework\system\View\View.php(220): include('C:\\xampp\\htdocs...')
#2 C:\xampp\htdocs\lrfoims\vendor\codeigniter4\framework\system\View\View.php(222): CodeIgniter\View\View->CodeIgniter\View\{closure}()
#3 C:\xampp\htdocs\lrfoims\vendor\codeigniter4\framework\system\Common.php(1217): CodeIgniter\View\View->render('Modules\\MenuMan...', Array, true)
#4 C:\xampp\htdocs\lrfoims\app\Views\templates\index.php(10): view('Modules\\MenuMan...')
#5 C:\xampp\htdocs\lrfoims\vendor\codeigniter4\framework\system\View\View.php(220): include('C:\\xampp\\htdocs...')
#6 C:\xampp\htdocs\lrfoims\vendor\codeigniter4\framework\system\View\View.php(222): CodeIgniter\View\View->CodeIgniter\View\{closure}()
#7 C:\xampp\htdocs\lrfoims\vendor\codeigniter4\framework\system\Common.php(1217): CodeIgniter\View\View->render('templates/index', Array, true)
#8 C:\xampp\htdocs\lrfoims\modules\MenuManagement\Controllers\Menu.php(101): view('templates/index', Array)
#9 C:\xampp\htdocs\lrfoims\vendor\codeigniter4\framework\system\CodeIgniter.php(935): Modules\MenuManagement\Controllers\Menu->edit('1')
#10 C:\xampp\htdocs\lrfoims\vendor\codeigniter4\framework\system\CodeIgniter.php(431): CodeIgniter\CodeIgniter->runController(Object(Modules\MenuManagement\Controllers\Menu))
#11 C:\xampp\htdocs\lrfoims\vendor\codeigniter4\framework\system\CodeIgniter.php(332): CodeIgniter\CodeIgniter->handleRequest(NULL, Object(Config\Cache), false)
#12 C:\xampp\htdocs\lrfoims\public\index.php(44): CodeIgniter\CodeIgniter->run()
#13 C:\xampp\htdocs\lrfoims\vendor\codeigniter4\framework\system\Commands\Server\rewrite.php(45): require_once('C:\\xampp\\htdocs...')
#14 {main}
CRITICAL - 2022-10-21 11:28:49 --> There is no data to update.
#0 C:\xampp\htdocs\lrfoims\vendor\codeigniter4\framework\system\BaseModel.php(1682): CodeIgniter\Database\Exceptions\DataException::forEmptyDataset('update')
#1 C:\xampp\htdocs\lrfoims\vendor\codeigniter4\framework\system\BaseModel.php(864): CodeIgniter\BaseModel->transformDataToArray(Array, 'update')
#2 C:\xampp\htdocs\lrfoims\vendor\codeigniter4\framework\system\Model.php(737): CodeIgniter\BaseModel->update(Array, Array)
#3 C:\xampp\htdocs\lrfoims\modules\MenuManagement\Controllers\Menu.php(108): CodeIgniter\Model->update('1', Array)
#4 C:\xampp\htdocs\lrfoims\vendor\codeigniter4\framework\system\CodeIgniter.php(935): Modules\MenuManagement\Controllers\Menu->editMenuStatus('1')
#5 C:\xampp\htdocs\lrfoims\vendor\codeigniter4\framework\system\CodeIgniter.php(431): CodeIgniter\CodeIgniter->runController(Object(Modules\MenuManagement\Controllers\Menu))
#6 C:\xampp\htdocs\lrfoims\vendor\codeigniter4\framework\system\CodeIgniter.php(332): CodeIgniter\CodeIgniter->handleRequest(NULL, Object(Config\Cache), false)
#7 C:\xampp\htdocs\lrfoims\public\index.php(44): CodeIgniter\CodeIgniter->run()
#8 C:\xampp\htdocs\lrfoims\vendor\codeigniter4\framework\system\Commands\Server\rewrite.php(45): require_once('C:\\xampp\\htdocs...')
#9 {main}
CRITICAL - 2022-10-21 11:30:42 --> Undefined index: menu_status
#0 C:\xampp\htdocs\lrfoims\modules\MenuManagement\Controllers\Menu.php(108): CodeIgniter\Debug\Exceptions->errorHandler(8, 'Undefined index...', 'C:\\xampp\\htdocs...', 108, Array)
#1 C:\xampp\htdocs\lrfoims\vendor\codeigniter4\framework\system\CodeIgniter.php(935): Modules\MenuManagement\Controllers\Menu->editMenuStatus('1')
#2 C:\xampp\htdocs\lrfoims\vendor\codeigniter4\framework\system\CodeIgniter.php(431): CodeIgniter\CodeIgniter->runController(Object(Modules\MenuManagement\Controllers\Menu))
#3 C:\xampp\htdocs\lrfoims\vendor\codeigniter4\framework\system\CodeIgniter.php(332): CodeIgniter\CodeIgniter->handleRequest(NULL, Object(Config\Cache), false)
#4 C:\xampp\htdocs\lrfoims\public\index.php(44): CodeIgniter\CodeIgniter->run()
#5 C:\xampp\htdocs\lrfoims\vendor\codeigniter4\framework\system\Commands\Server\rewrite.php(45): require_once('C:\\xampp\\htdocs...')
#6 {main}
CRITICAL - 2022-10-21 11:32:50 --> Undefined index: menu_status
#0 C:\xampp\htdocs\lrfoims\modules\MenuManagement\Controllers\Menu.php(108): CodeIgniter\Debug\Exceptions->errorHandler(8, 'Undefined index...', 'C:\\xampp\\htdocs...', 108, Array)
#1 C:\xampp\htdocs\lrfoims\vendor\codeigniter4\framework\system\CodeIgniter.php(935): Modules\MenuManagement\Controllers\Menu->editMenuStatus('1')
#2 C:\xampp\htdocs\lrfoims\vendor\codeigniter4\framework\system\CodeIgniter.php(431): CodeIgniter\CodeIgniter->runController(Object(Modules\MenuManagement\Controllers\Menu))
#3 C:\xampp\htdocs\lrfoims\vendor\codeigniter4\framework\system\CodeIgniter.php(332): CodeIgniter\CodeIgniter->handleRequest(NULL, Object(Config\Cache), false)
#4 C:\xampp\htdocs\lrfoims\public\index.php(44): CodeIgniter\CodeIgniter->run()
#5 C:\xampp\htdocs\lrfoims\vendor\codeigniter4\framework\system\Commands\Server\rewrite.php(45): require_once('C:\\xampp\\htdocs...')
#6 {main}
CRITICAL - 2022-10-21 11:33:26 --> There is no data to update.
#0 C:\xampp\htdocs\lrfoims\vendor\codeigniter4\framework\system\BaseModel.php(1682): CodeIgniter\Database\Exceptions\DataException::forEmptyDataset('update')
#1 C:\xampp\htdocs\lrfoims\vendor\codeigniter4\framework\system\BaseModel.php(864): CodeIgniter\BaseModel->transformDataToArray(Array, 'update')
#2 C:\xampp\htdocs\lrfoims\vendor\codeigniter4\framework\system\Model.php(737): CodeIgniter\BaseModel->update(Array, Array)
#3 C:\xampp\htdocs\lrfoims\modules\MenuManagement\Controllers\Menu.php(108): CodeIgniter\Model->update('1', Array)
#4 C:\xampp\htdocs\lrfoims\vendor\codeigniter4\framework\system\CodeIgniter.php(935): Modules\MenuManagement\Controllers\Menu->editMenuStatus('1')
#5 C:\xampp\htdocs\lrfoims\vendor\codeigniter4\framework\system\CodeIgniter.php(431): CodeIgniter\CodeIgniter->runController(Object(Modules\MenuManagement\Controllers\Menu))
#6 C:\xampp\htdocs\lrfoims\vendor\codeigniter4\framework\system\CodeIgniter.php(332): CodeIgniter\CodeIgniter->handleRequest(NULL, Object(Config\Cache), false)
#7 C:\xampp\htdocs\lrfoims\public\index.php(44): CodeIgniter\CodeIgniter->run()
#8 C:\xampp\htdocs\lrfoims\vendor\codeigniter4\framework\system\Commands\Server\rewrite.php(45): require_once('C:\\xampp\\htdocs...')
#9 {main}
CRITICAL - 2022-10-21 11:35:41 --> There is no data to update.
#0 C:\xampp\htdocs\lrfoims\vendor\codeigniter4\framework\system\BaseModel.php(1682): CodeIgniter\Database\Exceptions\DataException::forEmptyDataset('update')
#1 C:\xampp\htdocs\lrfoims\vendor\codeigniter4\framework\system\BaseModel.php(864): CodeIgniter\BaseModel->transformDataToArray(Array, 'update')
#2 C:\xampp\htdocs\lrfoims\vendor\codeigniter4\framework\system\Model.php(737): CodeIgniter\BaseModel->update(Array, Array)
#3 C:\xampp\htdocs\lrfoims\modules\MenuManagement\Controllers\Menu.php(108): CodeIgniter\Model->update('1', Array)
#4 C:\xampp\htdocs\lrfoims\vendor\codeigniter4\framework\system\CodeIgniter.php(935): Modules\MenuManagement\Controllers\Menu->editMenuStatus('1')
#5 C:\xampp\htdocs\lrfoims\vendor\codeigniter4\framework\system\CodeIgniter.php(431): CodeIgniter\CodeIgniter->runController(Object(Modules\MenuManagement\Controllers\Menu))
#6 C:\xampp\htdocs\lrfoims\vendor\codeigniter4\framework\system\CodeIgniter.php(332): CodeIgniter\CodeIgniter->handleRequest(NULL, Object(Config\Cache), false)
#7 C:\xampp\htdocs\lrfoims\public\index.php(44): CodeIgniter\CodeIgniter->run()
#8 C:\xampp\htdocs\lrfoims\vendor\codeigniter4\framework\system\Commands\Server\rewrite.php(45): require_once('C:\\xampp\\htdocs...')
#9 {main}
CRITICAL - 2022-10-21 11:35:50 --> There is no data to update.
#0 C:\xampp\htdocs\lrfoims\vendor\codeigniter4\framework\system\BaseModel.php(1682): CodeIgniter\Database\Exceptions\DataException::forEmptyDataset('update')
#1 C:\xampp\htdocs\lrfoims\vendor\codeigniter4\framework\system\BaseModel.php(864): CodeIgniter\BaseModel->transformDataToArray(Array, 'update')
#2 C:\xampp\htdocs\lrfoims\vendor\codeigniter4\framework\system\Model.php(737): CodeIgniter\BaseModel->update(Array, Array)
#3 C:\xampp\htdocs\lrfoims\modules\MenuManagement\Controllers\Menu.php(108): CodeIgniter\Model->update('1', Array)
#4 C:\xampp\htdocs\lrfoims\vendor\codeigniter4\framework\system\CodeIgniter.php(935): Modules\MenuManagement\Controllers\Menu->editMenuStatus('1')
#5 C:\xampp\htdocs\lrfoims\vendor\codeigniter4\framework\system\CodeIgniter.php(431): CodeIgniter\CodeIgniter->runController(Object(Modules\MenuManagement\Controllers\Menu))
#6 C:\xampp\htdocs\lrfoims\vendor\codeigniter4\framework\system\CodeIgniter.php(332): CodeIgniter\CodeIgniter->handleRequest(NULL, Object(Config\Cache), false)
#7 C:\xampp\htdocs\lrfoims\public\index.php(44): CodeIgniter\CodeIgniter->run()
#8 C:\xampp\htdocs\lrfoims\vendor\codeigniter4\framework\system\Commands\Server\rewrite.php(45): require_once('C:\\xampp\\htdocs...')
#9 {main}
CRITICAL - 2022-10-21 11:37:09 --> There is no data to update.
#0 C:\xampp\htdocs\lrfoims\vendor\codeigniter4\framework\system\BaseModel.php(1682): CodeIgniter\Database\Exceptions\DataException::forEmptyDataset('update')
#1 C:\xampp\htdocs\lrfoims\vendor\codeigniter4\framework\system\BaseModel.php(864): CodeIgniter\BaseModel->transformDataToArray(Array, 'update')
#2 C:\xampp\htdocs\lrfoims\vendor\codeigniter4\framework\system\Model.php(737): CodeIgniter\BaseModel->update(Array, Array)
#3 C:\xampp\htdocs\lrfoims\modules\MenuManagement\Controllers\Menu.php(108): CodeIgniter\Model->update('1', Array)
#4 C:\xampp\htdocs\lrfoims\vendor\codeigniter4\framework\system\CodeIgniter.php(935): Modules\MenuManagement\Controllers\Menu->editMenuStatus('1')
#5 C:\xampp\htdocs\lrfoims\vendor\codeigniter4\framework\system\CodeIgniter.php(431): CodeIgniter\CodeIgniter->runController(Object(Modules\MenuManagement\Controllers\Menu))
#6 C:\xampp\htdocs\lrfoims\vendor\codeigniter4\framework\system\CodeIgniter.php(332): CodeIgniter\CodeIgniter->handleRequest(NULL, Object(Config\Cache), false)
#7 C:\xampp\htdocs\lrfoims\public\index.php(44): CodeIgniter\CodeIgniter->run()
#8 C:\xampp\htdocs\lrfoims\vendor\codeigniter4\framework\system\Commands\Server\rewrite.php(45): require_once('C:\\xampp\\htdocs...')
#9 {main}
CRITICAL - 2022-10-21 11:37:54 --> There is no data to update.
#0 C:\xampp\htdocs\lrfoims\vendor\codeigniter4\framework\system\BaseModel.php(1682): CodeIgniter\Database\Exceptions\DataException::forEmptyDataset('update')
#1 C:\xampp\htdocs\lrfoims\vendor\codeigniter4\framework\system\BaseModel.php(864): CodeIgniter\BaseModel->transformDataToArray(Array, 'update')
#2 C:\xampp\htdocs\lrfoims\vendor\codeigniter4\framework\system\Model.php(737): CodeIgniter\BaseModel->update(Array, Array)
#3 C:\xampp\htdocs\lrfoims\modules\MenuManagement\Controllers\Menu.php(108): CodeIgniter\Model->update('1', Array)
#4 C:\xampp\htdocs\lrfoims\vendor\codeigniter4\framework\system\CodeIgniter.php(935): Modules\MenuManagement\Controllers\Menu->editMenuStatus('1')
#5 C:\xampp\htdocs\lrfoims\vendor\codeigniter4\framework\system\CodeIgniter.php(431): CodeIgniter\CodeIgniter->runController(Object(Modules\MenuManagement\Controllers\Menu))
#6 C:\xampp\htdocs\lrfoims\vendor\codeigniter4\framework\system\CodeIgniter.php(332): CodeIgniter\CodeIgniter->handleRequest(NULL, Object(Config\Cache), false)
#7 C:\xampp\htdocs\lrfoims\public\index.php(44): CodeIgniter\CodeIgniter->run()
#8 C:\xampp\htdocs\lrfoims\vendor\codeigniter4\framework\system\Commands\Server\rewrite.php(45): require_once('C:\\xampp\\htdocs...')
#9 {main}
CRITICAL - 2022-10-21 11:39:37 --> There is no data to update.
#0 C:\xampp\htdocs\lrfoims\vendor\codeigniter4\framework\system\BaseModel.php(1682): CodeIgniter\Database\Exceptions\DataException::forEmptyDataset('update')
#1 C:\xampp\htdocs\lrfoims\vendor\codeigniter4\framework\system\BaseModel.php(864): CodeIgniter\BaseModel->transformDataToArray(Array, 'update')
#2 C:\xampp\htdocs\lrfoims\vendor\codeigniter4\framework\system\Model.php(737): CodeIgniter\BaseModel->update(Array, Array)
#3 C:\xampp\htdocs\lrfoims\modules\MenuManagement\Controllers\Menu.php(108): CodeIgniter\Model->update('1', Array)
#4 C:\xampp\htdocs\lrfoims\vendor\codeigniter4\framework\system\CodeIgniter.php(935): Modules\MenuManagement\Controllers\Menu->editMenuStatus('1')
#5 C:\xampp\htdocs\lrfoims\vendor\codeigniter4\framework\system\CodeIgniter.php(431): CodeIgniter\CodeIgniter->runController(Object(Modules\MenuManagement\Controllers\Menu))
#6 C:\xampp\htdocs\lrfoims\vendor\codeigniter4\framework\system\CodeIgniter.php(332): CodeIgniter\CodeIgniter->handleRequest(NULL, Object(Config\Cache), false)
#7 C:\xampp\htdocs\lrfoims\public\index.php(44): CodeIgniter\CodeIgniter->run()
#8 C:\xampp\htdocs\lrfoims\vendor\codeigniter4\framework\system\Commands\Server\rewrite.php(45): require_once('C:\\xampp\\htdocs...')
#9 {main}
CRITICAL - 2022-10-21 14:41:56 --> Call to undefined function user_link()
#0 C:\xampp\htdocs\lrfoims\vendor\codeigniter4\framework\system\View\View.php(220): include()
#1 C:\xampp\htdocs\lrfoims\vendor\codeigniter4\framework\system\View\View.php(222): CodeIgniter\View\View->CodeIgniter\View\{closure}()
#2 C:\xampp\htdocs\lrfoims\vendor\codeigniter4\framework\system\Common.php(1217): CodeIgniter\View\View->render('Modules\\Ingredi...', Array, true)
#3 C:\xampp\htdocs\lrfoims\app\Views\templates\index.php(10): view('Modules\\Ingredi...')
#4 C:\xampp\htdocs\lrfoims\vendor\codeigniter4\framework\system\View\View.php(220): include('C:\\xampp\\htdocs...')
#5 C:\xampp\htdocs\lrfoims\vendor\codeigniter4\framework\system\View\View.php(222): CodeIgniter\View\View->CodeIgniter\View\{closure}()
#6 C:\xampp\htdocs\lrfoims\vendor\codeigniter4\framework\system\Common.php(1217): CodeIgniter\View\View->render('templates/index', Array, true)
#7 C:\xampp\htdocs\lrfoims\modules\IngredientReportManagement\Controllers\IngredientReport.php(166): view('templates/index', Array)
#8 C:\xampp\htdocs\lrfoims\vendor\codeigniter4\framework\system\CodeIgniter.php(935): Modules\IngredientReportManagement\Controllers\IngredientReport->index()
#9 C:\xampp\htdocs\lrfoims\vendor\codeigniter4\framework\system\CodeIgniter.php(431): CodeIgniter\CodeIgniter->runController(Object(Modules\IngredientReportManagement\Controllers\IngredientReport))
#10 C:\xampp\htdocs\lrfoims\vendor\codeigniter4\framework\system\CodeIgniter.php(332): CodeIgniter\CodeIgniter->handleRequest(NULL, Object(Config\Cache), false)
#11 C:\xampp\htdocs\lrfoims\public\index.php(44): CodeIgniter\CodeIgniter->run()
#12 C:\xampp\htdocs\lrfoims\vendor\codeigniter4\framework\system\Commands\Server\rewrite.php(45): require_once('C:\\xampp\\htdocs...')
#13 {main}
CRITICAL - 2022-10-21 14:42:15 --> Argument 2 passed to user_link() must be of the type array, null given, called in C:\xampp\htdocs\lrfoims\modules\IngredientReportManagement\Views\ingredientReport\index.php on line 87
#0 C:\xampp\htdocs\lrfoims\modules\IngredientReportManagement\Views\ingredientReport\index.php(87): user_link('ingredient-repo...', NULL)
#1 C:\xampp\htdocs\lrfoims\vendor\codeigniter4\framework\system\View\View.php(220): include('C:\\xampp\\htdocs...')
#2 C:\xampp\htdocs\lrfoims\vendor\codeigniter4\framework\system\View\View.php(222): CodeIgniter\View\View->CodeIgniter\View\{closure}()
#3 C:\xampp\htdocs\lrfoims\vendor\codeigniter4\framework\system\Common.php(1217): CodeIgniter\View\View->render('Modules\\Ingredi...', Array, true)
#4 C:\xampp\htdocs\lrfoims\app\Views\templates\index.php(10): view('Modules\\Ingredi...')
#5 C:\xampp\htdocs\lrfoims\vendor\codeigniter4\framework\system\View\View.php(220): include('C:\\xampp\\htdocs...')
#6 C:\xampp\htdocs\lrfoims\vendor\codeigniter4\framework\system\View\View.php(222): CodeIgniter\View\View->CodeIgniter\View\{closure}()
#7 C:\xampp\htdocs\lrfoims\vendor\codeigniter4\framework\system\Common.php(1217): CodeIgniter\View\View->render('templates/index', Array, true)
#8 C:\xampp\htdocs\lrfoims\modules\IngredientReportManagement\Controllers\IngredientReport.php(166): view('templates/index', Array)
#9 C:\xampp\htdocs\lrfoims\vendor\codeigniter4\framework\system\CodeIgniter.php(935): Modules\IngredientReportManagement\Controllers\IngredientReport->index()
#10 C:\xampp\htdocs\lrfoims\vendor\codeigniter4\framework\system\CodeIgniter.php(431): CodeIgniter\CodeIgniter->runController(Object(Modules\IngredientReportManagement\Controllers\IngredientReport))
#11 C:\xampp\htdocs\lrfoims\vendor\codeigniter4\framework\system\CodeIgniter.php(332): CodeIgniter\CodeIgniter->handleRequest(NULL, Object(Config\Cache), false)
#12 C:\xampp\htdocs\lrfoims\public\index.php(44): CodeIgniter\CodeIgniter->run()
#13 C:\xampp\htdocs\lrfoims\vendor\codeigniter4\framework\system\Commands\Server\rewrite.php(45): require_once('C:\\xampp\\htdocs...')
#14 {main}
CRITICAL - 2022-10-21 14:42:47 --> Argument 2 passed to user_link() must be of the type array, null given, called in C:\xampp\htdocs\lrfoims\modules\IngredientReportManagement\Views\ingredientReport\index.php on line 87
#0 C:\xampp\htdocs\lrfoims\modules\IngredientReportManagement\Views\ingredientReport\index.php(87): user_link('ingredient-repo...', NULL)
#1 C:\xampp\htdocs\lrfoims\vendor\codeigniter4\framework\system\View\View.php(220): include('C:\\xampp\\htdocs...')
#2 C:\xampp\htdocs\lrfoims\vendor\codeigniter4\framework\system\View\View.php(222): CodeIgniter\View\View->CodeIgniter\View\{closure}()
#3 C:\xampp\htdocs\lrfoims\vendor\codeigniter4\framework\system\Common.php(1217): CodeIgniter\View\View->render('Modules\\Ingredi...', Array, true)
#4 C:\xampp\htdocs\lrfoims\app\Views\templates\index.php(10): view('Modules\\Ingredi...')
#5 C:\xampp\htdocs\lrfoims\vendor\codeigniter4\framework\system\View\View.php(220): include('C:\\xampp\\htdocs...')
#6 C:\xampp\htdocs\lrfoims\vendor\codeigniter4\framework\system\View\View.php(222): CodeIgniter\View\View->CodeIgniter\View\{closure}()
#7 C:\xampp\htdocs\lrfoims\vendor\codeigniter4\framework\system\Common.php(1217): CodeIgniter\View\View->render('templates/index', Array, true)
#8 C:\xampp\htdocs\lrfoims\modules\IngredientReportManagement\Controllers\IngredientReport.php(166): view('templates/index', Array)
#9 C:\xampp\htdocs\lrfoims\vendor\codeigniter4\framework\system\CodeIgniter.php(935): Modules\IngredientReportManagement\Controllers\IngredientReport->index()
#10 C:\xampp\htdocs\lrfoims\vendor\codeigniter4\framework\system\CodeIgniter.php(431): CodeIgniter\CodeIgniter->runController(Object(Modules\IngredientReportManagement\Controllers\IngredientReport))
#11 C:\xampp\htdocs\lrfoims\vendor\codeigniter4\framework\system\CodeIgniter.php(332): CodeIgniter\CodeIgniter->handleRequest(NULL, Object(Config\Cache), false)
#12 C:\xampp\htdocs\lrfoims\public\index.php(44): CodeIgniter\CodeIgniter->run()
#13 C:\xampp\htdocs\lrfoims\vendor\codeigniter4\framework\system\Commands\Server\rewrite.php(45): require_once('C:\\xampp\\htdocs...')
#14 {main}
CRITICAL - 2022-10-21 16:15:33 --> Call to undefined function user_link()
#0 C:\xampp\htdocs\lrfoims\vendor\codeigniter4\framework\system\View\View.php(220): include()
#1 C:\xampp\htdocs\lrfoims\vendor\codeigniter4\framework\system\View\View.php(222): CodeIgniter\View\View->CodeIgniter\View\{closure}()
#2 C:\xampp\htdocs\lrfoims\vendor\codeigniter4\framework\system\Common.php(1217): CodeIgniter\View\View->render('Modules\\UserMan...', Array, true)
#3 C:\xampp\htdocs\lrfoims\app\Views\templates\index.php(10): view('Modules\\UserMan...')
#4 C:\xampp\htdocs\lrfoims\vendor\codeigniter4\framework\system\View\View.php(220): include('C:\\xampp\\htdocs...')
#5 C:\xampp\htdocs\lrfoims\vendor\codeigniter4\framework\system\View\View.php(222): CodeIgniter\View\View->CodeIgniter\View\{closure}()
#6 C:\xampp\htdocs\lrfoims\vendor\codeigniter4\framework\system\Common.php(1217): CodeIgniter\View\View->render('templates/index', Array, true)
#7 C:\xampp\htdocs\lrfoims\modules\UserManagement\Controllers\PermissionTypes.php(25): view('templates/index', Array)
#8 C:\xampp\htdocs\lrfoims\vendor\codeigniter4\framework\system\CodeIgniter.php(935): Modules\UserManagement\Controllers\PermissionTypes->index()
#9 C:\xampp\htdocs\lrfoims\vendor\codeigniter4\framework\system\CodeIgniter.php(431): CodeIgniter\CodeIgniter->runController(Object(Modules\UserManagement\Controllers\PermissionTypes))
#10 C:\xampp\htdocs\lrfoims\vendor\codeigniter4\framework\system\CodeIgniter.php(332): CodeIgniter\CodeIgniter->handleRequest(NULL, Object(Config\Cache), false)
#11 C:\xampp\htdocs\lrfoims\public\index.php(44): CodeIgniter\CodeIgniter->run()
#12 C:\xampp\htdocs\lrfoims\vendor\codeigniter4\framework\system\Commands\Server\rewrite.php(45): require_once('C:\\xampp\\htdocs...')
#13 {main}
