CRITICAL - 2022-11-09 12:15:44 --> Undefined index: type
#0 C:\xampp\htdocs\lrfoims\modules\OrderManagement\Views\menuList\index.php(191): CodeIgniter\Debug\Exceptions->errorHandler(8, 'Undefined index...', 'C:\\xampp\\htdocs...', 191, Array)
#1 C:\xampp\htdocs\lrfoims\vendor\codeigniter4\framework\system\View\View.php(220): include('C:\\xampp\\htdocs...')
#2 C:\xampp\htdocs\lrfoims\vendor\codeigniter4\framework\system\View\View.php(222): CodeIgniter\View\View->CodeIgniter\View\{closure}()
#3 C:\xampp\htdocs\lrfoims\vendor\codeigniter4\framework\system\Common.php(1217): CodeIgniter\View\View->render('Modules\\OrderMa...', Array, true)
#4 C:\xampp\htdocs\lrfoims\app\Views\templates\index.php(10): view('Modules\\OrderMa...')
#5 C:\xampp\htdocs\lrfoims\vendor\codeigniter4\framework\system\View\View.php(220): include('C:\\xampp\\htdocs...')
#6 C:\xampp\htdocs\lrfoims\vendor\codeigniter4\framework\system\View\View.php(222): CodeIgniter\View\View->CodeIgniter\View\{closure}()
#7 C:\xampp\htdocs\lrfoims\vendor\codeigniter4\framework\system\Common.php(1217): CodeIgniter\View\View->render('templates/index', Array, true)
#8 C:\xampp\htdocs\lrfoims\modules\OrderManagement\Controllers\Order.php(261): view('templates/index', Array)
#9 C:\xampp\htdocs\lrfoims\vendor\codeigniter4\framework\system\CodeIgniter.php(935): Modules\OrderManagement\Controllers\Order->menu()
#10 C:\xampp\htdocs\lrfoims\vendor\codeigniter4\framework\system\CodeIgniter.php(431): CodeIgniter\CodeIgniter->runController(Object(Modules\OrderManagement\Controllers\Order))
#11 C:\xampp\htdocs\lrfoims\vendor\codeigniter4\framework\system\CodeIgniter.php(332): CodeIgniter\CodeIgniter->handleRequest(NULL, Object(Config\Cache), false)
#12 C:\xampp\htdocs\lrfoims\public\index.php(44): CodeIgniter\CodeIgniter->run()
#13 C:\xampp\htdocs\lrfoims\vendor\codeigniter4\framework\system\Commands\Server\rewrite.php(45): require_once('C:\\xampp\\htdocs...')
#14 {main}
CRITICAL - 2022-11-09 12:56:36 --> Undefined variable: data
#0 C:\xampp\htdocs\lrfoims\modules\OrderManagement\Controllers\Order.php(270): CodeIgniter\Debug\Exceptions->errorHandler(8, 'Undefined varia...', 'C:\\xampp\\htdocs...', 270, Array)
#1 C:\xampp\htdocs\lrfoims\vendor\codeigniter4\framework\system\CodeIgniter.php(935): Modules\OrderManagement\Controllers\Order->getAddress()
#2 C:\xampp\htdocs\lrfoims\vendor\codeigniter4\framework\system\CodeIgniter.php(431): CodeIgniter\CodeIgniter->runController(Object(Modules\OrderManagement\Controllers\Order))
#3 C:\xampp\htdocs\lrfoims\vendor\codeigniter4\framework\system\CodeIgniter.php(332): CodeIgniter\CodeIgniter->handleRequest(NULL, Object(Config\Cache), false)
#4 C:\xampp\htdocs\lrfoims\public\index.php(44): CodeIgniter\CodeIgniter->run()
#5 C:\xampp\htdocs\lrfoims\vendor\codeigniter4\framework\system\Commands\Server\rewrite.php(45): require_once('C:\\xampp\\htdocs...')
#6 {main}
CRITICAL - 2022-11-09 12:56:49 --> Undefined variable: data
#0 C:\xampp\htdocs\lrfoims\modules\OrderManagement\Controllers\Order.php(270): CodeIgniter\Debug\Exceptions->errorHandler(8, 'Undefined varia...', 'C:\\xampp\\htdocs...', 270, Array)
#1 C:\xampp\htdocs\lrfoims\vendor\codeigniter4\framework\system\CodeIgniter.php(935): Modules\OrderManagement\Controllers\Order->getAddress()
#2 C:\xampp\htdocs\lrfoims\vendor\codeigniter4\framework\system\CodeIgniter.php(431): CodeIgniter\CodeIgniter->runController(Object(Modules\OrderManagement\Controllers\Order))
#3 C:\xampp\htdocs\lrfoims\vendor\codeigniter4\framework\system\CodeIgniter.php(332): CodeIgniter\CodeIgniter->handleRequest(NULL, Object(Config\Cache), false)
#4 C:\xampp\htdocs\lrfoims\public\index.php(44): CodeIgniter\CodeIgniter->run()
#5 C:\xampp\htdocs\lrfoims\vendor\codeigniter4\framework\system\Commands\Server\rewrite.php(45): require_once('C:\\xampp\\htdocs...')
#6 {main}
CRITICAL - 2022-11-09 12:56:50 --> Undefined variable: data
#0 C:\xampp\htdocs\lrfoims\modules\OrderManagement\Controllers\Order.php(270): CodeIgniter\Debug\Exceptions->errorHandler(8, 'Undefined varia...', 'C:\\xampp\\htdocs...', 270, Array)
#1 C:\xampp\htdocs\lrfoims\vendor\codeigniter4\framework\system\CodeIgniter.php(935): Modules\OrderManagement\Controllers\Order->getAddress()
#2 C:\xampp\htdocs\lrfoims\vendor\codeigniter4\framework\system\CodeIgniter.php(431): CodeIgniter\CodeIgniter->runController(Object(Modules\OrderManagement\Controllers\Order))
#3 C:\xampp\htdocs\lrfoims\vendor\codeigniter4\framework\system\CodeIgniter.php(332): CodeIgniter\CodeIgniter->handleRequest(NULL, Object(Config\Cache), false)
#4 C:\xampp\htdocs\lrfoims\public\index.php(44): CodeIgniter\CodeIgniter->run()
#5 C:\xampp\htdocs\lrfoims\vendor\codeigniter4\framework\system\Commands\Server\rewrite.php(45): require_once('C:\\xampp\\htdocs...')
#6 {main}
CRITICAL - 2022-11-09 12:56:52 --> Undefined variable: data
#0 C:\xampp\htdocs\lrfoims\modules\OrderManagement\Controllers\Order.php(270): CodeIgniter\Debug\Exceptions->errorHandler(8, 'Undefined varia...', 'C:\\xampp\\htdocs...', 270, Array)
#1 C:\xampp\htdocs\lrfoims\vendor\codeigniter4\framework\system\CodeIgniter.php(935): Modules\OrderManagement\Controllers\Order->getAddress()
#2 C:\xampp\htdocs\lrfoims\vendor\codeigniter4\framework\system\CodeIgniter.php(431): CodeIgniter\CodeIgniter->runController(Object(Modules\OrderManagement\Controllers\Order))
#3 C:\xampp\htdocs\lrfoims\vendor\codeigniter4\framework\system\CodeIgniter.php(332): CodeIgniter\CodeIgniter->handleRequest(NULL, Object(Config\Cache), false)
#4 C:\xampp\htdocs\lrfoims\public\index.php(44): CodeIgniter\CodeIgniter->run()
#5 C:\xampp\htdocs\lrfoims\vendor\codeigniter4\framework\system\Commands\Server\rewrite.php(45): require_once('C:\\xampp\\htdocs...')
#6 {main}
CRITICAL - 2022-11-09 12:56:53 --> Undefined variable: data
#0 C:\xampp\htdocs\lrfoims\modules\OrderManagement\Controllers\Order.php(270): CodeIgniter\Debug\Exceptions->errorHandler(8, 'Undefined varia...', 'C:\\xampp\\htdocs...', 270, Array)
#1 C:\xampp\htdocs\lrfoims\vendor\codeigniter4\framework\system\CodeIgniter.php(935): Modules\OrderManagement\Controllers\Order->getAddress()
#2 C:\xampp\htdocs\lrfoims\vendor\codeigniter4\framework\system\CodeIgniter.php(431): CodeIgniter\CodeIgniter->runController(Object(Modules\OrderManagement\Controllers\Order))
#3 C:\xampp\htdocs\lrfoims\vendor\codeigniter4\framework\system\CodeIgniter.php(332): CodeIgniter\CodeIgniter->handleRequest(NULL, Object(Config\Cache), false)
#4 C:\xampp\htdocs\lrfoims\public\index.php(44): CodeIgniter\CodeIgniter->run()
#5 C:\xampp\htdocs\lrfoims\vendor\codeigniter4\framework\system\Commands\Server\rewrite.php(45): require_once('C:\\xampp\\htdocs...')
#6 {main}
CRITICAL - 2022-11-09 12:56:54 --> Undefined variable: data
#0 C:\xampp\htdocs\lrfoims\modules\OrderManagement\Controllers\Order.php(270): CodeIgniter\Debug\Exceptions->errorHandler(8, 'Undefined varia...', 'C:\\xampp\\htdocs...', 270, Array)
#1 C:\xampp\htdocs\lrfoims\vendor\codeigniter4\framework\system\CodeIgniter.php(935): Modules\OrderManagement\Controllers\Order->getAddress()
#2 C:\xampp\htdocs\lrfoims\vendor\codeigniter4\framework\system\CodeIgniter.php(431): CodeIgniter\CodeIgniter->runController(Object(Modules\OrderManagement\Controllers\Order))
#3 C:\xampp\htdocs\lrfoims\vendor\codeigniter4\framework\system\CodeIgniter.php(332): CodeIgniter\CodeIgniter->handleRequest(NULL, Object(Config\Cache), false)
#4 C:\xampp\htdocs\lrfoims\public\index.php(44): CodeIgniter\CodeIgniter->run()
#5 C:\xampp\htdocs\lrfoims\vendor\codeigniter4\framework\system\Commands\Server\rewrite.php(45): require_once('C:\\xampp\\htdocs...')
#6 {main}
CRITICAL - 2022-11-09 12:56:55 --> Undefined variable: data
#0 C:\xampp\htdocs\lrfoims\modules\OrderManagement\Controllers\Order.php(270): CodeIgniter\Debug\Exceptions->errorHandler(8, 'Undefined varia...', 'C:\\xampp\\htdocs...', 270, Array)
#1 C:\xampp\htdocs\lrfoims\vendor\codeigniter4\framework\system\CodeIgniter.php(935): Modules\OrderManagement\Controllers\Order->getAddress()
#2 C:\xampp\htdocs\lrfoims\vendor\codeigniter4\framework\system\CodeIgniter.php(431): CodeIgniter\CodeIgniter->runController(Object(Modules\OrderManagement\Controllers\Order))
#3 C:\xampp\htdocs\lrfoims\vendor\codeigniter4\framework\system\CodeIgniter.php(332): CodeIgniter\CodeIgniter->handleRequest(NULL, Object(Config\Cache), false)
#4 C:\xampp\htdocs\lrfoims\public\index.php(44): CodeIgniter\CodeIgniter->run()
#5 C:\xampp\htdocs\lrfoims\vendor\codeigniter4\framework\system\Commands\Server\rewrite.php(45): require_once('C:\\xampp\\htdocs...')
#6 {main}
CRITICAL - 2022-11-09 12:56:56 --> Undefined variable: data
#0 C:\xampp\htdocs\lrfoims\modules\OrderManagement\Controllers\Order.php(270): CodeIgniter\Debug\Exceptions->errorHandler(8, 'Undefined varia...', 'C:\\xampp\\htdocs...', 270, Array)
#1 C:\xampp\htdocs\lrfoims\vendor\codeigniter4\framework\system\CodeIgniter.php(935): Modules\OrderManagement\Controllers\Order->getAddress()
#2 C:\xampp\htdocs\lrfoims\vendor\codeigniter4\framework\system\CodeIgniter.php(431): CodeIgniter\CodeIgniter->runController(Object(Modules\OrderManagement\Controllers\Order))
#3 C:\xampp\htdocs\lrfoims\vendor\codeigniter4\framework\system\CodeIgniter.php(332): CodeIgniter\CodeIgniter->handleRequest(NULL, Object(Config\Cache), false)
#4 C:\xampp\htdocs\lrfoims\public\index.php(44): CodeIgniter\CodeIgniter->run()
#5 C:\xampp\htdocs\lrfoims\vendor\codeigniter4\framework\system\Commands\Server\rewrite.php(45): require_once('C:\\xampp\\htdocs...')
#6 {main}
CRITICAL - 2022-11-09 12:58:05 --> Undefined variable: province
#0 C:\xampp\htdocs\lrfoims\modules\OrderManagement\Views\menuList\index.php(197): CodeIgniter\Debug\Exceptions->errorHandler(8, 'Undefined varia...', 'C:\\xampp\\htdocs...', 197, Array)
#1 C:\xampp\htdocs\lrfoims\vendor\codeigniter4\framework\system\View\View.php(220): include('C:\\xampp\\htdocs...')
#2 C:\xampp\htdocs\lrfoims\vendor\codeigniter4\framework\system\View\View.php(222): CodeIgniter\View\View->CodeIgniter\View\{closure}()
#3 C:\xampp\htdocs\lrfoims\vendor\codeigniter4\framework\system\Common.php(1217): CodeIgniter\View\View->render('Modules\\OrderMa...', Array, true)
#4 C:\xampp\htdocs\lrfoims\app\Views\templates\index.php(10): view('Modules\\OrderMa...')
#5 C:\xampp\htdocs\lrfoims\vendor\codeigniter4\framework\system\View\View.php(220): include('C:\\xampp\\htdocs...')
#6 C:\xampp\htdocs\lrfoims\vendor\codeigniter4\framework\system\View\View.php(222): CodeIgniter\View\View->CodeIgniter\View\{closure}()
#7 C:\xampp\htdocs\lrfoims\vendor\codeigniter4\framework\system\Common.php(1217): CodeIgniter\View\View->render('templates/index', Array, true)
#8 C:\xampp\htdocs\lrfoims\modules\OrderManagement\Controllers\Order.php(261): view('templates/index', Array)
#9 C:\xampp\htdocs\lrfoims\vendor\codeigniter4\framework\system\CodeIgniter.php(935): Modules\OrderManagement\Controllers\Order->menu()
#10 C:\xampp\htdocs\lrfoims\vendor\codeigniter4\framework\system\CodeIgniter.php(431): CodeIgniter\CodeIgniter->runController(Object(Modules\OrderManagement\Controllers\Order))
#11 C:\xampp\htdocs\lrfoims\vendor\codeigniter4\framework\system\CodeIgniter.php(332): CodeIgniter\CodeIgniter->handleRequest(NULL, Object(Config\Cache), false)
#12 C:\xampp\htdocs\lrfoims\public\index.php(44): CodeIgniter\CodeIgniter->run()
#13 C:\xampp\htdocs\lrfoims\vendor\codeigniter4\framework\system\Commands\Server\rewrite.php(45): require_once('C:\\xampp\\htdocs...')
#14 {main}
CRITICAL - 2022-11-09 13:00:05 --> Undefined variable: province
#0 C:\xampp\htdocs\lrfoims\modules\OrderManagement\Views\menuList\index.php(197): CodeIgniter\Debug\Exceptions->errorHandler(8, 'Undefined varia...', 'C:\\xampp\\htdocs...', 197, Array)
#1 C:\xampp\htdocs\lrfoims\vendor\codeigniter4\framework\system\View\View.php(220): include('C:\\xampp\\htdocs...')
#2 C:\xampp\htdocs\lrfoims\vendor\codeigniter4\framework\system\View\View.php(222): CodeIgniter\View\View->CodeIgniter\View\{closure}()
#3 C:\xampp\htdocs\lrfoims\vendor\codeigniter4\framework\system\Common.php(1217): CodeIgniter\View\View->render('Modules\\OrderMa...', Array, true)
#4 C:\xampp\htdocs\lrfoims\app\Views\templates\index.php(10): view('Modules\\OrderMa...')
#5 C:\xampp\htdocs\lrfoims\vendor\codeigniter4\framework\system\View\View.php(220): include('C:\\xampp\\htdocs...')
#6 C:\xampp\htdocs\lrfoims\vendor\codeigniter4\framework\system\View\View.php(222): CodeIgniter\View\View->CodeIgniter\View\{closure}()
#7 C:\xampp\htdocs\lrfoims\vendor\codeigniter4\framework\system\Common.php(1217): CodeIgniter\View\View->render('templates/index', Array, true)
#8 C:\xampp\htdocs\lrfoims\modules\OrderManagement\Controllers\Order.php(265): view('templates/index', Array)
#9 C:\xampp\htdocs\lrfoims\vendor\codeigniter4\framework\system\CodeIgniter.php(935): Modules\OrderManagement\Controllers\Order->menu()
#10 C:\xampp\htdocs\lrfoims\vendor\codeigniter4\framework\system\CodeIgniter.php(431): CodeIgniter\CodeIgniter->runController(Object(Modules\OrderManagement\Controllers\Order))
#11 C:\xampp\htdocs\lrfoims\vendor\codeigniter4\framework\system\CodeIgniter.php(332): CodeIgniter\CodeIgniter->handleRequest(NULL, Object(Config\Cache), false)
#12 C:\xampp\htdocs\lrfoims\public\index.php(44): CodeIgniter\CodeIgniter->run()
#13 C:\xampp\htdocs\lrfoims\vendor\codeigniter4\framework\system\Commands\Server\rewrite.php(45): require_once('C:\\xampp\\htdocs...')
#14 {main}
CRITICAL - 2022-11-09 13:00:06 --> Undefined variable: province
#0 C:\xampp\htdocs\lrfoims\modules\OrderManagement\Views\menuList\index.php(197): CodeIgniter\Debug\Exceptions->errorHandler(8, 'Undefined varia...', 'C:\\xampp\\htdocs...', 197, Array)
#1 C:\xampp\htdocs\lrfoims\vendor\codeigniter4\framework\system\View\View.php(220): include('C:\\xampp\\htdocs...')
#2 C:\xampp\htdocs\lrfoims\vendor\codeigniter4\framework\system\View\View.php(222): CodeIgniter\View\View->CodeIgniter\View\{closure}()
#3 C:\xampp\htdocs\lrfoims\vendor\codeigniter4\framework\system\Common.php(1217): CodeIgniter\View\View->render('Modules\\OrderMa...', Array, true)
#4 C:\xampp\htdocs\lrfoims\app\Views\templates\index.php(10): view('Modules\\OrderMa...')
#5 C:\xampp\htdocs\lrfoims\vendor\codeigniter4\framework\system\View\View.php(220): include('C:\\xampp\\htdocs...')
#6 C:\xampp\htdocs\lrfoims\vendor\codeigniter4\framework\system\View\View.php(222): CodeIgniter\View\View->CodeIgniter\View\{closure}()
#7 C:\xampp\htdocs\lrfoims\vendor\codeigniter4\framework\system\Common.php(1217): CodeIgniter\View\View->render('templates/index', Array, true)
#8 C:\xampp\htdocs\lrfoims\modules\OrderManagement\Controllers\Order.php(265): view('templates/index', Array)
#9 C:\xampp\htdocs\lrfoims\vendor\codeigniter4\framework\system\CodeIgniter.php(935): Modules\OrderManagement\Controllers\Order->menu()
#10 C:\xampp\htdocs\lrfoims\vendor\codeigniter4\framework\system\CodeIgniter.php(431): CodeIgniter\CodeIgniter->runController(Object(Modules\OrderManagement\Controllers\Order))
#11 C:\xampp\htdocs\lrfoims\vendor\codeigniter4\framework\system\CodeIgniter.php(332): CodeIgniter\CodeIgniter->handleRequest(NULL, Object(Config\Cache), false)
#12 C:\xampp\htdocs\lrfoims\public\index.php(44): CodeIgniter\CodeIgniter->run()
#13 C:\xampp\htdocs\lrfoims\vendor\codeigniter4\framework\system\Commands\Server\rewrite.php(45): require_once('C:\\xampp\\htdocs...')
#14 {main}
CRITICAL - 2022-11-09 13:00:13 --> Undefined variable: province
#0 C:\xampp\htdocs\lrfoims\modules\OrderManagement\Views\menuList\index.php(197): CodeIgniter\Debug\Exceptions->errorHandler(8, 'Undefined varia...', 'C:\\xampp\\htdocs...', 197, Array)
#1 C:\xampp\htdocs\lrfoims\vendor\codeigniter4\framework\system\View\View.php(220): include('C:\\xampp\\htdocs...')
#2 C:\xampp\htdocs\lrfoims\vendor\codeigniter4\framework\system\View\View.php(222): CodeIgniter\View\View->CodeIgniter\View\{closure}()
#3 C:\xampp\htdocs\lrfoims\vendor\codeigniter4\framework\system\Common.php(1217): CodeIgniter\View\View->render('Modules\\OrderMa...', Array, true)
#4 C:\xampp\htdocs\lrfoims\app\Views\templates\index.php(10): view('Modules\\OrderMa...')
#5 C:\xampp\htdocs\lrfoims\vendor\codeigniter4\framework\system\View\View.php(220): include('C:\\xampp\\htdocs...')
#6 C:\xampp\htdocs\lrfoims\vendor\codeigniter4\framework\system\View\View.php(222): CodeIgniter\View\View->CodeIgniter\View\{closure}()
#7 C:\xampp\htdocs\lrfoims\vendor\codeigniter4\framework\system\Common.php(1217): CodeIgniter\View\View->render('templates/index', Array, true)
#8 C:\xampp\htdocs\lrfoims\modules\OrderManagement\Controllers\Order.php(265): view('templates/index', Array)
#9 C:\xampp\htdocs\lrfoims\vendor\codeigniter4\framework\system\CodeIgniter.php(935): Modules\OrderManagement\Controllers\Order->menu()
#10 C:\xampp\htdocs\lrfoims\vendor\codeigniter4\framework\system\CodeIgniter.php(431): CodeIgniter\CodeIgniter->runController(Object(Modules\OrderManagement\Controllers\Order))
#11 C:\xampp\htdocs\lrfoims\vendor\codeigniter4\framework\system\CodeIgniter.php(332): CodeIgniter\CodeIgniter->handleRequest(NULL, Object(Config\Cache), false)
#12 C:\xampp\htdocs\lrfoims\public\index.php(44): CodeIgniter\CodeIgniter->run()
#13 C:\xampp\htdocs\lrfoims\vendor\codeigniter4\framework\system\Commands\Server\rewrite.php(45): require_once('C:\\xampp\\htdocs...')
#14 {main}
CRITICAL - 2022-11-09 13:00:49 --> Invalid argument supplied for foreach()
#0 C:\xampp\htdocs\lrfoims\modules\OrderManagement\Views\menuList\index.php(197): CodeIgniter\Debug\Exceptions->errorHandler(2, 'Invalid argumen...', 'C:\\xampp\\htdocs...', 197, Array)
#1 C:\xampp\htdocs\lrfoims\vendor\codeigniter4\framework\system\View\View.php(220): include('C:\\xampp\\htdocs...')
#2 C:\xampp\htdocs\lrfoims\vendor\codeigniter4\framework\system\View\View.php(222): CodeIgniter\View\View->CodeIgniter\View\{closure}()
#3 C:\xampp\htdocs\lrfoims\vendor\codeigniter4\framework\system\Common.php(1217): CodeIgniter\View\View->render('Modules\\OrderMa...', Array, true)
#4 C:\xampp\htdocs\lrfoims\app\Views\templates\index.php(10): view('Modules\\OrderMa...')
#5 C:\xampp\htdocs\lrfoims\vendor\codeigniter4\framework\system\View\View.php(220): include('C:\\xampp\\htdocs...')
#6 C:\xampp\htdocs\lrfoims\vendor\codeigniter4\framework\system\View\View.php(222): CodeIgniter\View\View->CodeIgniter\View\{closure}()
#7 C:\xampp\htdocs\lrfoims\vendor\codeigniter4\framework\system\Common.php(1217): CodeIgniter\View\View->render('templates/index', Array, true)
#8 C:\xampp\htdocs\lrfoims\modules\OrderManagement\Controllers\Order.php(267): view('templates/index', Array)
#9 C:\xampp\htdocs\lrfoims\vendor\codeigniter4\framework\system\CodeIgniter.php(935): Modules\OrderManagement\Controllers\Order->menu()
#10 C:\xampp\htdocs\lrfoims\vendor\codeigniter4\framework\system\CodeIgniter.php(431): CodeIgniter\CodeIgniter->runController(Object(Modules\OrderManagement\Controllers\Order))
#11 C:\xampp\htdocs\lrfoims\vendor\codeigniter4\framework\system\CodeIgniter.php(332): CodeIgniter\CodeIgniter->handleRequest(NULL, Object(Config\Cache), false)
#12 C:\xampp\htdocs\lrfoims\public\index.php(44): CodeIgniter\CodeIgniter->run()
#13 C:\xampp\htdocs\lrfoims\vendor\codeigniter4\framework\system\Commands\Server\rewrite.php(45): require_once('C:\\xampp\\htdocs...')
#14 {main}
CRITICAL - 2022-11-09 13:13:12 --> Undefined index: province_code
#0 C:\xampp\htdocs\lrfoims\modules\OrderManagement\Views\menuList\index.php(213): CodeIgniter\Debug\Exceptions->errorHandler(8, 'Undefined index...', 'C:\\xampp\\htdocs...', 213, Array)
#1 C:\xampp\htdocs\lrfoims\vendor\codeigniter4\framework\system\View\View.php(220): include('C:\\xampp\\htdocs...')
#2 C:\xampp\htdocs\lrfoims\vendor\codeigniter4\framework\system\View\View.php(222): CodeIgniter\View\View->CodeIgniter\View\{closure}()
#3 C:\xampp\htdocs\lrfoims\vendor\codeigniter4\framework\system\Common.php(1217): CodeIgniter\View\View->render('Modules\\OrderMa...', Array, true)
#4 C:\xampp\htdocs\lrfoims\app\Views\templates\index.php(10): view('Modules\\OrderMa...')
#5 C:\xampp\htdocs\lrfoims\vendor\codeigniter4\framework\system\View\View.php(220): include('C:\\xampp\\htdocs...')
#6 C:\xampp\htdocs\lrfoims\vendor\codeigniter4\framework\system\View\View.php(222): CodeIgniter\View\View->CodeIgniter\View\{closure}()
#7 C:\xampp\htdocs\lrfoims\vendor\codeigniter4\framework\system\Common.php(1217): CodeIgniter\View\View->render('templates/index', Array, true)
#8 C:\xampp\htdocs\lrfoims\modules\OrderManagement\Controllers\Order.php(262): view('templates/index', Array)
#9 C:\xampp\htdocs\lrfoims\vendor\codeigniter4\framework\system\CodeIgniter.php(935): Modules\OrderManagement\Controllers\Order->menu()
#10 C:\xampp\htdocs\lrfoims\vendor\codeigniter4\framework\system\CodeIgniter.php(431): CodeIgniter\CodeIgniter->runController(Object(Modules\OrderManagement\Controllers\Order))
#11 C:\xampp\htdocs\lrfoims\vendor\codeigniter4\framework\system\CodeIgniter.php(332): CodeIgniter\CodeIgniter->handleRequest(NULL, Object(Config\Cache), false)
#12 C:\xampp\htdocs\lrfoims\public\index.php(44): CodeIgniter\CodeIgniter->run()
#13 C:\xampp\htdocs\lrfoims\vendor\codeigniter4\framework\system\Commands\Server\rewrite.php(45): require_once('C:\\xampp\\htdocs...')
#14 {main}
