CRITICAL - 2022-08-19 11:59:34 --> Undefined variable: data
#0 C:\xampp\htdocs\rmfs\modules\OrderManagement\Controllers\Order.php(29): CodeIgniter\Debug\Exceptions->errorHandler(8, 'Undefined varia...', 'C:\\xampp\\htdocs...', 29, Array)
#1 C:\xampp\htdocs\rmfs\vendor\codeigniter4\framework\system\CodeIgniter.php(935): Modules\OrderManagement\Controllers\Order->index()
#2 C:\xampp\htdocs\rmfs\vendor\codeigniter4\framework\system\CodeIgniter.php(431): CodeIgniter\CodeIgniter->runController(Object(Modules\OrderManagement\Controllers\Order))
#3 C:\xampp\htdocs\rmfs\vendor\codeigniter4\framework\system\CodeIgniter.php(332): CodeIgniter\CodeIgniter->handleRequest(NULL, Object(Config\Cache), false)
#4 C:\xampp\htdocs\rmfs\public\index.php(44): CodeIgniter\CodeIgniter->run()
#5 C:\xampp\htdocs\rmfs\vendor\codeigniter4\framework\system\Commands\Server\rewrite.php(45): require_once('C:\\xampp\\htdocs...')
#6 {main}
CRITICAL - 2022-08-19 11:59:52 --> Undefined variable: row
#0 C:\xampp\htdocs\rmfs\modules\OrderManagement\Controllers\Order.php(28): CodeIgniter\Debug\Exceptions->errorHandler(8, 'Undefined varia...', 'C:\\xampp\\htdocs...', 28, Array)
#1 C:\xampp\htdocs\rmfs\vendor\codeigniter4\framework\system\CodeIgniter.php(935): Modules\OrderManagement\Controllers\Order->index()
#2 C:\xampp\htdocs\rmfs\vendor\codeigniter4\framework\system\CodeIgniter.php(431): CodeIgniter\CodeIgniter->runController(Object(Modules\OrderManagement\Controllers\Order))
#3 C:\xampp\htdocs\rmfs\vendor\codeigniter4\framework\system\CodeIgniter.php(332): CodeIgniter\CodeIgniter->handleRequest(NULL, Object(Config\Cache), false)
#4 C:\xampp\htdocs\rmfs\public\index.php(44): CodeIgniter\CodeIgniter->run()
#5 C:\xampp\htdocs\rmfs\vendor\codeigniter4\framework\system\Commands\Server\rewrite.php(45): require_once('C:\\xampp\\htdocs...')
#6 {main}
CRITICAL - 2022-08-19 12:30:49 --> Undefined index: first_name
#0 C:\xampp\htdocs\rmfs\modules\OrderManagement\Views\order\index.php(83): CodeIgniter\Debug\Exceptions->errorHandler(8, 'Undefined index...', 'C:\\xampp\\htdocs...', 83, Array)
#1 C:\xampp\htdocs\rmfs\vendor\codeigniter4\framework\system\View\View.php(220): include('C:\\xampp\\htdocs...')
#2 C:\xampp\htdocs\rmfs\vendor\codeigniter4\framework\system\View\View.php(222): CodeIgniter\View\View->CodeIgniter\View\{closure}()
#3 C:\xampp\htdocs\rmfs\vendor\codeigniter4\framework\system\Common.php(1217): CodeIgniter\View\View->render('Modules\\OrderMa...', Array, true)
#4 C:\xampp\htdocs\rmfs\app\Views\templates\index.php(12): view('Modules\\OrderMa...')
#5 C:\xampp\htdocs\rmfs\vendor\codeigniter4\framework\system\View\View.php(220): include('C:\\xampp\\htdocs...')
#6 C:\xampp\htdocs\rmfs\vendor\codeigniter4\framework\system\View\View.php(222): CodeIgniter\View\View->CodeIgniter\View\{closure}()
#7 C:\xampp\htdocs\rmfs\vendor\codeigniter4\framework\system\Common.php(1217): CodeIgniter\View\View->render('templates/index', Array, true)
#8 C:\xampp\htdocs\rmfs\modules\OrderManagement\Controllers\Order.php(25): view('templates/index', Array)
#9 C:\xampp\htdocs\rmfs\vendor\codeigniter4\framework\system\CodeIgniter.php(935): Modules\OrderManagement\Controllers\Order->index()
#10 C:\xampp\htdocs\rmfs\vendor\codeigniter4\framework\system\CodeIgniter.php(431): CodeIgniter\CodeIgniter->runController(Object(Modules\OrderManagement\Controllers\Order))
#11 C:\xampp\htdocs\rmfs\vendor\codeigniter4\framework\system\CodeIgniter.php(332): CodeIgniter\CodeIgniter->handleRequest(NULL, Object(Config\Cache), false)
#12 C:\xampp\htdocs\rmfs\public\index.php(44): CodeIgniter\CodeIgniter->run()
#13 C:\xampp\htdocs\rmfs\vendor\codeigniter4\framework\system\Commands\Server\rewrite.php(45): require_once('C:\\xampp\\htdocs...')
#14 {main}
CRITICAL - 2022-08-19 12:31:52 --> Declaration of Modules\OrderManagement\Models\OrderModel::get() should be compatible with App\Models\BaseModel::get($conditions = Array)
#0 C:\xampp\htdocs\rmfs\modules\OrderManagement\Models\OrderModel.php(5): CodeIgniter\Debug\Exceptions->errorHandler(2, 'Declaration of ...', 'C:\\xampp\\htdocs...', 5, Array)
#1 C:\xampp\htdocs\rmfs\vendor\codeigniter4\framework\system\Autoloader\Autoloader.php(342): include_once('C:\\xampp\\htdocs...')
#2 C:\xampp\htdocs\rmfs\vendor\codeigniter4\framework\system\Autoloader\Autoloader.php(274): CodeIgniter\Autoloader\Autoloader->includeFile('C:\\xampp\\htdocs...')
#3 C:\xampp\htdocs\rmfs\vendor\codeigniter4\framework\system\Autoloader\Autoloader.php(228): CodeIgniter\Autoloader\Autoloader->loadInNamespace('Modules\\OrderMa...')
#4 [internal function]: CodeIgniter\Autoloader\Autoloader->loadClass('Modules\\OrderMa...')
#5 C:\xampp\htdocs\rmfs\modules\OrderManagement\Controllers\Order.php(12): spl_autoload_call('Modules\\OrderMa...')
#6 C:\xampp\htdocs\rmfs\vendor\codeigniter4\framework\system\CodeIgniter.php(907): Modules\OrderManagement\Controllers\Order->__construct()
#7 C:\xampp\htdocs\rmfs\vendor\codeigniter4\framework\system\CodeIgniter.php(421): CodeIgniter\CodeIgniter->createController()
#8 C:\xampp\htdocs\rmfs\vendor\codeigniter4\framework\system\CodeIgniter.php(332): CodeIgniter\CodeIgniter->handleRequest(NULL, Object(Config\Cache), false)
#9 C:\xampp\htdocs\rmfs\public\index.php(44): CodeIgniter\CodeIgniter->run()
#10 C:\xampp\htdocs\rmfs\vendor\codeigniter4\framework\system\Commands\Server\rewrite.php(45): require_once('C:\\xampp\\htdocs...')
#11 {main}
CRITICAL - 2022-08-19 12:32:27 --> Declaration of Modules\OrderManagement\Models\OrderModel::get() should be compatible with App\Models\BaseModel::get($conditions = Array)
#0 C:\xampp\htdocs\rmfs\modules\OrderManagement\Models\OrderModel.php(5): CodeIgniter\Debug\Exceptions->errorHandler(2, 'Declaration of ...', 'C:\\xampp\\htdocs...', 5, Array)
#1 C:\xampp\htdocs\rmfs\vendor\codeigniter4\framework\system\Autoloader\Autoloader.php(342): include_once('C:\\xampp\\htdocs...')
#2 C:\xampp\htdocs\rmfs\vendor\codeigniter4\framework\system\Autoloader\Autoloader.php(274): CodeIgniter\Autoloader\Autoloader->includeFile('C:\\xampp\\htdocs...')
#3 C:\xampp\htdocs\rmfs\vendor\codeigniter4\framework\system\Autoloader\Autoloader.php(228): CodeIgniter\Autoloader\Autoloader->loadInNamespace('Modules\\OrderMa...')
#4 [internal function]: CodeIgniter\Autoloader\Autoloader->loadClass('Modules\\OrderMa...')
#5 C:\xampp\htdocs\rmfs\modules\OrderManagement\Controllers\Order.php(12): spl_autoload_call('Modules\\OrderMa...')
#6 C:\xampp\htdocs\rmfs\vendor\codeigniter4\framework\system\CodeIgniter.php(907): Modules\OrderManagement\Controllers\Order->__construct()
#7 C:\xampp\htdocs\rmfs\vendor\codeigniter4\framework\system\CodeIgniter.php(421): CodeIgniter\CodeIgniter->createController()
#8 C:\xampp\htdocs\rmfs\vendor\codeigniter4\framework\system\CodeIgniter.php(332): CodeIgniter\CodeIgniter->handleRequest(NULL, Object(Config\Cache), false)
#9 C:\xampp\htdocs\rmfs\public\index.php(44): CodeIgniter\CodeIgniter->run()
#10 C:\xampp\htdocs\rmfs\vendor\codeigniter4\framework\system\Commands\Server\rewrite.php(45): require_once('C:\\xampp\\htdocs...')
#11 {main}
CRITICAL - 2022-08-19 14:34:27 --> Undefined index: add_menu_quantity
#0 C:\xampp\htdocs\rmfs\modules\OrderManagement\Views\order\index.php(59): CodeIgniter\Debug\Exceptions->errorHandler(8, 'Undefined index...', 'C:\\xampp\\htdocs...', 59, Array)
#1 C:\xampp\htdocs\rmfs\vendor\codeigniter4\framework\system\View\View.php(220): include('C:\\xampp\\htdocs...')
#2 C:\xampp\htdocs\rmfs\vendor\codeigniter4\framework\system\View\View.php(222): CodeIgniter\View\View->CodeIgniter\View\{closure}()
#3 C:\xampp\htdocs\rmfs\vendor\codeigniter4\framework\system\Common.php(1217): CodeIgniter\View\View->render('Modules\\OrderMa...', Array, true)
#4 C:\xampp\htdocs\rmfs\app\Views\templates\index.php(12): view('Modules\\OrderMa...')
#5 C:\xampp\htdocs\rmfs\vendor\codeigniter4\framework\system\View\View.php(220): include('C:\\xampp\\htdocs...')
#6 C:\xampp\htdocs\rmfs\vendor\codeigniter4\framework\system\View\View.php(222): CodeIgniter\View\View->CodeIgniter\View\{closure}()
#7 C:\xampp\htdocs\rmfs\vendor\codeigniter4\framework\system\Common.php(1217): CodeIgniter\View\View->render('templates/index', Array, true)
#8 C:\xampp\htdocs\rmfs\modules\OrderManagement\Controllers\Order.php(25): view('templates/index', Array)
#9 C:\xampp\htdocs\rmfs\vendor\codeigniter4\framework\system\CodeIgniter.php(935): Modules\OrderManagement\Controllers\Order->index()
#10 C:\xampp\htdocs\rmfs\vendor\codeigniter4\framework\system\CodeIgniter.php(431): CodeIgniter\CodeIgniter->runController(Object(Modules\OrderManagement\Controllers\Order))
#11 C:\xampp\htdocs\rmfs\vendor\codeigniter4\framework\system\CodeIgniter.php(332): CodeIgniter\CodeIgniter->handleRequest(NULL, Object(Config\Cache), false)
#12 C:\xampp\htdocs\rmfs\public\index.php(44): CodeIgniter\CodeIgniter->run()
#13 C:\xampp\htdocs\rmfs\vendor\codeigniter4\framework\system\Commands\Server\rewrite.php(45): require_once('C:\\xampp\\htdocs...')
#14 {main}
