CRITICAL - 2023-01-27 11:56:26 --> Undefined index: menu_category_id
#0 C:\xampp\htdocs\lrfoims\modules\OrderManagement\Views\menuList\menuList.php(13): CodeIgniter\Debug\Exceptions->errorHandler(8, 'Undefined index...', 'C:\\xampp\\htdocs...', 13, Array)
#1 C:\xampp\htdocs\lrfoims\vendor\codeigniter4\framework\system\View\View.php(220): include('C:\\xampp\\htdocs...')
#2 C:\xampp\htdocs\lrfoims\vendor\codeigniter4\framework\system\View\View.php(222): CodeIgniter\View\View->CodeIgniter\View\{closure}()
#3 C:\xampp\htdocs\lrfoims\vendor\codeigniter4\framework\system\Common.php(1217): CodeIgniter\View\View->render('Modules\\OrderMa...', Array, true)
#4 C:\xampp\htdocs\lrfoims\modules\OrderManagement\Controllers\Order.php(285): view('Modules\\OrderMa...', Array)
#5 C:\xampp\htdocs\lrfoims\vendor\codeigniter4\framework\system\CodeIgniter.php(935): Modules\OrderManagement\Controllers\Order->menuList()
#6 C:\xampp\htdocs\lrfoims\vendor\codeigniter4\framework\system\CodeIgniter.php(431): CodeIgniter\CodeIgniter->runController(Object(Modules\OrderManagement\Controllers\Order))
#7 C:\xampp\htdocs\lrfoims\vendor\codeigniter4\framework\system\CodeIgniter.php(332): CodeIgniter\CodeIgniter->handleRequest(NULL, Object(Config\Cache), false)
#8 C:\xampp\htdocs\lrfoims\public\index.php(44): CodeIgniter\CodeIgniter->run()
#9 C:\xampp\htdocs\lrfoims\vendor\codeigniter4\framework\system\Commands\Server\rewrite.php(45): require_once('C:\\xampp\\htdocs...')
#10 {main}
CRITICAL - 2023-01-27 11:56:26 --> Undefined index: menu_category_id
#0 C:\xampp\htdocs\lrfoims\modules\OrderManagement\Views\menuList\menuList.php(13): CodeIgniter\Debug\Exceptions->errorHandler(8, 'Undefined index...', 'C:\\xampp\\htdocs...', 13, Array)
#1 C:\xampp\htdocs\lrfoims\vendor\codeigniter4\framework\system\View\View.php(220): include('C:\\xampp\\htdocs...')
#2 C:\xampp\htdocs\lrfoims\vendor\codeigniter4\framework\system\View\View.php(222): CodeIgniter\View\View->CodeIgniter\View\{closure}()
#3 C:\xampp\htdocs\lrfoims\vendor\codeigniter4\framework\system\Common.php(1217): CodeIgniter\View\View->render('Modules\\OrderMa...', Array, true)
#4 C:\xampp\htdocs\lrfoims\modules\OrderManagement\Controllers\Order.php(285): view('Modules\\OrderMa...', Array)
#5 C:\xampp\htdocs\lrfoims\vendor\codeigniter4\framework\system\CodeIgniter.php(935): Modules\OrderManagement\Controllers\Order->menuList()
#6 C:\xampp\htdocs\lrfoims\vendor\codeigniter4\framework\system\CodeIgniter.php(431): CodeIgniter\CodeIgniter->runController(Object(Modules\OrderManagement\Controllers\Order))
#7 C:\xampp\htdocs\lrfoims\vendor\codeigniter4\framework\system\CodeIgniter.php(332): CodeIgniter\CodeIgniter->handleRequest(NULL, Object(Config\Cache), false)
#8 C:\xampp\htdocs\lrfoims\public\index.php(44): CodeIgniter\CodeIgniter->run()
#9 C:\xampp\htdocs\lrfoims\vendor\codeigniter4\framework\system\Commands\Server\rewrite.php(45): require_once('C:\\xampp\\htdocs...')
#10 {main}
CRITICAL - 2023-01-27 11:56:34 --> Undefined index: menu_category_id
#0 C:\xampp\htdocs\lrfoims\modules\OrderManagement\Views\menuList\menuList.php(13): CodeIgniter\Debug\Exceptions->errorHandler(8, 'Undefined index...', 'C:\\xampp\\htdocs...', 13, Array)
#1 C:\xampp\htdocs\lrfoims\vendor\codeigniter4\framework\system\View\View.php(220): include('C:\\xampp\\htdocs...')
#2 C:\xampp\htdocs\lrfoims\vendor\codeigniter4\framework\system\View\View.php(222): CodeIgniter\View\View->CodeIgniter\View\{closure}()
#3 C:\xampp\htdocs\lrfoims\vendor\codeigniter4\framework\system\Common.php(1217): CodeIgniter\View\View->render('Modules\\OrderMa...', Array, true)
#4 C:\xampp\htdocs\lrfoims\modules\OrderManagement\Controllers\Order.php(285): view('Modules\\OrderMa...', Array)
#5 C:\xampp\htdocs\lrfoims\vendor\codeigniter4\framework\system\CodeIgniter.php(935): Modules\OrderManagement\Controllers\Order->menuList()
#6 C:\xampp\htdocs\lrfoims\vendor\codeigniter4\framework\system\CodeIgniter.php(431): CodeIgniter\CodeIgniter->runController(Object(Modules\OrderManagement\Controllers\Order))
#7 C:\xampp\htdocs\lrfoims\vendor\codeigniter4\framework\system\CodeIgniter.php(332): CodeIgniter\CodeIgniter->handleRequest(NULL, Object(Config\Cache), false)
#8 C:\xampp\htdocs\lrfoims\public\index.php(44): CodeIgniter\CodeIgniter->run()
#9 C:\xampp\htdocs\lrfoims\vendor\codeigniter4\framework\system\Commands\Server\rewrite.php(45): require_once('C:\\xampp\\htdocs...')
#10 {main}
CRITICAL - 2023-01-27 11:58:10 --> Undefined index: menu
#0 C:\xampp\htdocs\lrfoims\modules\OrderManagement\Views\menuList\menuList.php(13): CodeIgniter\Debug\Exceptions->errorHandler(8, 'Undefined index...', 'C:\\xampp\\htdocs...', 13, Array)
#1 C:\xampp\htdocs\lrfoims\vendor\codeigniter4\framework\system\View\View.php(220): include('C:\\xampp\\htdocs...')
#2 C:\xampp\htdocs\lrfoims\vendor\codeigniter4\framework\system\View\View.php(222): CodeIgniter\View\View->CodeIgniter\View\{closure}()
#3 C:\xampp\htdocs\lrfoims\vendor\codeigniter4\framework\system\Common.php(1217): CodeIgniter\View\View->render('Modules\\OrderMa...', Array, true)
#4 C:\xampp\htdocs\lrfoims\modules\OrderManagement\Controllers\Order.php(285): view('Modules\\OrderMa...', Array)
#5 C:\xampp\htdocs\lrfoims\vendor\codeigniter4\framework\system\CodeIgniter.php(935): Modules\OrderManagement\Controllers\Order->menuList()
#6 C:\xampp\htdocs\lrfoims\vendor\codeigniter4\framework\system\CodeIgniter.php(431): CodeIgniter\CodeIgniter->runController(Object(Modules\OrderManagement\Controllers\Order))
#7 C:\xampp\htdocs\lrfoims\vendor\codeigniter4\framework\system\CodeIgniter.php(332): CodeIgniter\CodeIgniter->handleRequest(NULL, Object(Config\Cache), false)
#8 C:\xampp\htdocs\lrfoims\public\index.php(44): CodeIgniter\CodeIgniter->run()
#9 C:\xampp\htdocs\lrfoims\vendor\codeigniter4\framework\system\Commands\Server\rewrite.php(45): require_once('C:\\xampp\\htdocs...')
#10 {main}
CRITICAL - 2023-01-27 11:58:10 --> Undefined index: menu
#0 C:\xampp\htdocs\lrfoims\modules\OrderManagement\Views\menuList\menuList.php(13): CodeIgniter\Debug\Exceptions->errorHandler(8, 'Undefined index...', 'C:\\xampp\\htdocs...', 13, Array)
#1 C:\xampp\htdocs\lrfoims\vendor\codeigniter4\framework\system\View\View.php(220): include('C:\\xampp\\htdocs...')
#2 C:\xampp\htdocs\lrfoims\vendor\codeigniter4\framework\system\View\View.php(222): CodeIgniter\View\View->CodeIgniter\View\{closure}()
#3 C:\xampp\htdocs\lrfoims\vendor\codeigniter4\framework\system\Common.php(1217): CodeIgniter\View\View->render('Modules\\OrderMa...', Array, true)
#4 C:\xampp\htdocs\lrfoims\modules\OrderManagement\Controllers\Order.php(285): view('Modules\\OrderMa...', Array)
#5 C:\xampp\htdocs\lrfoims\vendor\codeigniter4\framework\system\CodeIgniter.php(935): Modules\OrderManagement\Controllers\Order->menuList()
#6 C:\xampp\htdocs\lrfoims\vendor\codeigniter4\framework\system\CodeIgniter.php(431): CodeIgniter\CodeIgniter->runController(Object(Modules\OrderManagement\Controllers\Order))
#7 C:\xampp\htdocs\lrfoims\vendor\codeigniter4\framework\system\CodeIgniter.php(332): CodeIgniter\CodeIgniter->handleRequest(NULL, Object(Config\Cache), false)
#8 C:\xampp\htdocs\lrfoims\public\index.php(44): CodeIgniter\CodeIgniter->run()
#9 C:\xampp\htdocs\lrfoims\vendor\codeigniter4\framework\system\Commands\Server\rewrite.php(45): require_once('C:\\xampp\\htdocs...')
#10 {main}
