CRITICAL - 2022-11-08 14:35:41 --> Call to undefined function Modules\OrderManagement\Controllers\generateOrderNumber()
#0 C:\xampp\htdocs\lrfoims\vendor\codeigniter4\framework\system\CodeIgniter.php(935): Modules\OrderManagement\Controllers\Order->createOrderNumber()
#1 C:\xampp\htdocs\lrfoims\vendor\codeigniter4\framework\system\CodeIgniter.php(431): CodeIgniter\CodeIgniter->runController(Object(Modules\OrderManagement\Controllers\Order))
#2 C:\xampp\htdocs\lrfoims\vendor\codeigniter4\framework\system\CodeIgniter.php(332): CodeIgniter\CodeIgniter->handleRequest(NULL, Object(Config\Cache), false)
#3 C:\xampp\htdocs\lrfoims\public\index.php(44): CodeIgniter\CodeIgniter->run()
#4 C:\xampp\htdocs\lrfoims\vendor\codeigniter4\framework\system\Commands\Server\rewrite.php(45): require_once('C:\\xampp\\htdocs...')
#5 {main}
CRITICAL - 2022-11-08 14:35:49 --> Call to undefined function Modules\OrderManagement\Controllers\generateOrderNumber()
#0 C:\xampp\htdocs\lrfoims\vendor\codeigniter4\framework\system\CodeIgniter.php(935): Modules\OrderManagement\Controllers\Order->createOrderNumber()
#1 C:\xampp\htdocs\lrfoims\vendor\codeigniter4\framework\system\CodeIgniter.php(431): CodeIgniter\CodeIgniter->runController(Object(Modules\OrderManagement\Controllers\Order))
#2 C:\xampp\htdocs\lrfoims\vendor\codeigniter4\framework\system\CodeIgniter.php(332): CodeIgniter\CodeIgniter->handleRequest(NULL, Object(Config\Cache), false)
#3 C:\xampp\htdocs\lrfoims\public\index.php(44): CodeIgniter\CodeIgniter->run()
#4 C:\xampp\htdocs\lrfoims\vendor\codeigniter4\framework\system\Commands\Server\rewrite.php(45): require_once('C:\\xampp\\htdocs...')
#5 {main}
CRITICAL - 2022-11-08 14:39:18 --> Argument 2 passed to CodeIgniter\Database\BaseBuilder::set() must be of the type string or null, array given, called in C:\xampp\htdocs\lrfoims\vendor\codeigniter4\framework\system\Model.php on line 275
#0 C:\xampp\htdocs\lrfoims\vendor\codeigniter4\framework\system\Model.php(275): CodeIgniter\Database\BaseBuilder->set('number', Array, NULL)
#1 C:\xampp\htdocs\lrfoims\vendor\codeigniter4\framework\system\BaseModel.php(758): CodeIgniter\Model->doInsert(Array)
#2 C:\xampp\htdocs\lrfoims\vendor\codeigniter4\framework\system\Model.php(705): CodeIgniter\BaseModel->insert(Array, false)
#3 C:\xampp\htdocs\lrfoims\vendor\codeigniter4\framework\system\BaseModel.php(667): CodeIgniter\Model->insert(Array, false)
#4 C:\xampp\htdocs\lrfoims\app\Models\BaseModel.php(33): CodeIgniter\BaseModel->save(Array)
#5 C:\xampp\htdocs\lrfoims\modules\OrderManagement\Controllers\Order.php(273): App\Models\BaseModel->add(Array)
#6 C:\xampp\htdocs\lrfoims\vendor\codeigniter4\framework\system\CodeIgniter.php(935): Modules\OrderManagement\Controllers\Order->createOrderNumber()
#7 C:\xampp\htdocs\lrfoims\vendor\codeigniter4\framework\system\CodeIgniter.php(431): CodeIgniter\CodeIgniter->runController(Object(Modules\OrderManagement\Controllers\Order))
#8 C:\xampp\htdocs\lrfoims\vendor\codeigniter4\framework\system\CodeIgniter.php(332): CodeIgniter\CodeIgniter->handleRequest(NULL, Object(Config\Cache), false)
#9 C:\xampp\htdocs\lrfoims\public\index.php(44): CodeIgniter\CodeIgniter->run()
#10 C:\xampp\htdocs\lrfoims\vendor\codeigniter4\framework\system\Commands\Server\rewrite.php(45): require_once('C:\\xampp\\htdocs...')
#11 {main}
CRITICAL - 2022-11-08 14:43:16 --> Argument 2 passed to CodeIgniter\Database\BaseBuilder::set() must be of the type string or null, array given, called in C:\xampp\htdocs\lrfoims\vendor\codeigniter4\framework\system\Model.php on line 275
#0 C:\xampp\htdocs\lrfoims\vendor\codeigniter4\framework\system\Model.php(275): CodeIgniter\Database\BaseBuilder->set('number', Array, NULL)
#1 C:\xampp\htdocs\lrfoims\vendor\codeigniter4\framework\system\BaseModel.php(758): CodeIgniter\Model->doInsert(Array)
#2 C:\xampp\htdocs\lrfoims\vendor\codeigniter4\framework\system\Model.php(705): CodeIgniter\BaseModel->insert(Array, false)
#3 C:\xampp\htdocs\lrfoims\vendor\codeigniter4\framework\system\BaseModel.php(667): CodeIgniter\Model->insert(Array, false)
#4 C:\xampp\htdocs\lrfoims\app\Models\BaseModel.php(33): CodeIgniter\BaseModel->save(Array)
#5 C:\xampp\htdocs\lrfoims\modules\OrderManagement\Controllers\Order.php(273): App\Models\BaseModel->add(Array)
#6 C:\xampp\htdocs\lrfoims\vendor\codeigniter4\framework\system\CodeIgniter.php(935): Modules\OrderManagement\Controllers\Order->createOrderNumber()
#7 C:\xampp\htdocs\lrfoims\vendor\codeigniter4\framework\system\CodeIgniter.php(431): CodeIgniter\CodeIgniter->runController(Object(Modules\OrderManagement\Controllers\Order))
#8 C:\xampp\htdocs\lrfoims\vendor\codeigniter4\framework\system\CodeIgniter.php(332): CodeIgniter\CodeIgniter->handleRequest(NULL, Object(Config\Cache), false)
#9 C:\xampp\htdocs\lrfoims\public\index.php(44): CodeIgniter\CodeIgniter->run()
#10 C:\xampp\htdocs\lrfoims\vendor\codeigniter4\framework\system\Commands\Server\rewrite.php(45): require_once('C:\\xampp\\htdocs...')
#11 {main}
CRITICAL - 2022-11-08 14:45:30 --> Argument 2 passed to CodeIgniter\Database\BaseBuilder::set() must be of the type string or null, array given, called in C:\xampp\htdocs\lrfoims\vendor\codeigniter4\framework\system\Model.php on line 275
#0 C:\xampp\htdocs\lrfoims\vendor\codeigniter4\framework\system\Model.php(275): CodeIgniter\Database\BaseBuilder->set('number', Array, NULL)
#1 C:\xampp\htdocs\lrfoims\vendor\codeigniter4\framework\system\BaseModel.php(758): CodeIgniter\Model->doInsert(Array)
#2 C:\xampp\htdocs\lrfoims\vendor\codeigniter4\framework\system\Model.php(705): CodeIgniter\BaseModel->insert(Array, false)
#3 C:\xampp\htdocs\lrfoims\vendor\codeigniter4\framework\system\BaseModel.php(667): CodeIgniter\Model->insert(Array, false)
#4 C:\xampp\htdocs\lrfoims\app\Models\BaseModel.php(33): CodeIgniter\BaseModel->save(Array)
#5 C:\xampp\htdocs\lrfoims\modules\OrderManagement\Controllers\Order.php(272): App\Models\BaseModel->add(Array)
#6 C:\xampp\htdocs\lrfoims\vendor\codeigniter4\framework\system\CodeIgniter.php(935): Modules\OrderManagement\Controllers\Order->createOrderNumber()
#7 C:\xampp\htdocs\lrfoims\vendor\codeigniter4\framework\system\CodeIgniter.php(431): CodeIgniter\CodeIgniter->runController(Object(Modules\OrderManagement\Controllers\Order))
#8 C:\xampp\htdocs\lrfoims\vendor\codeigniter4\framework\system\CodeIgniter.php(332): CodeIgniter\CodeIgniter->handleRequest(NULL, Object(Config\Cache), false)
#9 C:\xampp\htdocs\lrfoims\public\index.php(44): CodeIgniter\CodeIgniter->run()
#10 C:\xampp\htdocs\lrfoims\vendor\codeigniter4\framework\system\Commands\Server\rewrite.php(45): require_once('C:\\xampp\\htdocs...')
#11 {main}
CRITICAL - 2022-11-08 14:46:12 --> Argument 2 passed to CodeIgniter\Database\BaseBuilder::set() must be of the type string or null, array given, called in C:\xampp\htdocs\lrfoims\vendor\codeigniter4\framework\system\Model.php on line 275
#0 C:\xampp\htdocs\lrfoims\vendor\codeigniter4\framework\system\Model.php(275): CodeIgniter\Database\BaseBuilder->set('number', Array, NULL)
#1 C:\xampp\htdocs\lrfoims\vendor\codeigniter4\framework\system\BaseModel.php(758): CodeIgniter\Model->doInsert(Array)
#2 C:\xampp\htdocs\lrfoims\vendor\codeigniter4\framework\system\Model.php(705): CodeIgniter\BaseModel->insert(Array, false)
#3 C:\xampp\htdocs\lrfoims\vendor\codeigniter4\framework\system\BaseModel.php(667): CodeIgniter\Model->insert(Array, false)
#4 C:\xampp\htdocs\lrfoims\app\Models\BaseModel.php(33): CodeIgniter\BaseModel->save(Array)
#5 C:\xampp\htdocs\lrfoims\modules\OrderManagement\Controllers\Order.php(272): App\Models\BaseModel->add(Array)
#6 C:\xampp\htdocs\lrfoims\vendor\codeigniter4\framework\system\CodeIgniter.php(935): Modules\OrderManagement\Controllers\Order->createOrderNumber()
#7 C:\xampp\htdocs\lrfoims\vendor\codeigniter4\framework\system\CodeIgniter.php(431): CodeIgniter\CodeIgniter->runController(Object(Modules\OrderManagement\Controllers\Order))
#8 C:\xampp\htdocs\lrfoims\vendor\codeigniter4\framework\system\CodeIgniter.php(332): CodeIgniter\CodeIgniter->handleRequest(NULL, Object(Config\Cache), false)
#9 C:\xampp\htdocs\lrfoims\public\index.php(44): CodeIgniter\CodeIgniter->run()
#10 C:\xampp\htdocs\lrfoims\vendor\codeigniter4\framework\system\Commands\Server\rewrite.php(45): require_once('C:\\xampp\\htdocs...')
#11 {main}
