CRITICAL - 2022-09-02 10:36:35 --> syntax error, unexpected ''>' (T_CONSTANT_ENCAPSED_STRING)
#0 C:\xampp\htdocs\lrfoims\vendor\codeigniter4\framework\system\View\View.php(222): CodeIgniter\View\View->CodeIgniter\View\{closure}()
#1 C:\xampp\htdocs\lrfoims\vendor\codeigniter4\framework\system\Common.php(1217): CodeIgniter\View\View->render('Modules\\OrderMa...', Array, true)
#2 C:\xampp\htdocs\lrfoims\modules\OrderManagement\Controllers\Order.php(56): view('Modules\\OrderMa...', Array)
#3 C:\xampp\htdocs\lrfoims\vendor\codeigniter4\framework\system\CodeIgniter.php(935): Modules\OrderManagement\Controllers\Order->retrievePlaceOrder()
#4 C:\xampp\htdocs\lrfoims\vendor\codeigniter4\framework\system\CodeIgniter.php(431): CodeIgniter\CodeIgniter->runController(Object(Modules\OrderManagement\Controllers\Order))
#5 C:\xampp\htdocs\lrfoims\vendor\codeigniter4\framework\system\CodeIgniter.php(332): CodeIgniter\CodeIgniter->handleRequest(NULL, Object(Config\Cache), false)
#6 C:\xampp\htdocs\lrfoims\public\index.php(44): CodeIgniter\CodeIgniter->run()
#7 C:\xampp\htdocs\lrfoims\vendor\codeigniter4\framework\system\Commands\Server\rewrite.php(45): require_once('C:\\xampp\\htdocs...')
#8 {main}
CRITICAL - 2022-09-02 10:36:35 --> syntax error, unexpected ''>' (T_CONSTANT_ENCAPSED_STRING)
#0 C:\xampp\htdocs\lrfoims\vendor\codeigniter4\framework\system\View\View.php(222): CodeIgniter\View\View->CodeIgniter\View\{closure}()
#1 C:\xampp\htdocs\lrfoims\vendor\codeigniter4\framework\system\Common.php(1217): CodeIgniter\View\View->render('Modules\\OrderMa...', Array, true)
#2 C:\xampp\htdocs\lrfoims\modules\OrderManagement\Controllers\Order.php(56): view('Modules\\OrderMa...', Array)
#3 C:\xampp\htdocs\lrfoims\vendor\codeigniter4\framework\system\CodeIgniter.php(935): Modules\OrderManagement\Controllers\Order->retrievePlaceOrder()
#4 C:\xampp\htdocs\lrfoims\vendor\codeigniter4\framework\system\CodeIgniter.php(431): CodeIgniter\CodeIgniter->runController(Object(Modules\OrderManagement\Controllers\Order))
#5 C:\xampp\htdocs\lrfoims\vendor\codeigniter4\framework\system\CodeIgniter.php(332): CodeIgniter\CodeIgniter->handleRequest(NULL, Object(Config\Cache), false)
#6 C:\xampp\htdocs\lrfoims\public\index.php(44): CodeIgniter\CodeIgniter->run()
#7 C:\xampp\htdocs\lrfoims\vendor\codeigniter4\framework\system\Commands\Server\rewrite.php(45): require_once('C:\\xampp\\htdocs...')
#8 {main}
CRITICAL - 2022-09-02 10:36:35 --> syntax error, unexpected ''>' (T_CONSTANT_ENCAPSED_STRING)
#0 C:\xampp\htdocs\lrfoims\vendor\codeigniter4\framework\system\View\View.php(222): CodeIgniter\View\View->CodeIgniter\View\{closure}()
#1 C:\xampp\htdocs\lrfoims\vendor\codeigniter4\framework\system\Common.php(1217): CodeIgniter\View\View->render('Modules\\OrderMa...', Array, true)
#2 C:\xampp\htdocs\lrfoims\modules\OrderManagement\Controllers\Order.php(56): view('Modules\\OrderMa...', Array)
#3 C:\xampp\htdocs\lrfoims\vendor\codeigniter4\framework\system\CodeIgniter.php(935): Modules\OrderManagement\Controllers\Order->retrievePlaceOrder()
#4 C:\xampp\htdocs\lrfoims\vendor\codeigniter4\framework\system\CodeIgniter.php(431): CodeIgniter\CodeIgniter->runController(Object(Modules\OrderManagement\Controllers\Order))
#5 C:\xampp\htdocs\lrfoims\vendor\codeigniter4\framework\system\CodeIgniter.php(332): CodeIgniter\CodeIgniter->handleRequest(NULL, Object(Config\Cache), false)
#6 C:\xampp\htdocs\lrfoims\public\index.php(44): CodeIgniter\CodeIgniter->run()
#7 C:\xampp\htdocs\lrfoims\vendor\codeigniter4\framework\system\Commands\Server\rewrite.php(45): require_once('C:\\xampp\\htdocs...')
#8 {main}
CRITICAL - 2022-09-02 10:36:35 --> syntax error, unexpected ''>' (T_CONSTANT_ENCAPSED_STRING)
#0 C:\xampp\htdocs\lrfoims\vendor\codeigniter4\framework\system\View\View.php(222): CodeIgniter\View\View->CodeIgniter\View\{closure}()
#1 C:\xampp\htdocs\lrfoims\vendor\codeigniter4\framework\system\Common.php(1217): CodeIgniter\View\View->render('Modules\\OrderMa...', Array, true)
#2 C:\xampp\htdocs\lrfoims\modules\OrderManagement\Controllers\Order.php(56): view('Modules\\OrderMa...', Array)
#3 C:\xampp\htdocs\lrfoims\vendor\codeigniter4\framework\system\CodeIgniter.php(935): Modules\OrderManagement\Controllers\Order->retrievePlaceOrder()
#4 C:\xampp\htdocs\lrfoims\vendor\codeigniter4\framework\system\CodeIgniter.php(431): CodeIgniter\CodeIgniter->runController(Object(Modules\OrderManagement\Controllers\Order))
#5 C:\xampp\htdocs\lrfoims\vendor\codeigniter4\framework\system\CodeIgniter.php(332): CodeIgniter\CodeIgniter->handleRequest(NULL, Object(Config\Cache), false)
#6 C:\xampp\htdocs\lrfoims\public\index.php(44): CodeIgniter\CodeIgniter->run()
#7 C:\xampp\htdocs\lrfoims\vendor\codeigniter4\framework\system\Commands\Server\rewrite.php(45): require_once('C:\\xampp\\htdocs...')
#8 {main}
CRITICAL - 2022-09-02 10:36:57 --> syntax error, unexpected ''>' (T_CONSTANT_ENCAPSED_STRING)
#0 C:\xampp\htdocs\lrfoims\vendor\codeigniter4\framework\system\View\View.php(222): CodeIgniter\View\View->CodeIgniter\View\{closure}()
#1 C:\xampp\htdocs\lrfoims\vendor\codeigniter4\framework\system\Common.php(1217): CodeIgniter\View\View->render('Modules\\OrderMa...', Array, true)
#2 C:\xampp\htdocs\lrfoims\modules\OrderManagement\Controllers\Order.php(56): view('Modules\\OrderMa...', Array)
#3 C:\xampp\htdocs\lrfoims\vendor\codeigniter4\framework\system\CodeIgniter.php(935): Modules\OrderManagement\Controllers\Order->retrievePlaceOrder()
#4 C:\xampp\htdocs\lrfoims\vendor\codeigniter4\framework\system\CodeIgniter.php(431): CodeIgniter\CodeIgniter->runController(Object(Modules\OrderManagement\Controllers\Order))
#5 C:\xampp\htdocs\lrfoims\vendor\codeigniter4\framework\system\CodeIgniter.php(332): CodeIgniter\CodeIgniter->handleRequest(NULL, Object(Config\Cache), false)
#6 C:\xampp\htdocs\lrfoims\public\index.php(44): CodeIgniter\CodeIgniter->run()
#7 C:\xampp\htdocs\lrfoims\vendor\codeigniter4\framework\system\Commands\Server\rewrite.php(45): require_once('C:\\xampp\\htdocs...')
#8 {main}
CRITICAL - 2022-09-02 10:36:57 --> syntax error, unexpected ''>' (T_CONSTANT_ENCAPSED_STRING)
#0 C:\xampp\htdocs\lrfoims\vendor\codeigniter4\framework\system\View\View.php(222): CodeIgniter\View\View->CodeIgniter\View\{closure}()
#1 C:\xampp\htdocs\lrfoims\vendor\codeigniter4\framework\system\Common.php(1217): CodeIgniter\View\View->render('Modules\\OrderMa...', Array, true)
#2 C:\xampp\htdocs\lrfoims\modules\OrderManagement\Controllers\Order.php(56): view('Modules\\OrderMa...', Array)
#3 C:\xampp\htdocs\lrfoims\vendor\codeigniter4\framework\system\CodeIgniter.php(935): Modules\OrderManagement\Controllers\Order->retrievePlaceOrder()
#4 C:\xampp\htdocs\lrfoims\vendor\codeigniter4\framework\system\CodeIgniter.php(431): CodeIgniter\CodeIgniter->runController(Object(Modules\OrderManagement\Controllers\Order))
#5 C:\xampp\htdocs\lrfoims\vendor\codeigniter4\framework\system\CodeIgniter.php(332): CodeIgniter\CodeIgniter->handleRequest(NULL, Object(Config\Cache), false)
#6 C:\xampp\htdocs\lrfoims\public\index.php(44): CodeIgniter\CodeIgniter->run()
#7 C:\xampp\htdocs\lrfoims\vendor\codeigniter4\framework\system\Commands\Server\rewrite.php(45): require_once('C:\\xampp\\htdocs...')
#8 {main}
CRITICAL - 2022-09-02 10:36:57 --> syntax error, unexpected ''>' (T_CONSTANT_ENCAPSED_STRING)
#0 C:\xampp\htdocs\lrfoims\vendor\codeigniter4\framework\system\View\View.php(222): CodeIgniter\View\View->CodeIgniter\View\{closure}()
#1 C:\xampp\htdocs\lrfoims\vendor\codeigniter4\framework\system\Common.php(1217): CodeIgniter\View\View->render('Modules\\OrderMa...', Array, true)
#2 C:\xampp\htdocs\lrfoims\modules\OrderManagement\Controllers\Order.php(56): view('Modules\\OrderMa...', Array)
#3 C:\xampp\htdocs\lrfoims\vendor\codeigniter4\framework\system\CodeIgniter.php(935): Modules\OrderManagement\Controllers\Order->retrievePlaceOrder()
#4 C:\xampp\htdocs\lrfoims\vendor\codeigniter4\framework\system\CodeIgniter.php(431): CodeIgniter\CodeIgniter->runController(Object(Modules\OrderManagement\Controllers\Order))
#5 C:\xampp\htdocs\lrfoims\vendor\codeigniter4\framework\system\CodeIgniter.php(332): CodeIgniter\CodeIgniter->handleRequest(NULL, Object(Config\Cache), false)
#6 C:\xampp\htdocs\lrfoims\public\index.php(44): CodeIgniter\CodeIgniter->run()
#7 C:\xampp\htdocs\lrfoims\vendor\codeigniter4\framework\system\Commands\Server\rewrite.php(45): require_once('C:\\xampp\\htdocs...')
#8 {main}
CRITICAL - 2022-09-02 10:36:57 --> syntax error, unexpected ''>' (T_CONSTANT_ENCAPSED_STRING)
#0 C:\xampp\htdocs\lrfoims\vendor\codeigniter4\framework\system\View\View.php(222): CodeIgniter\View\View->CodeIgniter\View\{closure}()
#1 C:\xampp\htdocs\lrfoims\vendor\codeigniter4\framework\system\Common.php(1217): CodeIgniter\View\View->render('Modules\\OrderMa...', Array, true)
#2 C:\xampp\htdocs\lrfoims\modules\OrderManagement\Controllers\Order.php(56): view('Modules\\OrderMa...', Array)
#3 C:\xampp\htdocs\lrfoims\vendor\codeigniter4\framework\system\CodeIgniter.php(935): Modules\OrderManagement\Controllers\Order->retrievePlaceOrder()
#4 C:\xampp\htdocs\lrfoims\vendor\codeigniter4\framework\system\CodeIgniter.php(431): CodeIgniter\CodeIgniter->runController(Object(Modules\OrderManagement\Controllers\Order))
#5 C:\xampp\htdocs\lrfoims\vendor\codeigniter4\framework\system\CodeIgniter.php(332): CodeIgniter\CodeIgniter->handleRequest(NULL, Object(Config\Cache), false)
#6 C:\xampp\htdocs\lrfoims\public\index.php(44): CodeIgniter\CodeIgniter->run()
#7 C:\xampp\htdocs\lrfoims\vendor\codeigniter4\framework\system\Commands\Server\rewrite.php(45): require_once('C:\\xampp\\htdocs...')
#8 {main}
CRITICAL - 2022-09-02 10:37:05 --> syntax error, unexpected ''>' (T_CONSTANT_ENCAPSED_STRING)
#0 C:\xampp\htdocs\lrfoims\vendor\codeigniter4\framework\system\View\View.php(222): CodeIgniter\View\View->CodeIgniter\View\{closure}()
#1 C:\xampp\htdocs\lrfoims\vendor\codeigniter4\framework\system\Common.php(1217): CodeIgniter\View\View->render('Modules\\OrderMa...', Array, true)
#2 C:\xampp\htdocs\lrfoims\modules\OrderManagement\Controllers\Order.php(56): view('Modules\\OrderMa...', Array)
#3 C:\xampp\htdocs\lrfoims\vendor\codeigniter4\framework\system\CodeIgniter.php(935): Modules\OrderManagement\Controllers\Order->retrievePlaceOrder()
#4 C:\xampp\htdocs\lrfoims\vendor\codeigniter4\framework\system\CodeIgniter.php(431): CodeIgniter\CodeIgniter->runController(Object(Modules\OrderManagement\Controllers\Order))
#5 C:\xampp\htdocs\lrfoims\vendor\codeigniter4\framework\system\CodeIgniter.php(332): CodeIgniter\CodeIgniter->handleRequest(NULL, Object(Config\Cache), false)
#6 C:\xampp\htdocs\lrfoims\public\index.php(44): CodeIgniter\CodeIgniter->run()
#7 C:\xampp\htdocs\lrfoims\vendor\codeigniter4\framework\system\Commands\Server\rewrite.php(45): require_once('C:\\xampp\\htdocs...')
#8 {main}
CRITICAL - 2022-09-02 10:37:05 --> syntax error, unexpected ''>' (T_CONSTANT_ENCAPSED_STRING)
#0 C:\xampp\htdocs\lrfoims\vendor\codeigniter4\framework\system\View\View.php(222): CodeIgniter\View\View->CodeIgniter\View\{closure}()
#1 C:\xampp\htdocs\lrfoims\vendor\codeigniter4\framework\system\Common.php(1217): CodeIgniter\View\View->render('Modules\\OrderMa...', Array, true)
#2 C:\xampp\htdocs\lrfoims\modules\OrderManagement\Controllers\Order.php(56): view('Modules\\OrderMa...', Array)
#3 C:\xampp\htdocs\lrfoims\vendor\codeigniter4\framework\system\CodeIgniter.php(935): Modules\OrderManagement\Controllers\Order->retrievePlaceOrder()
#4 C:\xampp\htdocs\lrfoims\vendor\codeigniter4\framework\system\CodeIgniter.php(431): CodeIgniter\CodeIgniter->runController(Object(Modules\OrderManagement\Controllers\Order))
#5 C:\xampp\htdocs\lrfoims\vendor\codeigniter4\framework\system\CodeIgniter.php(332): CodeIgniter\CodeIgniter->handleRequest(NULL, Object(Config\Cache), false)
#6 C:\xampp\htdocs\lrfoims\public\index.php(44): CodeIgniter\CodeIgniter->run()
#7 C:\xampp\htdocs\lrfoims\vendor\codeigniter4\framework\system\Commands\Server\rewrite.php(45): require_once('C:\\xampp\\htdocs...')
#8 {main}
CRITICAL - 2022-09-02 10:37:05 --> syntax error, unexpected ''>' (T_CONSTANT_ENCAPSED_STRING)
#0 C:\xampp\htdocs\lrfoims\vendor\codeigniter4\framework\system\View\View.php(222): CodeIgniter\View\View->CodeIgniter\View\{closure}()
#1 C:\xampp\htdocs\lrfoims\vendor\codeigniter4\framework\system\Common.php(1217): CodeIgniter\View\View->render('Modules\\OrderMa...', Array, true)
#2 C:\xampp\htdocs\lrfoims\modules\OrderManagement\Controllers\Order.php(56): view('Modules\\OrderMa...', Array)
#3 C:\xampp\htdocs\lrfoims\vendor\codeigniter4\framework\system\CodeIgniter.php(935): Modules\OrderManagement\Controllers\Order->retrievePlaceOrder()
#4 C:\xampp\htdocs\lrfoims\vendor\codeigniter4\framework\system\CodeIgniter.php(431): CodeIgniter\CodeIgniter->runController(Object(Modules\OrderManagement\Controllers\Order))
#5 C:\xampp\htdocs\lrfoims\vendor\codeigniter4\framework\system\CodeIgniter.php(332): CodeIgniter\CodeIgniter->handleRequest(NULL, Object(Config\Cache), false)
#6 C:\xampp\htdocs\lrfoims\public\index.php(44): CodeIgniter\CodeIgniter->run()
#7 C:\xampp\htdocs\lrfoims\vendor\codeigniter4\framework\system\Commands\Server\rewrite.php(45): require_once('C:\\xampp\\htdocs...')
#8 {main}
CRITICAL - 2022-09-02 10:37:05 --> syntax error, unexpected ''>' (T_CONSTANT_ENCAPSED_STRING)
#0 C:\xampp\htdocs\lrfoims\vendor\codeigniter4\framework\system\View\View.php(222): CodeIgniter\View\View->CodeIgniter\View\{closure}()
#1 C:\xampp\htdocs\lrfoims\vendor\codeigniter4\framework\system\Common.php(1217): CodeIgniter\View\View->render('Modules\\OrderMa...', Array, true)
#2 C:\xampp\htdocs\lrfoims\modules\OrderManagement\Controllers\Order.php(56): view('Modules\\OrderMa...', Array)
#3 C:\xampp\htdocs\lrfoims\vendor\codeigniter4\framework\system\CodeIgniter.php(935): Modules\OrderManagement\Controllers\Order->retrievePlaceOrder()
#4 C:\xampp\htdocs\lrfoims\vendor\codeigniter4\framework\system\CodeIgniter.php(431): CodeIgniter\CodeIgniter->runController(Object(Modules\OrderManagement\Controllers\Order))
#5 C:\xampp\htdocs\lrfoims\vendor\codeigniter4\framework\system\CodeIgniter.php(332): CodeIgniter\CodeIgniter->handleRequest(NULL, Object(Config\Cache), false)
#6 C:\xampp\htdocs\lrfoims\public\index.php(44): CodeIgniter\CodeIgniter->run()
#7 C:\xampp\htdocs\lrfoims\vendor\codeigniter4\framework\system\Commands\Server\rewrite.php(45): require_once('C:\\xampp\\htdocs...')
#8 {main}
CRITICAL - 2022-09-02 15:15:50 --> Argument 1 passed to view() must be of the type string, array given, called in C:\xampp\htdocs\lrfoims\modules\HomeManagement\Controllers\Home.php on line 20
#0 C:\xampp\htdocs\lrfoims\modules\HomeManagement\Controllers\Home.php(20): view(Array)
#1 C:\xampp\htdocs\lrfoims\vendor\codeigniter4\framework\system\CodeIgniter.php(935): Modules\HomeManagement\Controllers\Home->index()
#2 C:\xampp\htdocs\lrfoims\vendor\codeigniter4\framework\system\CodeIgniter.php(431): CodeIgniter\CodeIgniter->runController(Object(Modules\HomeManagement\Controllers\Home))
#3 C:\xampp\htdocs\lrfoims\vendor\codeigniter4\framework\system\CodeIgniter.php(332): CodeIgniter\CodeIgniter->handleRequest(NULL, Object(Config\Cache), false)
#4 C:\xampp\htdocs\lrfoims\public\index.php(44): CodeIgniter\CodeIgniter->run()
#5 C:\xampp\htdocs\lrfoims\vendor\codeigniter4\framework\system\Commands\Server\rewrite.php(45): require_once('C:\\xampp\\htdocs...')
#6 {main}
CRITICAL - 2022-09-02 15:16:15 --> Invalid file: .php
#0 C:\xampp\htdocs\lrfoims\vendor\codeigniter4\framework\system\View\View.php(203): CodeIgniter\Exceptions\FrameworkException::forInvalidFile('.php')
#1 C:\xampp\htdocs\lrfoims\vendor\codeigniter4\framework\system\Common.php(1217): CodeIgniter\View\View->render('', Array, true)
#2 C:\xampp\htdocs\lrfoims\modules\HomeManagement\Controllers\Home.php(20): view('', Array)
#3 C:\xampp\htdocs\lrfoims\vendor\codeigniter4\framework\system\CodeIgniter.php(935): Modules\HomeManagement\Controllers\Home->index()
#4 C:\xampp\htdocs\lrfoims\vendor\codeigniter4\framework\system\CodeIgniter.php(431): CodeIgniter\CodeIgniter->runController(Object(Modules\HomeManagement\Controllers\Home))
#5 C:\xampp\htdocs\lrfoims\vendor\codeigniter4\framework\system\CodeIgniter.php(332): CodeIgniter\CodeIgniter->handleRequest(NULL, Object(Config\Cache), false)
#6 C:\xampp\htdocs\lrfoims\public\index.php(44): CodeIgniter\CodeIgniter->run()
#7 C:\xampp\htdocs\lrfoims\vendor\codeigniter4\framework\system\Commands\Server\rewrite.php(45): require_once('C:\\xampp\\htdocs...')
#8 {main}
